C:\Program Files (x86)\MSBuild\Microsoft.Cpp\v4.0\V110\Microsoft.CppBuild.targets(346,5): warning MSB8004: Output Directory does not end with a trailing slash.  This build instance will add the slash as it is required to allow proper evaluation of the Output Directory.
  bucketalloc.c
  dict.c
  geom.c
  priorityq.c
  sweep.c
  tess.c
..\..\..\..\..\..\awd-sdk\cpp-libawd\lib\libtess2_master\Source\bucketalloc.c(66): warning C4267: 'function' : conversion from 'size_t' to 'unsigned int', possible loss of data
  mesh.c
  lodepng.cpp
  IceRadix3Passes.cpp
  IceRevisitedRadix.cpp
  StdAfx.cpp
  awd_project.cc
  AnimationClipBase.cc
  AnimationFrameBase.cc
  AttrElementBase.cc
  BlockBase.cc
  DataBlockBase.cc
  SceneBlockBase.cc
..\..\..\..\..\..\awd-sdk\cpp-libawd\lib\lode_png\lodepng.cpp(795): warning C4267: 'argument' : conversion from 'size_t' to 'unsigned int', possible loss of data
..\..\..\..\..\..\awd-sdk\cpp-libawd\lib\lode_png\lodepng.cpp(807): warning C4267: '=' : conversion from 'size_t' to 'unsigned int', possible loss of data
..\..\..\..\..\..\awd-sdk\cpp-libawd\lib\lode_png\lodepng.cpp(825): warning C4267: 'argument' : conversion from 'size_t' to 'unsigned int', possible loss of data
..\..\..\..\..\..\awd-sdk\cpp-libawd\lib\lode_png\lodepng.cpp(1433): warning C4267: '=' : conversion from 'size_t' to 'int', possible loss of data
..\..\..\..\..\..\awd-sdk\cpp-libawd\lib\lode_png\lodepng.cpp(1437): warning C4267: '=' : conversion from 'size_t' to 'int', possible loss of data
..\..\..\..\..\..\awd-sdk\cpp-libawd\lib\lode_png\lodepng.cpp(1509): warning C4267: '=' : conversion from 'size_t' to 'unsigned int', possible loss of data
..\..\..\..\..\..\awd-sdk\cpp-libawd\lib\lode_png\lodepng.cpp(3433): warning C4267: 'argument' : conversion from 'size_t' to 'unsigned int', possible loss of data
..\..\..\..\..\..\awd-sdk\cpp-libawd\lib\lode_png\lodepng.cpp(4226): warning C4267: '=' : conversion from 'size_t' to 'unsigned int', possible loss of data
..\..\..\..\..\..\awd-sdk\cpp-libawd\lib\lode_png\lodepng.cpp(4274): warning C4267: '=' : conversion from 'size_t' to 'unsigned int', possible loss of data
..\..\..\..\..\..\awd-sdk\cpp-libawd\lib\lode_png\lodepng.cpp(4354): warning C4267: '=' : conversion from 'size_t' to 'unsigned int', possible loss of data
..\..\..\..\..\..\awd-sdk\cpp-libawd\lib\lode_png\lodepng.cpp(5275): warning C4267: 'initializing' : conversion from 'size_t' to 'unsigned int', possible loss of data
  StateElementbase.cc
..\..\..\..\..\..\awd-sdk\cpp-libawd\src\awd_project.cc(261): warning C4267: '+=' : conversion from 'size_t' to 'int', possible loss of data
  AnimationSet.cc
  Animator.cc
  Audio.cc
  Billboard.cc
  BitmapTexture.cc
  Camera.cc
..\..\..\..\..\..\awd-sdk\cpp-libawd\src\blocks\Billboard.cc(65): warning C4267: 'initializing' : conversion from 'size_t' to 'AWD::TYPES::UINT32', possible loss of data
  Command.cc
  CubeTexture.cc
  EffectMethod.cc
  Font.cc
  Geometry.cc
  Light.cc
  LightPicker.cc
..\..\..\..\..\..\awd-sdk\cpp-libawd\src\blocks\Font.cc(57): warning C4267: '+=' : conversion from 'size_t' to 'AWD::TYPES::UINT32', possible loss of data
..\..\..\..\..\..\awd-sdk\cpp-libawd\src\blocks\Font.cc(82): warning C4267: 'argument' : conversion from 'size_t' to 'AWD::TYPES::UINT32', possible loss of data
  Material.cc
  MeshInst.cc
  MeshLibrary.cc
  MetaData.cc
  Namespace.cc
  ObjectContainer3D.cc
  Primitive.cc
  Scene.cc
  ShadowMethod.cc
  Skeleton.cc
  SkeletonAnimationClip.cc
  SkeletonPose.cc
..\..\..\..\..\..\awd-sdk\cpp-libawd\src\blocks\MeshLibrary.cc(69): warning C4267: 'initializing' : conversion from 'size_t' to 'AWD::TYPES::UINT32', possible loss of data
..\..\..\..\..\..\awd-sdk\cpp-libawd\src\blocks\MeshLibrary.cc(100): warning C4267: 'argument' : conversion from 'size_t' to 'AWD::TYPES::UINT16', possible loss of data
  SkyBox.cc
  TextElement.cc
  TextFormat.cc
  TextureProjector.cc
  Timeline.cc
  UVAnimationClip.cc
  UVPose.cc
  VertexAnimationClip.cc
..\..\..\..\..\..\awd-sdk\cpp-libawd\src\blocks\TextElement.cc(300): warning C4244: 'argument' : conversion from 'double' to 'AWD::TYPES::F32', possible loss of data
..\..\..\..\..\..\awd-sdk\cpp-libawd\src\blocks\TextElement.cc(301): warning C4244: 'argument' : conversion from 'double' to 'AWD::TYPES::F32', possible loss of data
..\..\..\..\..\..\awd-sdk\cpp-libawd\src\blocks\TextElement.cc(302): warning C4267: 'argument' : conversion from 'size_t' to 'AWD::TYPES::UINT32', possible loss of data
..\..\..\..\..\..\awd-sdk\cpp-libawd\src\blocks\TextFormat.cc(239): warning C4267: 'initializing' : conversion from 'size_t' to 'AWD::TYPES::UINT32', possible loss of data
..\..\..\..\..\..\awd-sdk\cpp-libawd\src\blocks\TextFormat.cc(241): warning C4267: '+=' : conversion from 'size_t' to 'AWD::TYPES::UINT32', possible loss of data
..\..\..\..\..\..\awd-sdk\cpp-libawd\src\blocks\TextFormat.cc(243): warning C4267: '+=' : conversion from 'size_t' to 'AWD::TYPES::UINT32', possible loss of data
..\..\..\..\..\..\awd-sdk\cpp-libawd\src\blocks\TextFormat.cc(327): warning C4267: 'argument' : conversion from 'size_t' to 'AWD::TYPES::UINT8', possible loss of data
..\..\..\..\..\..\awd-sdk\cpp-libawd\src\blocks\TextFormat.cc(329): warning C4244: 'argument' : conversion from 'double' to 'AWD::TYPES::F32', possible loss of data
  VertexPose.cc
  AttrBase.cc
  NumAttr.cc
  NumAttrList.cc
..\..\..\..\..\..\awd-sdk\cpp-libawd\src\blocks\Timeline.cc(331): warning C4267: 'initializing' : conversion from 'size_t' to 'int', possible loss of data
..\..\..\..\..\..\awd-sdk\cpp-libawd\src\blocks\Timeline.cc(399): warning C4267: '+=' : conversion from 'size_t' to 'AWD::TYPES::UINT32', possible loss of data
..\..\..\..\..\..\awd-sdk\cpp-libawd\src\blocks\Timeline.cc(401): warning C4267: '+=' : conversion from 'size_t' to 'AWD::TYPES::UINT32', possible loss of data
..\..\..\..\..\..\awd-sdk\cpp-libawd\src\blocks\Timeline.cc(404): warning C4267: '+=' : conversion from 'size_t' to 'AWD::TYPES::UINT32', possible loss of data
..\..\..\..\..\..\awd-sdk\cpp-libawd\src\blocks\Timeline.cc(470): warning C4267: '=' : conversion from 'size_t' to 'int', possible loss of data
..\..\..\..\..\..\awd-sdk\cpp-libawd\src\blocks\Timeline.cc(480): warning C4267: '=' : conversion from 'size_t' to 'int', possible loss of data
..\..\..\..\..\..\awd-sdk\cpp-libawd\src\blocks\Timeline.cc(541): warning C4244: 'argument' : conversion from 'AWD::TYPES::UINT16' to 'AWD::TYPES::UINT8', possible loss of data
..\..\..\..\..\..\awd-sdk\cpp-libawd\src\blocks\Timeline.cc(542): warning C4244: 'argument' : conversion from 'AWD::TYPES::F64' to 'AWD::TYPES::F32', possible loss of data
..\..\..\..\..\..\awd-sdk\cpp-libawd\src\blocks\Timeline.cc(558): warning C4267: 'argument' : conversion from 'size_t' to 'AWD::TYPES::UINT16', possible loss of data
  UserAttr.cc
  UserAttrList.cc
  BlockInstance.cc
  FontElements.cc
  FrameCommandBase.cc
  FrameCommandDisplayObject.cc
  FrameCommandRemoveObject.cc
  FrameCommandSoundObject.cc
  DataStream.cc
  DataStreamAttrBase.cc
..\..\..\..\..\..\awd-sdk\cpp-libawd\src\elements\FontElements.cc(237): warning C4267: '+=' : conversion from 'size_t' to 'AWD::TYPES::UINT32', possible loss of data
..\..\..\..\..\..\awd-sdk\cpp-libawd\src\elements\FontElements.cc(252): warning C4244: 'argument' : conversion from 'double' to 'AWD::TYPES::UINT32', possible loss of data
..\..\..\..\..\..\awd-sdk\cpp-libawd\src\elements\FontElements.cc(253): warning C4267: 'argument' : conversion from 'size_t' to 'AWD::TYPES::UINT32', possible loss of data
  geom_types.cc
..\..\..\..\..\..\awd-sdk\cpp-libawd\src\elements\FrameCommandDisplayObject.cc(423): warning C4267: '+=' : conversion from 'size_t' to 'int', possible loss of data
..\..\..\..\..\..\awd-sdk\cpp-libawd\src\elements\FrameCommandRemoveObject.cc(81): warning C4267: '+=' : conversion from 'size_t' to 'int', possible loss of data
  Path.cc
  PathSegment.cc
  FilledRegion.cc
  SharedVertex.cc
  SubGeom.cc
  SubGeomInternal.cc
  Triangle.cc
  Vertex.cc
..\..\..\..\..\..\awd-sdk\cpp-libawd\src\elements\geom\Path.cc(140): warning C4244: '=' : conversion from 'double' to 'int', possible loss of data
..\..\..\..\..\..\awd-sdk\cpp-libawd\src\elements\geom\Path.cc(142): warning C4244: '=' : conversion from 'double' to 'int', possible loss of data
..\..\..\..\..\..\awd-sdk\cpp-libawd\src\elements\geom\Path.cc(144): warning C4244: '=' : conversion from 'double' to 'int', possible loss of data
..\..\..\..\..\..\awd-sdk\cpp-libawd\src\elements\geom\Path.cc(146): warning C4244: '=' : conversion from 'double' to 'int', possible loss of data
..\..\..\..\..\..\awd-sdk\cpp-libawd\src\elements\geom\Path.cc(187): warning C4244: '=' : conversion from 'AWD::TYPES::F64' to 'float', possible loss of data
..\..\..\..\..\..\awd-sdk\cpp-libawd\src\elements\geom\Path.cc(188): warning C4244: '=' : conversion from 'AWD::TYPES::F64' to 'float', possible loss of data
..\..\..\..\..\..\awd-sdk\cpp-libawd\src\elements\geom\Path.cc(195): warning C4244: '=' : conversion from 'AWD::TYPES::F64' to 'float', possible loss of data
..\..\..\..\..\..\awd-sdk\cpp-libawd\src\elements\geom\Path.cc(196): warning C4244: '=' : conversion from 'AWD::TYPES::F64' to 'float', possible loss of data
..\..\..\..\..\..\awd-sdk\cpp-libawd\src\elements\geom\Path.cc(281): warning C4244: 'argument' : conversion from 'AWD::TYPES::F64' to 'float', possible loss of data
..\..\..\..\..\..\awd-sdk\cpp-libawd\src\elements\geom\Path.cc(328): warning C4267: 'return' : conversion from 'size_t' to 'AWD::TYPES::UINT32', possible loss of data
  ShadingMethod.cc
..\..\..\..\..\..\awd-sdk\cpp-libawd\src\elements\geom\PathSegment.cc(55): warning C4244: '=' : conversion from 'AWD::TYPES::F64' to 'int', possible loss of data
..\..\..\..\..\..\awd-sdk\cpp-libawd\src\elements\geom\PathSegment.cc(56): warning C4244: '=' : conversion from 'AWD::TYPES::F64' to 'int', possible loss of data
..\..\..\..\..\..\awd-sdk\cpp-libawd\src\elements\geom\PathSegment.cc(59): warning C4244: '=' : conversion from 'AWD::TYPES::F64' to 'int', possible loss of data
..\..\..\..\..\..\awd-sdk\cpp-libawd\src\elements\geom\PathSegment.cc(60): warning C4244: '=' : conversion from 'AWD::TYPES::F64' to 'int', possible loss of data
..\..\..\..\..\..\awd-sdk\cpp-libawd\src\elements\geom\PathSegment.cc(63): warning C4244: '=' : conversion from 'AWD::TYPES::F64' to 'int', possible loss of data
..\..\..\..\..\..\awd-sdk\cpp-libawd\src\elements\geom\PathSegment.cc(64): warning C4244: '=' : conversion from 'AWD::TYPES::F64' to 'int', possible loss of data
..\..\..\..\..\..\awd-sdk\cpp-libawd\src\elements\geom\PathSegment.cc(67): warning C4244: '=' : conversion from 'AWD::TYPES::F64' to 'int', possible loss of data
..\..\..\..\..\..\awd-sdk\cpp-libawd\src\elements\geom\PathSegment.cc(68): warning C4244: '=' : conversion from 'AWD::TYPES::F64' to 'int', possible loss of data
..\..\..\..\..\..\awd-sdk\cpp-libawd\src\elements\geom\PathSegment.cc(72): warning C4244: '=' : conversion from 'double' to 'int', possible loss of data
..\..\..\..\..\..\awd-sdk\cpp-libawd\src\elements\geom\PathSegment.cc(73): warning C4244: '=' : conversion from 'double' to 'int', possible loss of data
..\..\..\..\..\..\awd-sdk\cpp-libawd\src\elements\geom\PathSegment.cc(74): warning C4244: '=' : conversion from 'double' to 'int', possible loss of data
..\..\..\..\..\..\awd-sdk\cpp-libawd\src\elements\geom\PathSegment.cc(75): warning C4244: '=' : conversion from 'double' to 'int', possible loss of data
  SkeletonJoint.cc
  TimelineDepthManager.cc
..\..\..\..\..\..\awd-sdk\cpp-libawd\src\elements\geom\SubGeom.cc(293): warning C4244: 'initializing' : conversion from 'double' to 'int', possible loss of data
..\..\..\..\..\..\awd-sdk\cpp-libawd\src\elements\geom\SubGeom.cc(315): warning C4244: 'initializing' : conversion from 'double' to 'int', possible loss of data
  TimeLineFrame.cc
  AWDFile.cc
  awdlzma.cc
  awdzlib.cc
  FileReader.cc
  FileWriter.cc
  DirentWin.cpp
  geomutil.cc
  geomutil_helper.cc
..\..\..\..\..\..\awd-sdk\cpp-libawd\src\elements\TimelineDepthManager.cc(116): warning C4267: 'initializing' : conversion from 'size_t' to 'int', possible loss of data
..\..\..\..\..\..\awd-sdk\cpp-libawd\src\elements\TimelineDepthManager.cc(135): warning C4267: '=' : conversion from 'size_t' to 'int', possible loss of data
..\..\..\..\..\..\awd-sdk\cpp-libawd\src\elements\TimelineDepthManager.cc(184): warning C4267: 'initializing' : conversion from 'size_t' to 'int', possible loss of data
..\..\..\..\..\..\awd-sdk\cpp-libawd\src\elements\TimelineDepthManager.cc(317): warning C4267: 'initializing' : conversion from 'size_t' to 'int', possible loss of data
..\..\..\..\..\..\awd-sdk\cpp-libawd\src\elements\TimeLineFrame.cc(343): warning C4267: '+=' : conversion from 'size_t' to 'int', possible loss of data
  Settings.cc
  texture_atlas_util.cc
  util.cc
..\..\..\..\..\..\awd-sdk\cpp-libawd\src\utils\geomutil\geomutil_helper.cc(46): warning C4244: 'argument' : conversion from 'AWD::TYPES::F64' to 'float', possible loss of data
..\..\..\..\..\..\awd-sdk\cpp-libawd\src\utils\geomutil\geomutil_helper.cc(47): warning C4244: 'argument' : conversion from 'AWD::TYPES::F64' to 'float', possible loss of data
..\..\..\..\..\..\awd-sdk\cpp-libawd\src\utils\geomutil\geomutil_helper.cc(48): warning C4244: 'argument' : conversion from 'AWD::TYPES::F64' to 'float', possible loss of data
..\..\..\..\..\..\awd-sdk\cpp-libawd\src\utils\geomutil\geomutil.cc(59): warning C4244: 'argument' : conversion from 'AWD::TYPES::F64' to 'AWD::TYPES::F32', possible loss of data
..\..\..\..\..\..\awd-sdk\cpp-libawd\src\utils\geomutil\geomutil.cc(60): warning C4244: 'argument' : conversion from 'AWD::TYPES::F64' to 'AWD::TYPES::F32', possible loss of data
..\..\..\..\..\..\awd-sdk\cpp-libawd\src\utils\geomutil\geomutil.cc(64): warning C4244: 'argument' : conversion from 'AWD::TYPES::F64' to 'AWD::TYPES::F32', possible loss of data
..\..\..\..\..\..\awd-sdk\cpp-libawd\src\utils\geomutil\geomutil.cc(65): warning C4244: 'argument' : conversion from 'AWD::TYPES::F64' to 'AWD::TYPES::F32', possible loss of data
..\..\..\..\..\..\awd-sdk\cpp-libawd\src\utils\geomutil\geomutil.cc(66): warning C4244: 'argument' : conversion from 'AWD::TYPES::F64' to 'AWD::TYPES::F32', possible loss of data
..\..\..\..\..\..\awd-sdk\cpp-libawd\src\utils\geomutil\geomutil.cc(67): warning C4244: 'argument' : conversion from 'AWD::TYPES::F64' to 'AWD::TYPES::F32', possible loss of data
..\..\..\..\..\..\awd-sdk\cpp-libawd\src\utils\geomutil\geomutil.cc(71): warning C4244: 'argument' : conversion from 'AWD::TYPES::F64' to 'AWD::TYPES::F32', possible loss of data
..\..\..\..\..\..\awd-sdk\cpp-libawd\src\utils\geomutil\geomutil.cc(72): warning C4244: 'argument' : conversion from 'AWD::TYPES::F64' to 'AWD::TYPES::F32', possible loss of data
..\..\..\..\..\..\awd-sdk\cpp-libawd\src\utils\geomutil\geomutil.cc(73): warning C4244: 'argument' : conversion from 'AWD::TYPES::F64' to 'AWD::TYPES::F32', possible loss of data
..\..\..\..\..\..\awd-sdk\cpp-libawd\src\utils\geomutil\geomutil.cc(77): warning C4244: 'argument' : conversion from 'AWD::TYPES::F64' to 'AWD::TYPES::F32', possible loss of data
..\..\..\..\..\..\awd-sdk\cpp-libawd\src\utils\geomutil\geomutil.cc(78): warning C4244: 'argument' : conversion from 'AWD::TYPES::F64' to 'AWD::TYPES::F32', possible loss of data
..\..\..\..\..\..\awd-sdk\cpp-libawd\src\utils\geomutil\geomutil.cc(104): warning C4244: '=' : conversion from 'AWD::TYPES::F64' to 'AWD::TYPES::F32', possible loss of data
..\..\..\..\..\..\awd-sdk\cpp-libawd\src\utils\geomutil\geomutil.cc(105): warning C4244: '=' : conversion from 'AWD::TYPES::F64' to 'AWD::TYPES::F32', possible loss of data
..\..\..\..\..\..\awd-sdk\cpp-libawd\src\utils\geomutil\geomutil.cc(109): warning C4244: '=' : conversion from 'AWD::TYPES::F64' to 'AWD::TYPES::F32', possible loss of data
..\..\..\..\..\..\awd-sdk\cpp-libawd\src\utils\geomutil\geomutil.cc(110): warning C4244: '=' : conversion from 'AWD::TYPES::F64' to 'AWD::TYPES::F32', possible loss of data
..\..\..\..\..\..\awd-sdk\cpp-libawd\src\utils\geomutil\geomutil.cc(111): warning C4244: '=' : conversion from 'AWD::TYPES::F64' to 'AWD::TYPES::F32', possible loss of data
..\..\..\..\..\..\awd-sdk\cpp-libawd\src\utils\geomutil\geomutil.cc(112): warning C4244: '=' : conversion from 'AWD::TYPES::F64' to 'AWD::TYPES::F32', possible loss of data
..\..\..\..\..\..\awd-sdk\cpp-libawd\src\utils\geomutil\geomutil.cc(116): warning C4244: '=' : conversion from 'AWD::TYPES::F64' to 'AWD::TYPES::F32', possible loss of data
..\..\..\..\..\..\awd-sdk\cpp-libawd\src\utils\geomutil\geomutil.cc(117): warning C4244: '=' : conversion from 'AWD::TYPES::F64' to 'AWD::TYPES::F32', possible loss of data
..\..\..\..\..\..\awd-sdk\cpp-libawd\src\utils\geomutil\geomutil.cc(121): warning C4244: '=' : conversion from 'AWD::TYPES::F64' to 'AWD::TYPES::F32', possible loss of data
..\..\..\..\..\..\awd-sdk\cpp-libawd\src\utils\geomutil\geomutil.cc(122): warning C4244: '=' : conversion from 'AWD::TYPES::F64' to 'AWD::TYPES::F32', possible loss of data
..\..\..\..\..\..\awd-sdk\cpp-libawd\src\utils\geomutil\geomutil.cc(123): warning C4244: '=' : conversion from 'AWD::TYPES::F64' to 'AWD::TYPES::F32', possible loss of data
..\..\..\..\..\..\awd-sdk\cpp-libawd\src\utils\geomutil\geomutil.cc(228): warning C4267: '+=' : conversion from 'size_t' to 'int', possible loss of data
  AWDTimelineWriter.cpp
..\..\..\..\..\..\awd-sdk\cpp-libawd\src\utils\geomutil\geomutil.cc(340): warning C4267: '=' : conversion from 'size_t' to 'int', possible loss of data
  RessourcePalette.cpp
..\..\..\..\..\..\awd-sdk\cpp-libawd\src\utils\geomutil\geomutil.cc(815): warning C4267: 'argument' : conversion from 'size_t' to 'udword', possible loss of data
..\..\..\..\..\..\awd-sdk\cpp-libawd\src\utils\geomutil\geomutil.cc(903): warning C4244: 'argument' : conversion from 'AWD::TYPES::F64' to 'float', possible loss of data
..\..\..\..\..\..\awd-sdk\cpp-libawd\src\utils\geomutil\geomutil.cc(982): warning C4267: '+=' : conversion from 'size_t' to 'int', possible loss of data
..\..\..\..\..\..\awd-sdk\cpp-libawd\src\utils\geomutil\geomutil.cc(987): warning C4267: '+=' : conversion from 'size_t' to 'int', possible loss of data
  TimeLineBuilder.cpp
..\..\..\..\..\..\awd-sdk\cpp-libawd\src\utils\geomutil\geomutil.cc(1183): warning C4244: '=' : conversion from 'AWD::TYPES::F64' to 'TESSreal', possible loss of data
..\..\..\..\..\..\awd-sdk\cpp-libawd\src\utils\geomutil\geomutil.cc(1184): warning C4244: '=' : conversion from 'AWD::TYPES::F64' to 'TESSreal', possible loss of data
..\..\..\..\..\..\awd-sdk\cpp-libawd\src\utils\geomutil\geomutil.cc(1187): warning C4244: '=' : conversion from 'AWD::TYPES::F64' to 'TESSreal', possible loss of data
..\..\..\..\..\..\awd-sdk\cpp-libawd\src\utils\geomutil\geomutil.cc(1188): warning C4244: '=' : conversion from 'AWD::TYPES::F64' to 'TESSreal', possible loss of data
..\..\..\..\..\..\awd-sdk\cpp-libawd\src\utils\geomutil\geomutil.cc(1385): warning C4244: 'argument' : conversion from 'AWD::TYPES::F64' to 'float', possible loss of data
..\..\..\..\..\..\awd-sdk\cpp-libawd\src\utils\texture_atlas_util.cc(68): warning C4244: '=' : conversion from 'double' to 'float', possible loss of data
..\..\..\..\..\..\awd-sdk\cpp-libawd\src\utils\texture_atlas_util.cc(69): warning C4244: '=' : conversion from 'double' to 'float', possible loss of data
..\..\..\..\..\..\awd-sdk\cpp-libawd\src\utils\texture_atlas_util.cc(154): warning C4244: '=' : conversion from 'float' to 'int', possible loss of data
..\..\..\..\..\..\awd-sdk\cpp-libawd\src\utils\texture_atlas_util.cc(196): warning C4244: '=' : conversion from 'int' to 'float', possible loss of data
..\..\..\..\..\..\awd-sdk\cpp-libawd\src\utils\texture_atlas_util.cc(197): warning C4244: '=' : conversion from 'int' to 'float', possible loss of data
..\..\..\..\..\..\awd-sdk\cpp-libawd\src\utils\texture_atlas_util.cc(198): warning C4244: '=' : conversion from 'int' to 'float', possible loss of data
..\..\..\..\..\..\awd-sdk\cpp-libawd\src\utils\texture_atlas_util.cc(199): warning C4244: '=' : conversion from 'int' to 'float', possible loss of data
..\..\..\..\..\..\awd-sdk\cpp-libawd\src\utils\texture_atlas_util.cc(295): warning C4244: 'argument' : conversion from 'double' to 'AWD::TYPES::UINT32', possible loss of data
..\..\..\..\..\..\awd-sdk\cpp-libawd\src\utils\texture_atlas_util.cc(296): warning C4244: '=' : conversion from 'AWD::TYPES::F64' to 'unsigned char', possible loss of data
..\..\..\..\..\..\awd-sdk\cpp-libawd\src\utils\texture_atlas_util.cc(297): warning C4244: '=' : conversion from 'AWD::TYPES::F64' to 'unsigned char', possible loss of data
..\..\..\..\..\..\awd-sdk\cpp-libawd\src\utils\texture_atlas_util.cc(298): warning C4244: '=' : conversion from 'AWD::TYPES::F64' to 'unsigned char', possible loss of data
..\..\..\..\..\..\awd-sdk\cpp-libawd\src\utils\texture_atlas_util.cc(299): warning C4244: '=' : conversion from 'AWD::TYPES::F64' to 'unsigned char', possible loss of data
..\..\..\..\..\..\awd-sdk\cpp-libawd\src\utils\texture_atlas_util.cc(307): warning C4244: 'initializing' : conversion from 'double' to 'AWD::TYPES::UINT32', possible loss of data
..\..\..\..\..\..\awd-sdk\cpp-libawd\src\utils\texture_atlas_util.cc(310): warning C4018: '<' : signed/unsigned mismatch
..\..\..\..\..\..\awd-sdk\cpp-libawd\src\utils\texture_atlas_util.cc(324): warning C4244: 'argument' : conversion from 'double' to 'AWD::TYPES::UINT32', possible loss of data
..\..\..\..\..\..\awd-sdk\cpp-libawd\src\utils\texture_atlas_util.cc(329): warning C4244: '=' : conversion from 'AWD::TYPES::F64' to 'unsigned char', possible loss of data
..\..\..\..\..\..\awd-sdk\cpp-libawd\src\utils\texture_atlas_util.cc(330): warning C4244: '=' : conversion from 'AWD::TYPES::F64' to 'unsigned char', possible loss of data
..\..\..\..\..\..\awd-sdk\cpp-libawd\src\utils\texture_atlas_util.cc(331): warning C4244: '=' : conversion from 'AWD::TYPES::F64' to 'unsigned char', possible loss of data
..\..\..\..\..\..\awd-sdk\cpp-libawd\src\utils\texture_atlas_util.cc(332): warning C4244: '=' : conversion from 'AWD::TYPES::F64' to 'unsigned char', possible loss of data
..\..\..\..\..\..\awd-sdk\cpp-libawd\src\utils\texture_atlas_util.cc(375): warning C4244: 'initializing' : conversion from 'double' to 'int', possible loss of data
..\..\..\..\..\..\awd-sdk\cpp-libawd\src\utils\texture_atlas_util.cc(393): warning C4244: '=' : conversion from 'AWD::TYPES::F64' to 'unsigned char', possible loss of data
..\..\..\..\..\..\awd-sdk\cpp-libawd\src\utils\texture_atlas_util.cc(394): warning C4244: '=' : conversion from 'AWD::TYPES::F64' to 'unsigned char', possible loss of data
..\..\..\..\..\..\awd-sdk\cpp-libawd\src\utils\texture_atlas_util.cc(395): warning C4244: '=' : conversion from 'AWD::TYPES::F64' to 'unsigned char', possible loss of data
..\..\..\..\..\..\awd-sdk\cpp-libawd\src\utils\texture_atlas_util.cc(396): warning C4244: '=' : conversion from 'AWD::TYPES::F64' to 'unsigned char', possible loss of data
  DocType.cpp
  FlashToAWDEncoder.cpp
..\..\src\adobe_frame_commands\AWDTimelineWriter.cpp(340): warning C4800: 'FCM::Boolean' : forcing value to bool 'true' or 'false' (performance warning)
..\..\..\..\..\..\awd-sdk\cpp-libawd\src\utils\util.cc(590): warning C4996: 'mkdir': The POSIX name for this item is deprecated. Instead, use the ISO C++ conformant name: _mkdir. See online help for details.
          C:\Program Files (x86)\visual2012\VC\include\direct.h(140) : see declaration of 'mkdir'
  FlashToAWDEncoder_mediaItems.cpp
  FlashToAWDEncoder_fills.cpp
  FlashToAWDEncoder_fonts.cpp
  FlashToAWDEncoder_shapes.cpp
  Main.cpp
  MyXmlParser.cpp
  Publisher.cpp
..\..\src\FlashToAWDEncoder_fills.cpp(154): warning C4244: 'argument' : conversion from 'double' to 'AWD::TYPES::F32', possible loss of data
  PublisherUtils.cpp
  TimelineEncoder.cpp
..\..\src\Publisher.cpp(532): warning C4267: '=' : conversion from 'size_t' to 'int', possible loss of data
..\..\src\Publisher.cpp(543): warning C4267: '=' : conversion from 'size_t' to 'int', possible loss of data
..\..\src\Publisher.cpp(548): warning C4267: '=' : conversion from 'size_t' to 'int', possible loss of data
..\..\src\Publisher.cpp(553): warning C4267: '=' : conversion from 'size_t' to 'int', possible loss of data
..\..\src\Publisher.cpp(558): warning C4267: '=' : conversion from 'size_t' to 'int', possible loss of data
..\..\src\Publisher.cpp(563): warning C4267: '=' : conversion from 'size_t' to 'int', possible loss of data
..\..\src\Publisher.cpp(569): warning C4267: '=' : conversion from 'size_t' to 'int', possible loss of data
..\..\src\Publisher.cpp(575): warning C4267: '=' : conversion from 'size_t' to 'int', possible loss of data
..\..\src\Publisher.cpp(580): warning C4267: '=' : conversion from 'size_t' to 'int', possible loss of data
..\..\src\Publisher.cpp(583): warning C4267: '=' : conversion from 'size_t' to 'int', possible loss of data
..\..\src\Publisher.cpp(616): warning C4267: '=' : conversion from 'size_t' to 'int', possible loss of data
..\..\src\Publisher.cpp(629): warning C4267: '=' : conversion from 'size_t' to 'int', possible loss of data
..\..\src\Publisher.cpp(634): warning C4267: '=' : conversion from 'size_t' to 'int', possible loss of data
..\..\src\Publisher.cpp(645): warning C4267: '=' : conversion from 'size_t' to 'int', possible loss of data
..\..\src\Publisher.cpp(650): warning C4267: '=' : conversion from 'size_t' to 'int', possible loss of data
..\..\src\Publisher.cpp(655): warning C4267: '=' : conversion from 'size_t' to 'int', possible loss of data
..\..\src\Publisher.cpp(660): warning C4267: '=' : conversion from 'size_t' to 'int', possible loss of data
..\..\src\Publisher.cpp(665): warning C4267: '=' : conversion from 'size_t' to 'int', possible loss of data
..\..\src\Publisher.cpp(670): warning C4267: '=' : conversion from 'size_t' to 'int', possible loss of data
..\..\src\Publisher.cpp(684): warning C4267: '=' : conversion from 'size_t' to 'int', possible loss of data
..\..\src\Publisher.cpp(711): warning C4267: '=' : conversion from 'size_t' to 'int', possible loss of data
..\..\src\Publisher.cpp(724): warning C4267: '=' : conversion from 'size_t' to 'int', possible loss of data
..\..\src\Publisher.cpp(729): warning C4267: '=' : conversion from 'size_t' to 'int', possible loss of data
..\..\src\Publisher.cpp(740): warning C4267: '=' : conversion from 'size_t' to 'int', possible loss of data
..\..\src\Publisher.cpp(745): warning C4267: '=' : conversion from 'size_t' to 'int', possible loss of data
..\..\src\Publisher.cpp(750): warning C4267: '=' : conversion from 'size_t' to 'int', possible loss of data
..\..\src\Publisher.cpp(755): warning C4267: '=' : conversion from 'size_t' to 'int', possible loss of data
..\..\src\Publisher.cpp(760): warning C4267: '=' : conversion from 'size_t' to 'int', possible loss of data
..\..\src\Publisher.cpp(765): warning C4267: '=' : conversion from 'size_t' to 'int', possible loss of data
..\..\src\Publisher.cpp(864): warning C4267: '=' : conversion from 'size_t' to 'int', possible loss of data
  Utils.cpp
..\..\src\FlashToAWDEncoder_fonts.cpp(119): warning C4800: 'FCM::Boolean' : forcing value to bool 'true' or 'false' (performance warning)
..\..\src\FlashToAWDEncoder_fonts.cpp(150): warning C4800: 'FCM::Boolean' : forcing value to bool 'true' or 'false' (performance warning)
..\..\src\FlashToAWDEncoder_fonts.cpp(154): warning C4800: 'FCM::Boolean' : forcing value to bool 'true' or 'false' (performance warning)
..\..\src\FlashToAWDEncoder_fonts.cpp(158): warning C4800: 'FCM::Boolean' : forcing value to bool 'true' or 'false' (performance warning)
..\..\src\FlashToAWDEncoder_fonts.cpp(176): warning C4018: '<' : signed/unsigned mismatch
..\..\src\FlashToAWDEncoder_fonts.cpp(211): warning C4018: '<' : signed/unsigned mismatch
..\..\src\FlashToAWDEncoder_fonts.cpp(283): warning C4244: 'argument' : conversion from 'double' to 'AWD::TYPES::F32', possible loss of data
..\..\src\FlashToAWDEncoder_fonts.cpp(292): warning C4800: 'FCM::Boolean' : forcing value to bool 'true' or 'false' (performance warning)
..\..\src\FlashToAWDEncoder_fonts.cpp(293): warning C4800: 'FCM::Boolean' : forcing value to bool 'true' or 'false' (performance warning)
..\..\src\TimelineEncoder.cpp(116): warning C4267: 'initializing' : conversion from 'size_t' to 'int', possible loss of data
..\..\src\TimelineEncoder.cpp(127): warning C4018: '<' : signed/unsigned mismatch
..\..\src\TimelineEncoder.cpp(170): warning C4244: '=' : conversion from 'double' to 'udword', possible loss of data
..\..\src\TimelineEncoder.cpp(172): warning C4267: 'argument' : conversion from 'size_t' to 'udword', possible loss of data
..\..\src\TimelineEncoder.cpp(186): warning C4267: '=' : conversion from 'size_t' to 'int', possible loss of data
..\..\src\TimelineEncoder.cpp(212): warning C4267: '=' : conversion from 'size_t' to 'int', possible loss of data
..\..\src\TimelineEncoder.cpp(271): warning C4244: 'initializing' : conversion from 'double' to 'int', possible loss of data
..\..\src\TimelineEncoder.cpp(299): warning C4244: '=' : conversion from 'double' to 'udword', possible loss of data
..\..\src\TimelineEncoder.cpp(422): warning C4267: '=' : conversion from 'size_t' to 'AWD::TYPES::INT16', possible loss of data
..\..\src\TimelineEncoder.cpp(527): warning C4267: 'argument' : conversion from 'size_t' to 'int', possible loss of data
..\..\src\TimelineEncoder.cpp(640): warning C4018: '>=' : signed/unsigned mismatch
..\..\src\TimelineEncoder.cpp(724): warning C4018: '<' : signed/unsigned mismatch
..\..\src\TimelineEncoder.cpp(650): warning C4101: 'link_type' : unreferenced local variable
..\..\src\TimelineEncoder.cpp(820): warning C4018: '<' : signed/unsigned mismatch
..\..\src\TimelineEncoder.cpp(895): warning C4018: '<' : signed/unsigned mismatch
..\..\src\TimelineEncoder.cpp(1009): warning C4800: 'FCM::Boolean' : forcing value to bool 'true' or 'false' (performance warning)
     Creating library C:\Program Files (x86)\Common Files\Adobe\CEP\extensions\AwayExtensionsFlashPro\plugin\lib\win\AwayExtensionsFlashPro.lib and object C:\Program Files (x86)\Common Files\Adobe\CEP\extensions\AwayExtensionsFlashPro\plugin\lib\win\AwayExtensionsFlashPro.exp
  AwayExtensionsFlashPro.vcxproj -> C:\Program Files (x86)\Common Files\Adobe\CEP\extensions\AwayExtensionsFlashPro\plugin\lib\win\AwayExtensionsFlashPro.fcm
