C:\USERS\80PROZENT\DOCUMENTS\GITHUB\ICYCLE_PROJECT\FLASHPRO_AWD_PUBLISHER\CPP\AWAYEXTENSIONSFLASHPRO\PROJECT\WIN\X64\RELEASE\VC110.PDB
C:\USERS\80PROZENT\DOCUMENTS\GITHUB\ICYCLE_PROJECT\FLASHPRO_AWD_PUBLISHER\CPP\AWAYEXTENSIONSFLASHPRO\PROJECT\WIN\X64\RELEASE\AWAYEXTENSIONSFLASHPRO.RES
C:\Users\80prozent\Documents\GitHub\icycle_project\flashpro_awd_publisher\cpp\AwayExtensionsFlashPro\project\win\x64\Release\DocType.obj
C:\Users\80prozent\Documents\GitHub\icycle_project\flashpro_awd_publisher\cpp\AwayExtensionsFlashPro\project\win\x64\Release\Main.obj
C:\Users\80prozent\Documents\GitHub\icycle_project\flashpro_awd_publisher\cpp\AwayExtensionsFlashPro\project\win\x64\Release\MyXmlParser.obj
C:\Users\80prozent\Documents\GitHub\icycle_project\flashpro_awd_publisher\cpp\AwayExtensionsFlashPro\project\win\x64\Release\OutputWriter.obj
C:\Users\80prozent\Documents\GitHub\icycle_project\flashpro_awd_publisher\cpp\AwayExtensionsFlashPro\project\win\x64\Release\Publisher.obj
C:\Users\80prozent\Documents\GitHub\icycle_project\flashpro_awd_publisher\cpp\AwayExtensionsFlashPro\project\win\x64\Release\Utils.obj
C:\Users\80prozent\Documents\GitHub\icycle_project\flashpro_awd_publisher\cpp\AwayExtensionsFlashPro\project\win\x64\Release\CL.2200.read.1.tlog
C:\Users\80prozent\Documents\GitHub\icycle_project\flashpro_awd_publisher\cpp\AwayExtensionsFlashPro\project\win\x64\Release\CL.2200.write.1.tlog
C:\Users\80prozent\Documents\GitHub\icycle_project\flashpro_awd_publisher\cpp\AwayExtensionsFlashPro\project\win\x64\Release\CL.6180.read.1.tlog
C:\Users\80prozent\Documents\GitHub\icycle_project\flashpro_awd_publisher\cpp\AwayExtensionsFlashPro\project\win\x64\Release\CL.6180.write.1.tlog
C:\Users\80prozent\Documents\GitHub\icycle_project\flashpro_awd_publisher\cpp\AwayExtensionsFlashPro\project\win\x64\Release\CL.7008.read.1.tlog
C:\Users\80prozent\Documents\GitHub\icycle_project\flashpro_awd_publisher\cpp\AwayExtensionsFlashPro\project\win\x64\Release\CL.7008.write.1.tlog
C:\Users\80prozent\Documents\GitHub\icycle_project\flashpro_awd_publisher\cpp\AwayExtensionsFlashPro\project\win\x64\Release\CL.7468.read.1.tlog
C:\Users\80prozent\Documents\GitHub\icycle_project\flashpro_awd_publisher\cpp\AwayExtensionsFlashPro\project\win\x64\Release\CL.7468.write.1.tlog
C:\Users\80prozent\Documents\GitHub\icycle_project\flashpro_awd_publisher\cpp\AwayExtensionsFlashPro\project\win\x64\Release\CL.8028.read.1.tlog
C:\Users\80prozent\Documents\GitHub\icycle_project\flashpro_awd_publisher\cpp\AwayExtensionsFlashPro\project\win\x64\Release\CL.8028.write.1.tlog
C:\Users\80prozent\Documents\GitHub\icycle_project\flashpro_awd_publisher\cpp\AwayExtensionsFlashPro\project\win\x64\Release\CL.8128.read.1.tlog
C:\Users\80prozent\Documents\GitHub\icycle_project\flashpro_awd_publisher\cpp\AwayExtensionsFlashPro\project\win\x64\Release\CL.8128.write.1.tlog
C:\Users\80prozent\Documents\GitHub\icycle_project\flashpro_awd_publisher\cpp\AwayExtensionsFlashPro\project\win\x64\Release\cl.command.1.tlog
C:\Users\80prozent\Documents\GitHub\icycle_project\flashpro_awd_publisher\cpp\AwayExtensionsFlashPro\project\win\x64\Release\CL.read.1.tlog
C:\Users\80prozent\Documents\GitHub\icycle_project\flashpro_awd_publisher\cpp\AwayExtensionsFlashPro\project\win\x64\Release\cl.write.1.tlog
C:\Users\80prozent\Documents\GitHub\icycle_project\flashpro_awd_publisher\cpp\AwayExtensionsFlashPro\project\win\x64\Release\link-cvtres.read.1.tlog
C:\Users\80prozent\Documents\GitHub\icycle_project\flashpro_awd_publisher\cpp\AwayExtensionsFlashPro\project\win\x64\Release\link-cvtres.write.1.tlog
C:\Users\80prozent\Documents\GitHub\icycle_project\flashpro_awd_publisher\cpp\AwayExtensionsFlashPro\project\win\x64\Release\link-rc.read.1.tlog
C:\Users\80prozent\Documents\GitHub\icycle_project\flashpro_awd_publisher\cpp\AwayExtensionsFlashPro\project\win\x64\Release\link-rc.write.1.tlog
C:\Users\80prozent\Documents\GitHub\icycle_project\flashpro_awd_publisher\cpp\AwayExtensionsFlashPro\project\win\x64\Release\link.command.1.tlog
C:\Users\80prozent\Documents\GitHub\icycle_project\flashpro_awd_publisher\cpp\AwayExtensionsFlashPro\project\win\x64\Release\link.read.1.tlog
C:\Users\80prozent\Documents\GitHub\icycle_project\flashpro_awd_publisher\cpp\AwayExtensionsFlashPro\project\win\x64\Release\link.write.1.tlog
C:\Users\80prozent\Documents\GitHub\icycle_project\flashpro_awd_publisher\cpp\AwayExtensionsFlashPro\project\win\x64\Release\rc.command.1.tlog
C:\Users\80prozent\Documents\GitHub\icycle_project\flashpro_awd_publisher\cpp\AwayExtensionsFlashPro\project\win\x64\Release\rc.read.1.tlog
C:\Users\80prozent\Documents\GitHub\icycle_project\flashpro_awd_publisher\cpp\AwayExtensionsFlashPro\project\win\x64\Release\rc.write.1.tlog
C:\Users\80prozent\Documents\GitHub\icycle_project\flashpro_awd_publisher\cpp\AwayExtensionsFlashPro\project\win\x64\Release\AwayExtensionsFlashPro.res
C:\Users\80prozent\Documents\GitHub\icycle_project\flashpro_awd_publisher\cpp\AwayExtensionsFlashPro\project\win\x64\Release\vc110.pdb
C:\Program Files (x86)\Common Files\Adobe\CEP\extensions\com.example.AwayExtensionsFlashPro\plugin\lib\win\AwayExtensionsFlashPro.pdb
