C:\USERS\80PROZENT\DOCUMENTS\GITHUB\ICYCLE_PROJECT\FLASHPRO_AWD_PUBLISHER\CPP\AWAYEXTENSIONSFLASHPRO\PROJECT\WIN\X64\DEBUG\DOCTYPE.OBJ
C:\USERS\80PROZENT\DOCUMENTS\GITHUB\ICYCLE_PROJECT\FLASHPRO_AWD_PUBLISHER\CPP\AWAYEXTENSIONSFLASHPRO\PROJECT\WIN\X64\DEBUG\MAIN.OBJ
C:\USERS\80PROZENT\DOCUMENTS\GITHUB\ICYCLE_PROJECT\FLASHPRO_AWD_PUBLISHER\CPP\AWAYEXTENSIONSFLASHPRO\PROJECT\WIN\X64\DEBUG\MYXMLPARSER.OBJ
C:\USERS\80PROZENT\DOCUMENTS\GITHUB\ICYCLE_PROJECT\FLASHPRO_AWD_PUBLISHER\CPP\AWAYEXTENSIONSFLASHPRO\PROJECT\WIN\X64\DEBUG\OUTPUTWRITER.OBJ
C:\USERS\80PROZENT\DOCUMENTS\GITHUB\ICYCLE_PROJECT\FLASHPRO_AWD_PUBLISHER\CPP\AWAYEXTENSIONSFLASHPRO\PROJECT\WIN\X64\DEBUG\PUBLISHER.OBJ
C:\USERS\80PROZENT\DOCUMENTS\GITHUB\ICYCLE_PROJECT\FLASHPRO_AWD_PUBLISHER\CPP\AWAYEXTENSIONSFLASHPRO\PROJECT\WIN\X64\DEBUG\UTILS.OBJ
C:\USERS\80PROZENT\DOCUMENTS\GITHUB\ICYCLE_PROJECT\FLASHPRO_AWD_PUBLISHER\CPP\AWAYEXTENSIONSFLASHPRO\PROJECT\WIN\X64\DEBUG\VC110.PDB
C:\USERS\80PROZENT\DOCUMENTS\GITHUB\ICYCLE_PROJECT\FLASHPRO_AWD_PUBLISHER\CPP\AWAYEXTENSIONSFLASHPRO\PROJECT\WIN\X64\DEBUG\AWAYEXTENSIONSFLASHPRO.RES
C:\Users\80prozent\Documents\GitHub\icycle_project\flashpro_awd_publisher\cpp\AwayExtensionsFlashPro\project\win\x64\Debug\AwayExtensionsFlashPro.vcxprojResolveAssemblyReference.cache
C:\Users\80prozent\Documents\GitHub\icycle_project\flashpro_awd_publisher\cpp\AwayExtensionsFlashPro\project\win\x64\Debug\DocType.obj
C:\Users\80prozent\Documents\GitHub\icycle_project\flashpro_awd_publisher\cpp\AwayExtensionsFlashPro\project\win\x64\Debug\Main.obj
C:\Users\80prozent\Documents\GitHub\icycle_project\flashpro_awd_publisher\cpp\AwayExtensionsFlashPro\project\win\x64\Debug\MyXmlParser.obj
C:\Users\80prozent\Documents\GitHub\icycle_project\flashpro_awd_publisher\cpp\AwayExtensionsFlashPro\project\win\x64\Debug\OutputWriter.obj
C:\Users\80prozent\Documents\GitHub\icycle_project\flashpro_awd_publisher\cpp\AwayExtensionsFlashPro\project\win\x64\Debug\Publisher.obj
C:\Users\80prozent\Documents\GitHub\icycle_project\flashpro_awd_publisher\cpp\AwayExtensionsFlashPro\project\win\x64\Debug\Utils.obj
C:\Users\80prozent\Documents\GitHub\icycle_project\flashpro_awd_publisher\cpp\AwayExtensionsFlashPro\project\win\x64\Debug\cl.command.1.tlog
C:\Users\80prozent\Documents\GitHub\icycle_project\flashpro_awd_publisher\cpp\AwayExtensionsFlashPro\project\win\x64\Debug\CL.read.1.tlog
C:\Users\80prozent\Documents\GitHub\icycle_project\flashpro_awd_publisher\cpp\AwayExtensionsFlashPro\project\win\x64\Debug\CL.write.1.tlog
C:\Users\80prozent\Documents\GitHub\icycle_project\flashpro_awd_publisher\cpp\AwayExtensionsFlashPro\project\win\x64\Debug\link-cvtres.read.1.tlog
C:\Users\80prozent\Documents\GitHub\icycle_project\flashpro_awd_publisher\cpp\AwayExtensionsFlashPro\project\win\x64\Debug\link-cvtres.write.1.tlog
C:\Users\80prozent\Documents\GitHub\icycle_project\flashpro_awd_publisher\cpp\AwayExtensionsFlashPro\project\win\x64\Debug\link-rc.read.1.tlog
C:\Users\80prozent\Documents\GitHub\icycle_project\flashpro_awd_publisher\cpp\AwayExtensionsFlashPro\project\win\x64\Debug\link-rc.write.1.tlog
C:\Users\80prozent\Documents\GitHub\icycle_project\flashpro_awd_publisher\cpp\AwayExtensionsFlashPro\project\win\x64\Debug\link.command.1.tlog
C:\Users\80prozent\Documents\GitHub\icycle_project\flashpro_awd_publisher\cpp\AwayExtensionsFlashPro\project\win\x64\Debug\link.read.1.tlog
C:\Users\80prozent\Documents\GitHub\icycle_project\flashpro_awd_publisher\cpp\AwayExtensionsFlashPro\project\win\x64\Debug\link.write.1.tlog
C:\Users\80prozent\Documents\GitHub\icycle_project\flashpro_awd_publisher\cpp\AwayExtensionsFlashPro\project\win\x64\Debug\rc.command.1.tlog
C:\Users\80prozent\Documents\GitHub\icycle_project\flashpro_awd_publisher\cpp\AwayExtensionsFlashPro\project\win\x64\Debug\rc.read.1.tlog
C:\Users\80prozent\Documents\GitHub\icycle_project\flashpro_awd_publisher\cpp\AwayExtensionsFlashPro\project\win\x64\Debug\rc.write.1.tlog
C:\Users\80prozent\Documents\GitHub\icycle_project\flashpro_awd_publisher\cpp\AwayExtensionsFlashPro\project\win\x64\Debug\AwayExtensionsFlashPro.res
C:\Users\80prozent\Documents\GitHub\icycle_project\flashpro_awd_publisher\cpp\AwayExtensionsFlashPro\project\win\x64\Debug\AwayExtensionsFlashPro.exp
C:\Users\80prozent\Documents\GitHub\icycle_project\flashpro_awd_publisher\cpp\AwayExtensionsFlashPro\project\win\x64\Debug\vc110.idb
C:\Users\80prozent\Documents\GitHub\icycle_project\flashpro_awd_publisher\cpp\AwayExtensionsFlashPro\project\win\x64\Debug\AwayExtensionsFlashPro.pdb
C:\Users\80prozent\Documents\GitHub\icycle_project\flashpro_awd_publisher\cpp\AwayExtensionsFlashPro\project\win\x64\Debug\vc110.pdb
