  Utils.cpp
..\..\src\Utils.cpp(190): warning C4996: 'sprintf': This function or variable may be unsafe. Consider using sprintf_s instead. To disable deprecation, use _CRT_SECURE_NO_WARNINGS. See online help for details.
          C:\Program Files (x86)\visual2012\VC\include\stdio.h(357) : see declaration of 'sprintf'
..\..\src\Utils.cpp(198): warning C4996: 'sprintf': This function or variable may be unsafe. Consider using sprintf_s instead. To disable deprecation, use _CRT_SECURE_NO_WARNINGS. See online help for details.
          C:\Program Files (x86)\visual2012\VC\include\stdio.h(357) : see declaration of 'sprintf'
..\..\src\Utils.cpp(206): warning C4996: 'sprintf': This function or variable may be unsafe. Consider using sprintf_s instead. To disable deprecation, use _CRT_SECURE_NO_WARNINGS. See online help for details.
          C:\Program Files (x86)\visual2012\VC\include\stdio.h(357) : see declaration of 'sprintf'
..\..\src\Utils.cpp(214): warning C4996: 'sprintf': This function or variable may be unsafe. Consider using sprintf_s instead. To disable deprecation, use _CRT_SECURE_NO_WARNINGS. See online help for details.
          C:\Program Files (x86)\visual2012\VC\include\stdio.h(357) : see declaration of 'sprintf'
..\..\src\Utils.cpp(326): warning C4996: 'sprintf': This function or variable may be unsafe. Consider using sprintf_s instead. To disable deprecation, use _CRT_SECURE_NO_WARNINGS. See online help for details.
          C:\Program Files (x86)\visual2012\VC\include\stdio.h(357) : see declaration of 'sprintf'
..\..\src\Utils.cpp(328): warning C4996: 'sprintf': This function or variable may be unsafe. Consider using sprintf_s instead. To disable deprecation, use _CRT_SECURE_NO_WARNINGS. See online help for details.
          C:\Program Files (x86)\visual2012\VC\include\stdio.h(357) : see declaration of 'sprintf'
..\..\src\Utils.cpp(330): warning C4996: 'sprintf': This function or variable may be unsafe. Consider using sprintf_s instead. To disable deprecation, use _CRT_SECURE_NO_WARNINGS. See online help for details.
          C:\Program Files (x86)\visual2012\VC\include\stdio.h(357) : see declaration of 'sprintf'
..\..\src\Utils.cpp(401): error C2065: 'Dl_info' : undeclared identifier
..\..\src\Utils.cpp(401): error C2146: syntax error : missing ';' before identifier 'info'
..\..\src\Utils.cpp(401): error C2065: 'info' : undeclared identifier
..\..\src\Utils.cpp(402): error C2065: 'info' : undeclared identifier
..\..\src\Utils.cpp(402): error C3861: 'dladdr': identifier not found
..\..\src\Utils.cpp(403): error C2065: 'info' : undeclared identifier
..\..\src\Utils.cpp(403): error C2228: left of '.dli_fname' must have class/struct/union
          type is ''unknown-type''
..\..\src\Utils.cpp(428): error C3861: 'va_start': identifier not found
..\..\src\Utils.cpp(430): error C3861: 'va_end': identifier not found
..\..\src\Utils.cpp(446): error C3861: 'va_start': identifier not found
..\..\src\Utils.cpp(448): error C3861: 'va_end': identifier not found
  TimeLineBuilder.cpp
  ShapeEncoderUtils.cpp
..\..\src\ShapeEncoderUtils.cpp(107): warning C4267: 'initializing' : conversion from 'size_t' to 'int', possible loss of data
..\..\src\ShapeEncoderUtils.cpp(162): warning C4267: '=' : conversion from 'size_t' to 'int', possible loss of data
..\..\src\ShapeEncoderUtils.cpp(434): warning C4267: 'initializing' : conversion from 'size_t' to 'int', possible loss of data
..\..\src\ShapeEncoderUtils.cpp(432): warning C4101: 'res' : unreferenced local variable
..\..\src\ShapeEncoderUtils.cpp(455): warning C4267: 'initializing' : conversion from 'size_t' to 'int', possible loss of data
..\..\src\ShapeEncoderUtils.cpp(453): warning C4101: 'res' : unreferenced local variable
..\..\src\ShapeEncoderUtils.cpp(592): warning C4244: 'initializing' : conversion from 'double' to 'float', possible loss of data
..\..\src\ShapeEncoderUtils.cpp(593): warning C4244: 'initializing' : conversion from 'double' to 'float', possible loss of data
  ShapeEncoderEncode.cpp
..\..\src\ShapeEncoderEncode.cpp(60): warning C4800: 'double' : forcing value to bool 'true' or 'false' (performance warning)
..\..\src\ShapeEncoderEncode.cpp(128): warning C4267: '=' : conversion from 'size_t' to 'int', possible loss of data
..\..\src\ShapeEncoderEncode.cpp(150): warning C4267: '=' : conversion from 'size_t' to 'int', possible loss of data
..\..\src\ShapeEncoderEncode.cpp(151): warning C4267: '=' : conversion from 'size_t' to 'int', possible loss of data
..\..\src\ShapeEncoderEncode.cpp(40): warning C4101: 'windingBool' : unreferenced local variable
..\..\src\ShapeEncoderEncode.cpp(193): warning C4101: 'pstart' : unreferenced local variable
..\..\src\ShapeEncoderEncode.cpp(191): warning C4101: 'p2' : unreferenced local variable
..\..\src\ShapeEncoderEncode.cpp(194): warning C4101: 'pend' : unreferenced local variable
..\..\src\ShapeEncoderEncode.cpp(192): warning C4101: 'p3' : unreferenced local variable
..\..\src\ShapeEncoderEncode.cpp(190): warning C4101: 'p1' : unreferenced local variable
..\..\src\ShapeEncoderEncode.cpp(195): warning C4101: 'pcontrol' : unreferenced local variable
  ShapeEncoder.cpp
..\..\src\ShapeEncoder.cpp(88): warning C4267: 'return' : conversion from 'size_t' to 'int', possible loss of data
  RessourcePalette.cpp
..\..\src\RessourcePalette.cpp(641): warning C4101: 'res' : unreferenced local variable
..\..\src\RessourcePalette.cpp(640): warning C4101: 'strokeStyleCount' : unreferenced local variable
..\..\src\RessourcePalette.cpp(916): warning C4267: 'initializing' : conversion from 'size_t' to 'int', possible loss of data
..\..\src\RessourcePalette.cpp(917): warning C4018: '<' : signed/unsigned mismatch
..\..\src\RessourcePalette.cpp(923): warning C4018: '<' : signed/unsigned mismatch
..\..\src\RessourcePalette.cpp(941): warning C4018: '<' : signed/unsigned mismatch
..\..\src\RessourcePalette.cpp(963): warning C4267: '=' : conversion from 'size_t' to 'int', possible loss of data
..\..\src\RessourcePalette.cpp(964): warning C4018: '<' : signed/unsigned mismatch
..\..\src\RessourcePalette.cpp(970): warning C4018: '<' : signed/unsigned mismatch
..\..\src\RessourcePalette.cpp(985): warning C4267: '=' : conversion from 'size_t' to 'FCM::U_Int32', possible loss of data
..\..\src\RessourcePalette.cpp(1000): warning C4018: '<' : signed/unsigned mismatch
  PublisherUtils.cpp
  Publisher.cpp
  OutputWriter.cpp
..\..\src\OutputWriter.cpp(175): error C3861: 'mkdir': identifier not found
..\..\src\OutputWriter.cpp(176): error C3861: 'mkdir': identifier not found
..\..\src\OutputWriter.cpp(177): error C3861: 'mkdir': identifier not found
..\..\src\OutputWriter.cpp(1231): warning C4800: 'FCM::Boolean' : forcing value to bool 'true' or 'false' (performance warning)
  MyXmlParser.cpp
  Main.cpp
  FontPathShape.cpp
..\..\src\FontPathShape.cpp(29): warning C4101: 'lstart' : unreferenced local variable
..\..\src\FontPathShape.cpp(30): warning C4101: 'lend' : unreferenced local variable
..\..\src\FontPathShape.cpp(32): warning C4101: 'check_seg' : unreferenced local variable
..\..\src\FontPathShape.cpp(31): warning C4101: 'resultPoint' : unreferenced local variable
..\..\src\FontPathShape.cpp(33): warning C4101: 'seg' : unreferenced local variable
..\..\src\FontPathShape.cpp(28): warning C4101: 'end' : unreferenced local variable
..\..\src\FontPathShape.cpp(27): warning C4101: 'start' : unreferenced local variable
  FontGenerator.cpp
  DocType.cpp
  Generating Code...
