C:\Program Files (x86)\Common Files\Adobe\CEP\extensions\AwayExtensionsFlashPro\plugin\lib\win\AwayExtensionsFlashPro.lib
C:\Program Files (x86)\Common Files\Adobe\CEP\extensions\AwayExtensionsFlashPro\plugin\lib\win\AwayExtensionsFlashPro.exp
C:\USERS\80PROZENT\DOCUMENTS\GITHUB\AWAYEXTENSIONFLASHPRO\AWAYEXTENSIONS-FLASHPRO - COPY\CPP\AWAYEXTENSIONSFLASHPRO\OBJ\WIN\RELEASE\64\VC110.PDB
C:\USERS\80PROZENT\DOCUMENTS\GITHUB\AWAYEXTENSIONFLASHPRO\AWAYEXTENSIONS-FLASHPRO - COPY\CPP\AWAYEXTENSIONSFLASHPRO\OBJ\WIN\RELEASE\64\MESH.OBJ
C:\USERS\80PROZENT\DOCUMENTS\GITHUB\AWAYEXTENSIONFLASHPRO\AWAYEXTENSIONS-FLASHPRO - COPY\CPP\AWAYEXTENSIONSFLASHPRO\OBJ\WIN\RELEASE\64\AWD_PROJECT.OBJ
C:\USERS\80PROZENT\DOCUMENTS\GITHUB\AWAYEXTENSIONFLASHPRO\AWAYEXTENSIONS-FLASHPRO - COPY\CPP\AWAYEXTENSIONSFLASHPRO\OBJ\WIN\RELEASE\64\LIGHT.OBJ
C:\USERS\80PROZENT\DOCUMENTS\GITHUB\AWAYEXTENSIONFLASHPRO\AWAYEXTENSIONS-FLASHPRO - COPY\CPP\AWAYEXTENSIONSFLASHPRO\OBJ\WIN\RELEASE\64\METADATA.OBJ
C:\USERS\80PROZENT\DOCUMENTS\GITHUB\AWAYEXTENSIONFLASHPRO\AWAYEXTENSIONS-FLASHPRO - COPY\CPP\AWAYEXTENSIONSFLASHPRO\OBJ\WIN\RELEASE\64\SKELETONANIMATIONCLIP.OBJ
C:\USERS\80PROZENT\DOCUMENTS\GITHUB\AWAYEXTENSIONFLASHPRO\AWAYEXTENSIONS-FLASHPRO - COPY\CPP\AWAYEXTENSIONSFLASHPRO\OBJ\WIN\RELEASE\64\TEXTUREPROJECTOR.OBJ
C:\USERS\80PROZENT\DOCUMENTS\GITHUB\AWAYEXTENSIONFLASHPRO\AWAYEXTENSIONS-FLASHPRO - COPY\CPP\AWAYEXTENSIONSFLASHPRO\OBJ\WIN\RELEASE\64\ATTRBASE.OBJ
C:\USERS\80PROZENT\DOCUMENTS\GITHUB\AWAYEXTENSIONFLASHPRO\AWAYEXTENSIONS-FLASHPRO - COPY\CPP\AWAYEXTENSIONSFLASHPRO\OBJ\WIN\RELEASE\64\BLOCKINSTANCE.OBJ
C:\USERS\80PROZENT\DOCUMENTS\GITHUB\AWAYEXTENSIONFLASHPRO\AWAYEXTENSIONS-FLASHPRO - COPY\CPP\AWAYEXTENSIONSFLASHPRO\OBJ\WIN\RELEASE\64\FRAMECOMMANDSOUNDOBJECT.OBJ
C:\USERS\80PROZENT\DOCUMENTS\GITHUB\AWAYEXTENSIONFLASHPRO\AWAYEXTENSIONS-FLASHPRO - COPY\CPP\AWAYEXTENSIONSFLASHPRO\OBJ\WIN\RELEASE\64\SHAREDVERTEX.OBJ
C:\USERS\80PROZENT\DOCUMENTS\GITHUB\AWAYEXTENSIONFLASHPRO\AWAYEXTENSIONS-FLASHPRO - COPY\CPP\AWAYEXTENSIONSFLASHPRO\OBJ\WIN\RELEASE\64\SHADINGMETHOD.OBJ
C:\USERS\80PROZENT\DOCUMENTS\GITHUB\AWAYEXTENSIONFLASHPRO\AWAYEXTENSIONS-FLASHPRO - COPY\CPP\AWAYEXTENSIONSFLASHPRO\OBJ\WIN\RELEASE\64\HTTPSERVER.OBJ
C:\USERS\80PROZENT\DOCUMENTS\GITHUB\AWAYEXTENSIONFLASHPRO\AWAYEXTENSIONS-FLASHPRO - COPY\CPP\AWAYEXTENSIONSFLASHPRO\OBJ\WIN\RELEASE\64\AWDTIMELINEWRITER.OBJ
C:\USERS\80PROZENT\DOCUMENTS\GITHUB\AWAYEXTENSIONFLASHPRO\AWAYEXTENSIONS-FLASHPRO - COPY\CPP\AWAYEXTENSIONSFLASHPRO\OBJ\WIN\RELEASE\64\FLASHTOAWDENCODER_FONTS.OBJ
C:\USERS\80PROZENT\DOCUMENTS\GITHUB\AWAYEXTENSIONFLASHPRO\AWAYEXTENSIONS-FLASHPRO - COPY\CPP\AWAYEXTENSIONSFLASHPRO\OBJ\WIN\RELEASE\64\ATTRELEMENTBASE.OBJ
C:\USERS\80PROZENT\DOCUMENTS\GITHUB\AWAYEXTENSIONFLASHPRO\AWAYEXTENSIONS-FLASHPRO - COPY\CPP\AWAYEXTENSIONSFLASHPRO\OBJ\WIN\RELEASE\64\ANIMATOR.OBJ
C:\USERS\80PROZENT\DOCUMENTS\GITHUB\AWAYEXTENSIONFLASHPRO\AWAYEXTENSIONS-FLASHPRO - COPY\CPP\AWAYEXTENSIONSFLASHPRO\OBJ\WIN\RELEASE\64\CAMERA.OBJ
C:\USERS\80PROZENT\DOCUMENTS\GITHUB\AWAYEXTENSIONFLASHPRO\AWAYEXTENSIONS-FLASHPRO - COPY\CPP\AWAYEXTENSIONSFLASHPRO\OBJ\WIN\RELEASE\64\MATERIAL.OBJ
C:\USERS\80PROZENT\DOCUMENTS\GITHUB\AWAYEXTENSIONFLASHPRO\AWAYEXTENSIONS-FLASHPRO - COPY\CPP\AWAYEXTENSIONSFLASHPRO\OBJ\WIN\RELEASE\64\PRIMITIVE.OBJ
C:\USERS\80PROZENT\DOCUMENTS\GITHUB\AWAYEXTENSIONFLASHPRO\AWAYEXTENSIONS-FLASHPRO - COPY\CPP\AWAYEXTENSIONSFLASHPRO\OBJ\WIN\RELEASE\64\UVPOSE.OBJ
C:\USERS\80PROZENT\DOCUMENTS\GITHUB\AWAYEXTENSIONFLASHPRO\AWAYEXTENSIONS-FLASHPRO - COPY\CPP\AWAYEXTENSIONSFLASHPRO\OBJ\WIN\RELEASE\64\USERATTR.OBJ
C:\USERS\80PROZENT\DOCUMENTS\GITHUB\AWAYEXTENSIONFLASHPRO\AWAYEXTENSIONS-FLASHPRO - COPY\CPP\AWAYEXTENSIONSFLASHPRO\OBJ\WIN\RELEASE\64\FRAMECOMMANDBASE.OBJ
C:\USERS\80PROZENT\DOCUMENTS\GITHUB\AWAYEXTENSIONFLASHPRO\AWAYEXTENSIONS-FLASHPRO - COPY\CPP\AWAYEXTENSIONSFLASHPRO\OBJ\WIN\RELEASE\64\GEOM_TYPES.OBJ
C:\USERS\80PROZENT\DOCUMENTS\GITHUB\AWAYEXTENSIONFLASHPRO\AWAYEXTENSIONS-FLASHPRO - COPY\CPP\AWAYEXTENSIONSFLASHPRO\OBJ\WIN\RELEASE\64\SUBGEOMINTERNAL.OBJ
C:\USERS\80PROZENT\DOCUMENTS\GITHUB\AWAYEXTENSIONFLASHPRO\AWAYEXTENSIONS-FLASHPRO - COPY\CPP\AWAYEXTENSIONSFLASHPRO\OBJ\WIN\RELEASE\64\AWDFILE.OBJ
C:\USERS\80PROZENT\DOCUMENTS\GITHUB\AWAYEXTENSIONFLASHPRO\AWAYEXTENSIONS-FLASHPRO - COPY\CPP\AWAYEXTENSIONSFLASHPRO\OBJ\WIN\RELEASE\64\DOCTYPE.OBJ
C:\USERS\80PROZENT\DOCUMENTS\GITHUB\AWAYEXTENSIONFLASHPRO\AWAYEXTENSIONS-FLASHPRO - COPY\CPP\AWAYEXTENSIONSFLASHPRO\OBJ\WIN\RELEASE\64\FLASHTOAWDENCODER_SHAPES.OBJ
C:\USERS\80PROZENT\DOCUMENTS\GITHUB\AWAYEXTENSIONFLASHPRO\AWAYEXTENSIONS-FLASHPRO - COPY\CPP\AWAYEXTENSIONSFLASHPRO\OBJ\WIN\RELEASE\64\LODEPNG.OBJ
C:\USERS\80PROZENT\DOCUMENTS\GITHUB\AWAYEXTENSIONFLASHPRO\AWAYEXTENSIONS-FLASHPRO - COPY\CPP\AWAYEXTENSIONSFLASHPRO\OBJ\WIN\RELEASE\64\ANIMATIONSET.OBJ
C:\USERS\80PROZENT\DOCUMENTS\GITHUB\AWAYEXTENSIONFLASHPRO\AWAYEXTENSIONS-FLASHPRO - COPY\CPP\AWAYEXTENSIONSFLASHPRO\OBJ\WIN\RELEASE\64\EFFECTMETHOD.OBJ
C:\USERS\80PROZENT\DOCUMENTS\GITHUB\AWAYEXTENSIONFLASHPRO\AWAYEXTENSIONS-FLASHPRO - COPY\CPP\AWAYEXTENSIONSFLASHPRO\OBJ\WIN\RELEASE\64\MESHLIBRARY.OBJ
C:\USERS\80PROZENT\DOCUMENTS\GITHUB\AWAYEXTENSIONFLASHPRO\AWAYEXTENSIONS-FLASHPRO - COPY\CPP\AWAYEXTENSIONSFLASHPRO\OBJ\WIN\RELEASE\64\SKELETONPOSE.OBJ
C:\USERS\80PROZENT\DOCUMENTS\GITHUB\AWAYEXTENSIONFLASHPRO\AWAYEXTENSIONS-FLASHPRO - COPY\CPP\AWAYEXTENSIONSFLASHPRO\OBJ\WIN\RELEASE\64\TIMELINE.OBJ
C:\USERS\80PROZENT\DOCUMENTS\GITHUB\AWAYEXTENSIONFLASHPRO\AWAYEXTENSIONS-FLASHPRO - COPY\CPP\AWAYEXTENSIONSFLASHPRO\OBJ\WIN\RELEASE\64\PATH.OBJ
C:\USERS\80PROZENT\DOCUMENTS\GITHUB\AWAYEXTENSIONFLASHPRO\AWAYEXTENSIONS-FLASHPRO - COPY\CPP\AWAYEXTENSIONSFLASHPRO\OBJ\WIN\RELEASE\64\SKELETONJOINT.OBJ
C:\USERS\80PROZENT\DOCUMENTS\GITHUB\AWAYEXTENSIONFLASHPRO\AWAYEXTENSIONS-FLASHPRO - COPY\CPP\AWAYEXTENSIONSFLASHPRO\OBJ\WIN\RELEASE\64\DIRENTWIN.OBJ
C:\USERS\80PROZENT\DOCUMENTS\GITHUB\AWAYEXTENSIONFLASHPRO\AWAYEXTENSIONS-FLASHPRO - COPY\CPP\AWAYEXTENSIONSFLASHPRO\OBJ\WIN\RELEASE\64\GEOMUTIL.OBJ
C:\USERS\80PROZENT\DOCUMENTS\GITHUB\AWAYEXTENSIONFLASHPRO\AWAYEXTENSIONS-FLASHPRO - COPY\CPP\AWAYEXTENSIONSFLASHPRO\OBJ\WIN\RELEASE\64\FLASHTOAWDENCODER_FILLS.OBJ
C:\USERS\80PROZENT\DOCUMENTS\GITHUB\AWAYEXTENSIONFLASHPRO\AWAYEXTENSIONS-FLASHPRO - COPY\CPP\AWAYEXTENSIONSFLASHPRO\OBJ\WIN\RELEASE\64\ANIMATIONCLIPBASE.OBJ
C:\USERS\80PROZENT\DOCUMENTS\GITHUB\AWAYEXTENSIONFLASHPRO\AWAYEXTENSIONS-FLASHPRO - COPY\CPP\AWAYEXTENSIONSFLASHPRO\OBJ\WIN\RELEASE\64\STATEELEMENTBASE.OBJ
C:\USERS\80PROZENT\DOCUMENTS\GITHUB\AWAYEXTENSIONFLASHPRO\AWAYEXTENSIONS-FLASHPRO - COPY\CPP\AWAYEXTENSIONSFLASHPRO\OBJ\WIN\RELEASE\64\FONT.OBJ
C:\USERS\80PROZENT\DOCUMENTS\GITHUB\AWAYEXTENSIONFLASHPRO\AWAYEXTENSIONS-FLASHPRO - COPY\CPP\AWAYEXTENSIONSFLASHPRO\OBJ\WIN\RELEASE\64\NAMESPACE.OBJ
C:\USERS\80PROZENT\DOCUMENTS\GITHUB\AWAYEXTENSIONFLASHPRO\AWAYEXTENSIONS-FLASHPRO - COPY\CPP\AWAYEXTENSIONSFLASHPRO\OBJ\WIN\RELEASE\64\SKYBOX.OBJ
C:\USERS\80PROZENT\DOCUMENTS\GITHUB\AWAYEXTENSIONFLASHPRO\AWAYEXTENSIONS-FLASHPRO - COPY\CPP\AWAYEXTENSIONSFLASHPRO\OBJ\WIN\RELEASE\64\NUMATTRLIST.OBJ
C:\USERS\80PROZENT\DOCUMENTS\GITHUB\AWAYEXTENSIONFLASHPRO\AWAYEXTENSIONS-FLASHPRO - COPY\CPP\AWAYEXTENSIONSFLASHPRO\OBJ\WIN\RELEASE\64\FONTELEMENTS.OBJ
C:\USERS\80PROZENT\DOCUMENTS\GITHUB\AWAYEXTENSIONFLASHPRO\AWAYEXTENSIONS-FLASHPRO - COPY\CPP\AWAYEXTENSIONSFLASHPRO\OBJ\WIN\RELEASE\64\PATHSEGMENT.OBJ
C:\USERS\80PROZENT\DOCUMENTS\GITHUB\AWAYEXTENSIONFLASHPRO\AWAYEXTENSIONS-FLASHPRO - COPY\CPP\AWAYEXTENSIONSFLASHPRO\OBJ\WIN\RELEASE\64\FILEWRITER.OBJ
C:\USERS\80PROZENT\DOCUMENTS\GITHUB\AWAYEXTENSIONFLASHPRO\AWAYEXTENSIONS-FLASHPRO - COPY\CPP\AWAYEXTENSIONSFLASHPRO\OBJ\WIN\RELEASE\64\RESSOURCEPALETTE.OBJ
C:\USERS\80PROZENT\DOCUMENTS\GITHUB\AWAYEXTENSIONFLASHPRO\AWAYEXTENSIONS-FLASHPRO - COPY\CPP\AWAYEXTENSIONSFLASHPRO\OBJ\WIN\RELEASE\64\MYXMLPARSER.OBJ
C:\USERS\80PROZENT\DOCUMENTS\GITHUB\AWAYEXTENSIONFLASHPRO\AWAYEXTENSIONS-FLASHPRO - COPY\CPP\AWAYEXTENSIONSFLASHPRO\OBJ\WIN\RELEASE\64\PUBLISHERUTILS.OBJ
C:\USERS\80PROZENT\DOCUMENTS\GITHUB\AWAYEXTENSIONFLASHPRO\AWAYEXTENSIONS-FLASHPRO - COPY\CPP\AWAYEXTENSIONSFLASHPRO\OBJ\WIN\RELEASE\64\ICERADIX3PASSES.OBJ
C:\USERS\80PROZENT\DOCUMENTS\GITHUB\AWAYEXTENSIONFLASHPRO\AWAYEXTENSIONS-FLASHPRO - COPY\CPP\AWAYEXTENSIONSFLASHPRO\OBJ\WIN\RELEASE\64\DATABLOCKBASE.OBJ
C:\USERS\80PROZENT\DOCUMENTS\GITHUB\AWAYEXTENSIONFLASHPRO\AWAYEXTENSIONS-FLASHPRO - COPY\CPP\AWAYEXTENSIONSFLASHPRO\OBJ\WIN\RELEASE\64\BITMAPTEXTURE.OBJ
C:\USERS\80PROZENT\DOCUMENTS\GITHUB\AWAYEXTENSIONFLASHPRO\AWAYEXTENSIONS-FLASHPRO - COPY\CPP\AWAYEXTENSIONSFLASHPRO\OBJ\WIN\RELEASE\64\LIGHTPICKER.OBJ
C:\USERS\80PROZENT\DOCUMENTS\GITHUB\AWAYEXTENSIONFLASHPRO\AWAYEXTENSIONS-FLASHPRO - COPY\CPP\AWAYEXTENSIONSFLASHPRO\OBJ\WIN\RELEASE\64\OBJECTCONTAINER3D.OBJ
C:\USERS\80PROZENT\DOCUMENTS\GITHUB\AWAYEXTENSIONFLASHPRO\AWAYEXTENSIONS-FLASHPRO - COPY\CPP\AWAYEXTENSIONSFLASHPRO\OBJ\WIN\RELEASE\64\UVANIMATIONCLIP.OBJ
C:\USERS\80PROZENT\DOCUMENTS\GITHUB\AWAYEXTENSIONFLASHPRO\AWAYEXTENSIONS-FLASHPRO - COPY\CPP\AWAYEXTENSIONSFLASHPRO\OBJ\WIN\RELEASE\64\USERATTRLIST.OBJ
C:\USERS\80PROZENT\DOCUMENTS\GITHUB\AWAYEXTENSIONFLASHPRO\AWAYEXTENSIONS-FLASHPRO - COPY\CPP\AWAYEXTENSIONSFLASHPRO\OBJ\WIN\RELEASE\64\FRAMECOMMANDREMOVEOBJECT.OBJ
C:\USERS\80PROZENT\DOCUMENTS\GITHUB\AWAYEXTENSIONFLASHPRO\AWAYEXTENSIONS-FLASHPRO - COPY\CPP\AWAYEXTENSIONSFLASHPRO\OBJ\WIN\RELEASE\64\FILLEDREGION.OBJ
C:\USERS\80PROZENT\DOCUMENTS\GITHUB\AWAYEXTENSIONFLASHPRO\AWAYEXTENSIONS-FLASHPRO - COPY\CPP\AWAYEXTENSIONSFLASHPRO\OBJ\WIN\RELEASE\64\TIMELINEDEPTHMANAGER.OBJ
C:\USERS\80PROZENT\DOCUMENTS\GITHUB\AWAYEXTENSIONFLASHPRO\AWAYEXTENSIONS-FLASHPRO - COPY\CPP\AWAYEXTENSIONSFLASHPRO\OBJ\WIN\RELEASE\64\GEOMUTIL_HELPER.OBJ
C:\USERS\80PROZENT\DOCUMENTS\GITHUB\AWAYEXTENSIONFLASHPRO\AWAYEXTENSIONS-FLASHPRO - COPY\CPP\AWAYEXTENSIONSFLASHPRO\OBJ\WIN\RELEASE\64\TIMELINEBUILDER.OBJ
C:\USERS\80PROZENT\DOCUMENTS\GITHUB\AWAYEXTENSIONFLASHPRO\AWAYEXTENSIONS-FLASHPRO - COPY\CPP\AWAYEXTENSIONSFLASHPRO\OBJ\WIN\RELEASE\64\PUBLISHER.OBJ
C:\USERS\80PROZENT\DOCUMENTS\GITHUB\AWAYEXTENSIONFLASHPRO\AWAYEXTENSIONS-FLASHPRO - COPY\CPP\AWAYEXTENSIONSFLASHPRO\OBJ\WIN\RELEASE\64\ANIMATIONFRAMEBASE.OBJ
C:\USERS\80PROZENT\DOCUMENTS\GITHUB\AWAYEXTENSIONFLASHPRO\AWAYEXTENSIONS-FLASHPRO - COPY\CPP\AWAYEXTENSIONSFLASHPRO\OBJ\WIN\RELEASE\64\COMMAND.OBJ
C:\USERS\80PROZENT\DOCUMENTS\GITHUB\AWAYEXTENSIONFLASHPRO\AWAYEXTENSIONS-FLASHPRO - COPY\CPP\AWAYEXTENSIONSFLASHPRO\OBJ\WIN\RELEASE\64\SCENE.OBJ
C:\USERS\80PROZENT\DOCUMENTS\GITHUB\AWAYEXTENSIONFLASHPRO\AWAYEXTENSIONS-FLASHPRO - COPY\CPP\AWAYEXTENSIONSFLASHPRO\OBJ\WIN\RELEASE\64\VERTEXPOSE.OBJ
C:\USERS\80PROZENT\DOCUMENTS\GITHUB\AWAYEXTENSIONFLASHPRO\AWAYEXTENSIONS-FLASHPRO - COPY\CPP\AWAYEXTENSIONSFLASHPRO\OBJ\WIN\RELEASE\64\FRAMECOMMANDDISPLAYOBJECT.OBJ
C:\USERS\80PROZENT\DOCUMENTS\GITHUB\AWAYEXTENSIONFLASHPRO\AWAYEXTENSIONS-FLASHPRO - COPY\CPP\AWAYEXTENSIONSFLASHPRO\OBJ\WIN\RELEASE\64\SUBGEOM.OBJ
C:\USERS\80PROZENT\DOCUMENTS\GITHUB\AWAYEXTENSIONFLASHPRO\AWAYEXTENSIONS-FLASHPRO - COPY\CPP\AWAYEXTENSIONSFLASHPRO\OBJ\WIN\RELEASE\64\SETTINGS.OBJ
C:\USERS\80PROZENT\DOCUMENTS\GITHUB\AWAYEXTENSIONFLASHPRO\AWAYEXTENSIONS-FLASHPRO - COPY\CPP\AWAYEXTENSIONSFLASHPRO\OBJ\WIN\RELEASE\64\FLASHTOAWDENCODER.OBJ
C:\USERS\80PROZENT\DOCUMENTS\GITHUB\AWAYEXTENSIONFLASHPRO\AWAYEXTENSIONS-FLASHPRO - COPY\CPP\AWAYEXTENSIONSFLASHPRO\OBJ\WIN\RELEASE\64\ICEREVISITEDRADIX.OBJ
C:\USERS\80PROZENT\DOCUMENTS\GITHUB\AWAYEXTENSIONFLASHPRO\AWAYEXTENSIONS-FLASHPRO - COPY\CPP\AWAYEXTENSIONSFLASHPRO\OBJ\WIN\RELEASE\64\BLOCKBASE.OBJ
C:\USERS\80PROZENT\DOCUMENTS\GITHUB\AWAYEXTENSIONFLASHPRO\AWAYEXTENSIONS-FLASHPRO - COPY\CPP\AWAYEXTENSIONSFLASHPRO\OBJ\WIN\RELEASE\64\BILLBOARD.OBJ
C:\USERS\80PROZENT\DOCUMENTS\GITHUB\AWAYEXTENSIONFLASHPRO\AWAYEXTENSIONS-FLASHPRO - COPY\CPP\AWAYEXTENSIONSFLASHPRO\OBJ\WIN\RELEASE\64\GEOMETRY.OBJ
C:\USERS\80PROZENT\DOCUMENTS\GITHUB\AWAYEXTENSIONFLASHPRO\AWAYEXTENSIONS-FLASHPRO - COPY\CPP\AWAYEXTENSIONSFLASHPRO\OBJ\WIN\RELEASE\64\SKELETON.OBJ
C:\USERS\80PROZENT\DOCUMENTS\GITHUB\AWAYEXTENSIONFLASHPRO\AWAYEXTENSIONS-FLASHPRO - COPY\CPP\AWAYEXTENSIONSFLASHPRO\OBJ\WIN\RELEASE\64\TEXTFORMAT.OBJ
C:\USERS\80PROZENT\DOCUMENTS\GITHUB\AWAYEXTENSIONFLASHPRO\AWAYEXTENSIONS-FLASHPRO - COPY\CPP\AWAYEXTENSIONSFLASHPRO\OBJ\WIN\RELEASE\64\NUMATTR.OBJ
C:\USERS\80PROZENT\DOCUMENTS\GITHUB\AWAYEXTENSIONFLASHPRO\AWAYEXTENSIONS-FLASHPRO - COPY\CPP\AWAYEXTENSIONSFLASHPRO\OBJ\WIN\RELEASE\64\DATASTREAMATTRBASE.OBJ
C:\USERS\80PROZENT\DOCUMENTS\GITHUB\AWAYEXTENSIONFLASHPRO\AWAYEXTENSIONS-FLASHPRO - COPY\CPP\AWAYEXTENSIONSFLASHPRO\OBJ\WIN\RELEASE\64\TRIANGLE.OBJ
C:\USERS\80PROZENT\DOCUMENTS\GITHUB\AWAYEXTENSIONFLASHPRO\AWAYEXTENSIONS-FLASHPRO - COPY\CPP\AWAYEXTENSIONSFLASHPRO\OBJ\WIN\RELEASE\64\TIMELINEFRAME.OBJ
C:\USERS\80PROZENT\DOCUMENTS\GITHUB\AWAYEXTENSIONFLASHPRO\AWAYEXTENSIONS-FLASHPRO - COPY\CPP\AWAYEXTENSIONSFLASHPRO\OBJ\WIN\RELEASE\64\TEXTURE_ATLAS_UTIL.OBJ
C:\USERS\80PROZENT\DOCUMENTS\GITHUB\AWAYEXTENSIONFLASHPRO\AWAYEXTENSIONS-FLASHPRO - COPY\CPP\AWAYEXTENSIONSFLASHPRO\OBJ\WIN\RELEASE\64\FLASHTOAWDENCODER_MEDIAITEMS.OBJ
C:\USERS\80PROZENT\DOCUMENTS\GITHUB\AWAYEXTENSIONFLASHPRO\AWAYEXTENSIONS-FLASHPRO - COPY\CPP\AWAYEXTENSIONSFLASHPRO\OBJ\WIN\RELEASE\64\UTILS.OBJ
C:\USERS\80PROZENT\DOCUMENTS\GITHUB\AWAYEXTENSIONFLASHPRO\AWAYEXTENSIONS-FLASHPRO - COPY\CPP\AWAYEXTENSIONSFLASHPRO\OBJ\WIN\RELEASE\64\STDAFX.OBJ
C:\USERS\80PROZENT\DOCUMENTS\GITHUB\AWAYEXTENSIONFLASHPRO\AWAYEXTENSIONS-FLASHPRO - COPY\CPP\AWAYEXTENSIONSFLASHPRO\OBJ\WIN\RELEASE\64\SCENEBLOCKBASE.OBJ
C:\USERS\80PROZENT\DOCUMENTS\GITHUB\AWAYEXTENSIONFLASHPRO\AWAYEXTENSIONS-FLASHPRO - COPY\CPP\AWAYEXTENSIONSFLASHPRO\OBJ\WIN\RELEASE\64\AUDIO.OBJ
C:\USERS\80PROZENT\DOCUMENTS\GITHUB\AWAYEXTENSIONFLASHPRO\AWAYEXTENSIONS-FLASHPRO - COPY\CPP\AWAYEXTENSIONSFLASHPRO\OBJ\WIN\RELEASE\64\CUBETEXTURE.OBJ
C:\USERS\80PROZENT\DOCUMENTS\GITHUB\AWAYEXTENSIONFLASHPRO\AWAYEXTENSIONS-FLASHPRO - COPY\CPP\AWAYEXTENSIONSFLASHPRO\OBJ\WIN\RELEASE\64\MESHINST.OBJ
C:\USERS\80PROZENT\DOCUMENTS\GITHUB\AWAYEXTENSIONFLASHPRO\AWAYEXTENSIONS-FLASHPRO - COPY\CPP\AWAYEXTENSIONSFLASHPRO\OBJ\WIN\RELEASE\64\SHADOWMETHOD.OBJ
C:\USERS\80PROZENT\DOCUMENTS\GITHUB\AWAYEXTENSIONFLASHPRO\AWAYEXTENSIONS-FLASHPRO - COPY\CPP\AWAYEXTENSIONSFLASHPRO\OBJ\WIN\RELEASE\64\TEXTELEMENT.OBJ
C:\USERS\80PROZENT\DOCUMENTS\GITHUB\AWAYEXTENSIONFLASHPRO\AWAYEXTENSIONS-FLASHPRO - COPY\CPP\AWAYEXTENSIONSFLASHPRO\OBJ\WIN\RELEASE\64\VERTEXANIMATIONCLIP.OBJ
C:\USERS\80PROZENT\DOCUMENTS\GITHUB\AWAYEXTENSIONFLASHPRO\AWAYEXTENSIONS-FLASHPRO - COPY\CPP\AWAYEXTENSIONSFLASHPRO\OBJ\WIN\RELEASE\64\DATASTREAM.OBJ
C:\USERS\80PROZENT\DOCUMENTS\GITHUB\AWAYEXTENSIONFLASHPRO\AWAYEXTENSIONS-FLASHPRO - COPY\CPP\AWAYEXTENSIONSFLASHPRO\OBJ\WIN\RELEASE\64\VERTEX.OBJ
C:\USERS\80PROZENT\DOCUMENTS\GITHUB\AWAYEXTENSIONFLASHPRO\AWAYEXTENSIONS-FLASHPRO - COPY\CPP\AWAYEXTENSIONSFLASHPRO\OBJ\WIN\RELEASE\64\AWDLZMA.OBJ
C:\USERS\80PROZENT\DOCUMENTS\GITHUB\AWAYEXTENSIONFLASHPRO\AWAYEXTENSIONS-FLASHPRO - COPY\CPP\AWAYEXTENSIONSFLASHPRO\OBJ\WIN\RELEASE\64\AWDZLIB.OBJ
C:\USERS\80PROZENT\DOCUMENTS\GITHUB\AWAYEXTENSIONFLASHPRO\AWAYEXTENSIONS-FLASHPRO - COPY\CPP\AWAYEXTENSIONSFLASHPRO\OBJ\WIN\RELEASE\64\FILEREADER.OBJ
C:\USERS\80PROZENT\DOCUMENTS\GITHUB\AWAYEXTENSIONFLASHPRO\AWAYEXTENSIONS-FLASHPRO - COPY\CPP\AWAYEXTENSIONSFLASHPRO\OBJ\WIN\RELEASE\64\UTIL.OBJ
C:\USERS\80PROZENT\DOCUMENTS\GITHUB\AWAYEXTENSIONFLASHPRO\AWAYEXTENSIONS-FLASHPRO - COPY\CPP\AWAYEXTENSIONSFLASHPRO\OBJ\WIN\RELEASE\64\MAIN.OBJ
C:\USERS\80PROZENT\DOCUMENTS\GITHUB\AWAYEXTENSIONFLASHPRO\AWAYEXTENSIONS-ANIMATE\CPP\AWAYEXTENSIONSFLASHPRO\OBJ\WIN\RELEASE\64\AWDTIMELINEWRITER.OBJ
C:\USERS\80PROZENT\DOCUMENTS\GITHUB\AWAYEXTENSIONFLASHPRO\AWAYEXTENSIONS-ANIMATE\CPP\AWAYEXTENSIONSFLASHPRO\OBJ\WIN\RELEASE\64\MAIN.OBJ
C:\USERS\80PROZENT\DOCUMENTS\GITHUB\AWAYEXTENSIONFLASHPRO\AWAYEXTENSIONS-ANIMATE\CPP\AWAYEXTENSIONSFLASHPRO\OBJ\WIN\RELEASE\64\HTTPSERVER.OBJ
C:\USERS\80PROZENT\DOCUMENTS\GITHUB\AWAYEXTENSIONFLASHPRO\AWAYEXTENSIONS-ANIMATE\CPP\AWAYEXTENSIONSFLASHPRO\OBJ\WIN\RELEASE\64\FLASHTOAWDENCODER_FONTS.OBJ
C:\USERS\80PROZENT\DOCUMENTS\GITHUB\AWAYEXTENSIONFLASHPRO\AWAYEXTENSIONS-ANIMATE\CPP\AWAYEXTENSIONSFLASHPRO\OBJ\WIN\RELEASE\64\FLASHTOAWDENCODER.OBJ
C:\USERS\80PROZENT\DOCUMENTS\GITHUB\AWAYEXTENSIONFLASHPRO\AWAYEXTENSIONS-ANIMATE\CPP\AWAYEXTENSIONSFLASHPRO\OBJ\WIN\RELEASE\64\PUBLISHER.OBJ
C:\USERS\80PROZENT\DOCUMENTS\GITHUB\AWAYEXTENSIONFLASHPRO\AWAYEXTENSIONS-ANIMATE\CPP\AWAYEXTENSIONSFLASHPRO\OBJ\WIN\RELEASE\64\DOCTYPE.OBJ
C:\USERS\80PROZENT\DOCUMENTS\GITHUB\AWAYEXTENSIONFLASHPRO\AWAYEXTENSIONS-ANIMATE\CPP\AWAYEXTENSIONSFLASHPRO\OBJ\WIN\RELEASE\64\FLASHTOAWDENCODER_SHAPES.OBJ
C:\USERS\80PROZENT\DOCUMENTS\GITHUB\AWAYEXTENSIONFLASHPRO\AWAYEXTENSIONS-ANIMATE\CPP\AWAYEXTENSIONSFLASHPRO\OBJ\WIN\RELEASE\64\FLASHTOAWDENCODER_FILLS.OBJ
C:\USERS\80PROZENT\DOCUMENTS\GITHUB\AWAYEXTENSIONFLASHPRO\AWAYEXTENSIONS-ANIMATE\CPP\AWAYEXTENSIONSFLASHPRO\OBJ\WIN\RELEASE\64\UTILS.OBJ
C:\USERS\80PROZENT\DOCUMENTS\GITHUB\AWAYEXTENSIONFLASHPRO\AWAYEXTENSIONS-ANIMATE\CPP\AWAYEXTENSIONSFLASHPRO\OBJ\WIN\RELEASE\64\FLASHTOAWDENCODER_MEDIAITEMS.OBJ
C:\USERS\80PROZENT\DOCUMENTS\GITHUB\AWAYEXTENSIONFLASHPRO\AWAYEXTENSIONS-ANIMATE\CPP\AWAYEXTENSIONSFLASHPRO\OBJ\WIN\RELEASE\64\TIMELINEBUILDER.OBJ
C:\USERS\80PROZENT\DOCUMENTS\GITHUB\AWAYEXTENSIONFLASHPRO\AWAYEXTENSIONS-ANIMATE\CPP\AWAYEXTENSIONSFLASHPRO\OBJ\WIN\RELEASE\64\MYXMLPARSER.OBJ
C:\USERS\80PROZENT\DOCUMENTS\GITHUB\AWAYEXTENSIONFLASHPRO\AWAYEXTENSIONS-ANIMATE\CPP\AWAYEXTENSIONSFLASHPRO\OBJ\WIN\RELEASE\64\RESSOURCEPALETTE.OBJ
C:\USERS\80PROZENT\DOCUMENTS\GITHUB\AWAYEXTENSIONFLASHPRO\AWAYEXTENSIONS-ANIMATE\CPP\AWAYEXTENSIONSFLASHPRO\OBJ\WIN\RELEASE\64\PUBLISHERUTILS.OBJ
C:\USERS\80PROZENT\DOCUMENTS\GITHUB\AWAYEXTENSIONFLASHPRO\AWAYEXTENSIONS-ANIMATE\CPP\AWAYEXTENSIONSFLASHPRO\OBJ\WIN\RELEASE\64\VC110.PDB
C:\USERS\80PROZENT\DOCUMENTS\GITHUB\AWAYEXTENSIONFLASHPRO\AWAYEXTENSIONS-ANIMATE\CPP\AWAYEXTENSIONSANIMATECC\OBJ\WIN\RELEASE\64\TIMELINEBUILDER.OBJ
C:\USERS\80PROZENT\DOCUMENTS\GITHUB\AWAYEXTENSIONFLASHPRO\AWAYEXTENSIONS-ANIMATE\CPP\AWAYEXTENSIONSANIMATECC\OBJ\WIN\RELEASE\64\MYXMLPARSER.OBJ
C:\USERS\80PROZENT\DOCUMENTS\GITHUB\AWAYEXTENSIONFLASHPRO\AWAYEXTENSIONS-ANIMATE\CPP\AWAYEXTENSIONSANIMATECC\OBJ\WIN\RELEASE\64\ANIMATETOAWDENCODER_MEDIAITEMS.OBJ
C:\USERS\80PROZENT\DOCUMENTS\GITHUB\AWAYEXTENSIONFLASHPRO\AWAYEXTENSIONS-ANIMATE\CPP\AWAYEXTENSIONSANIMATECC\OBJ\WIN\RELEASE\64\UTILS.OBJ
C:\USERS\80PROZENT\DOCUMENTS\GITHUB\AWAYEXTENSIONFLASHPRO\AWAYEXTENSIONS-ANIMATE\CPP\AWAYEXTENSIONSANIMATECC\OBJ\WIN\RELEASE\64\HTTPSERVER.OBJ
C:\USERS\80PROZENT\DOCUMENTS\GITHUB\AWAYEXTENSIONFLASHPRO\AWAYEXTENSIONS-ANIMATE\CPP\AWAYEXTENSIONSANIMATECC\OBJ\WIN\RELEASE\64\ANIMATETOAWDENCODER_FONTS.OBJ
C:\USERS\80PROZENT\DOCUMENTS\GITHUB\AWAYEXTENSIONFLASHPRO\AWAYEXTENSIONS-ANIMATE\CPP\AWAYEXTENSIONSANIMATECC\OBJ\WIN\RELEASE\64\RESSOURCEPALETTE.OBJ
C:\USERS\80PROZENT\DOCUMENTS\GITHUB\AWAYEXTENSIONFLASHPRO\AWAYEXTENSIONS-ANIMATE\CPP\AWAYEXTENSIONSANIMATECC\OBJ\WIN\RELEASE\64\PUBLISHERUTILS.OBJ
C:\USERS\80PROZENT\DOCUMENTS\GITHUB\AWAYEXTENSIONFLASHPRO\AWAYEXTENSIONS-ANIMATE\CPP\AWAYEXTENSIONSANIMATECC\OBJ\WIN\RELEASE\64\DOCTYPE.OBJ
C:\USERS\80PROZENT\DOCUMENTS\GITHUB\AWAYEXTENSIONFLASHPRO\AWAYEXTENSIONS-ANIMATE\CPP\AWAYEXTENSIONSANIMATECC\OBJ\WIN\RELEASE\64\ANIMATETOAWDENCODER_SHAPES.OBJ
C:\USERS\80PROZENT\DOCUMENTS\GITHUB\AWAYEXTENSIONFLASHPRO\AWAYEXTENSIONS-ANIMATE\CPP\AWAYEXTENSIONSANIMATECC\OBJ\WIN\RELEASE\64\AWDTIMELINEWRITER.OBJ
C:\USERS\80PROZENT\DOCUMENTS\GITHUB\AWAYEXTENSIONFLASHPRO\AWAYEXTENSIONS-ANIMATE\CPP\AWAYEXTENSIONSANIMATECC\OBJ\WIN\RELEASE\64\MAIN.OBJ
C:\USERS\80PROZENT\DOCUMENTS\GITHUB\AWAYEXTENSIONFLASHPRO\AWAYEXTENSIONS-ANIMATE\CPP\AWAYEXTENSIONSANIMATECC\OBJ\WIN\RELEASE\64\ANIMATETOAWDENCODER.OBJ
C:\USERS\80PROZENT\DOCUMENTS\GITHUB\AWAYEXTENSIONFLASHPRO\AWAYEXTENSIONS-ANIMATE\CPP\AWAYEXTENSIONSANIMATECC\OBJ\WIN\RELEASE\64\PUBLISHER.OBJ
C:\USERS\80PROZENT\DOCUMENTS\GITHUB\AWAYEXTENSIONFLASHPRO\AWAYEXTENSIONS-ANIMATE\CPP\AWAYEXTENSIONSANIMATECC\OBJ\WIN\RELEASE\64\ANIMATETOAWDENCODER_FILLS.OBJ
C:\USERS\80PROZENT\DOCUMENTS\GITHUB\AWAYEXTENSIONFLASHPRO\AWAYEXTENSIONS-ANIMATE\CPP\AWAYEXTENSIONSANIMATECC\OBJ\WIN\RELEASE\64\VC110.PDB
C:\PROGRAM FILES (X86)\COMMON FILES\ADOBE\CEP\EXTENSIONS\AWAYEXTENSIONSFLASHPRO\PLUGIN\LIB\WIN\AWAYEXTENSIONSFLASHPRO.FCM
C:\PROGRAM FILES (X86)\COMMON FILES\ADOBE\CEP\EXTENSIONS\AWAYEXTENSIONSFLASHPRO\PLUGIN\LIB\WIN\AWAYEXTENSIONSFLASHPRO.MAP
C:\USERS\80PROZENT\DOCUMENTS\GITHUB\AWAYEXTENSIONFLASHPRO\AWAYEXTENSIONS-FLASHPRO - COPY\CPP\AWAYEXTENSIONSFLASHPRO\OBJ\WIN\RELEASE\64\AWAYEXTENSIONSFLASHPRO.RES
C:\USERS\80PROZENT\DOCUMENTS\GITHUB\AWAYEXTENSIONFLASHPRO\AWAYEXTENSIONS-ANIMATE\CPP\AWAYEXTENSIONSFLASHPRO\OBJ\WIN\RELEASE\64\AWAYEXTENSIONSFLASHPRO.RES
C:\USERS\80PROZENT\DOCUMENTS\GITHUB\AWAYEXTENSIONFLASHPRO\AWAYEXTENSIONS-ANIMATE\CPP\AWAYEXTENSIONSANIMATECC\OBJ\WIN\RELEASE\64\AWAYEXTENSIONSANIMATECC.RES
C:\Users\80prozent\Documents\GitHub\AwayExtensionFlashPro\AwayExtensions-Animate\cpp\AwayExtensionsAnimateCC\obj\win\release\64\AnimateToAWDEncoder.obj
C:\Users\80prozent\Documents\GitHub\AwayExtensionFlashPro\AwayExtensions-Animate\cpp\AwayExtensionsAnimateCC\obj\win\release\64\AnimateToAWDEncoder_fills.obj
C:\Users\80prozent\Documents\GitHub\AwayExtensionFlashPro\AwayExtensions-Animate\cpp\AwayExtensionsAnimateCC\obj\win\release\64\AnimateToAWDEncoder_fonts.obj
C:\Users\80prozent\Documents\GitHub\AwayExtensionFlashPro\AwayExtensions-Animate\cpp\AwayExtensionsAnimateCC\obj\win\release\64\AnimateToAWDEncoder_mediaItems.obj
C:\Users\80prozent\Documents\GitHub\AwayExtensionFlashPro\AwayExtensions-Animate\cpp\AwayExtensionsAnimateCC\obj\win\release\64\AnimateToAWDEncoder_shapes.obj
C:\Users\80prozent\Documents\GitHub\AwayExtensionFlashPro\AwayExtensions-Animate\cpp\AwayExtensionsAnimateCC\obj\win\release\64\AnimationClipBase.obj
C:\Users\80prozent\Documents\GitHub\AwayExtensionFlashPro\AwayExtensions-Animate\cpp\AwayExtensionsAnimateCC\obj\win\release\64\AnimationFrameBase.obj
C:\Users\80prozent\Documents\GitHub\AwayExtensionFlashPro\AwayExtensions-Animate\cpp\AwayExtensionsAnimateCC\obj\win\release\64\AnimationSet.obj
C:\Users\80prozent\Documents\GitHub\AwayExtensionFlashPro\AwayExtensions-Animate\cpp\AwayExtensionsAnimateCC\obj\win\release\64\Animator.obj
C:\Users\80prozent\Documents\GitHub\AwayExtensionFlashPro\AwayExtensions-Animate\cpp\AwayExtensionsAnimateCC\obj\win\release\64\AttrBase.obj
C:\Users\80prozent\Documents\GitHub\AwayExtensionFlashPro\AwayExtensions-Animate\cpp\AwayExtensionsAnimateCC\obj\win\release\64\AttrElementBase.obj
C:\Users\80prozent\Documents\GitHub\AwayExtensionFlashPro\AwayExtensions-Animate\cpp\AwayExtensionsAnimateCC\obj\win\release\64\Audio.obj
C:\Users\80prozent\Documents\GitHub\AwayExtensionFlashPro\AwayExtensions-Animate\cpp\AwayExtensionsAnimateCC\obj\win\release\64\AWDFile.obj
C:\Users\80prozent\Documents\GitHub\AwayExtensionFlashPro\AwayExtensions-Animate\cpp\AwayExtensionsAnimateCC\obj\win\release\64\awdlzma.obj
C:\Users\80prozent\Documents\GitHub\AwayExtensionFlashPro\AwayExtensions-Animate\cpp\AwayExtensionsAnimateCC\obj\win\release\64\AWDTimelineWriter.obj
C:\Users\80prozent\Documents\GitHub\AwayExtensionFlashPro\AwayExtensions-Animate\cpp\AwayExtensionsAnimateCC\obj\win\release\64\awdzlib.obj
C:\Users\80prozent\Documents\GitHub\AwayExtensionFlashPro\AwayExtensions-Animate\cpp\AwayExtensionsAnimateCC\obj\win\release\64\awd_project.obj
C:\Users\80prozent\Documents\GitHub\AwayExtensionFlashPro\AwayExtensions-Animate\cpp\AwayExtensionsAnimateCC\obj\win\release\64\Billboard.obj
C:\Users\80prozent\Documents\GitHub\AwayExtensionFlashPro\AwayExtensions-Animate\cpp\AwayExtensionsAnimateCC\obj\win\release\64\BitmapTexture.obj
C:\Users\80prozent\Documents\GitHub\AwayExtensionFlashPro\AwayExtensions-Animate\cpp\AwayExtensionsAnimateCC\obj\win\release\64\BlockBase.obj
C:\Users\80prozent\Documents\GitHub\AwayExtensionFlashPro\AwayExtensions-Animate\cpp\AwayExtensionsAnimateCC\obj\win\release\64\BlockInstance.obj
C:\Users\80prozent\Documents\GitHub\AwayExtensionFlashPro\AwayExtensions-Animate\cpp\AwayExtensionsAnimateCC\obj\win\release\64\bucketalloc.obj
C:\Users\80prozent\Documents\GitHub\AwayExtensionFlashPro\AwayExtensions-Animate\cpp\AwayExtensionsAnimateCC\obj\win\release\64\Camera.obj
C:\Users\80prozent\Documents\GitHub\AwayExtensionFlashPro\AwayExtensions-Animate\cpp\AwayExtensionsAnimateCC\obj\win\release\64\Command.obj
C:\Users\80prozent\Documents\GitHub\AwayExtensionFlashPro\AwayExtensions-Animate\cpp\AwayExtensionsAnimateCC\obj\win\release\64\CubeTexture.obj
C:\Users\80prozent\Documents\GitHub\AwayExtensionFlashPro\AwayExtensions-Animate\cpp\AwayExtensionsAnimateCC\obj\win\release\64\DataBlockBase.obj
C:\Users\80prozent\Documents\GitHub\AwayExtensionFlashPro\AwayExtensions-Animate\cpp\AwayExtensionsAnimateCC\obj\win\release\64\DataStream.obj
C:\Users\80prozent\Documents\GitHub\AwayExtensionFlashPro\AwayExtensions-Animate\cpp\AwayExtensionsAnimateCC\obj\win\release\64\DataStreamAttrBase.obj
C:\Users\80prozent\Documents\GitHub\AwayExtensionFlashPro\AwayExtensions-Animate\cpp\AwayExtensionsAnimateCC\obj\win\release\64\dict.obj
C:\Users\80prozent\Documents\GitHub\AwayExtensionFlashPro\AwayExtensions-Animate\cpp\AwayExtensionsAnimateCC\obj\win\release\64\DirentWin.obj
C:\Users\80prozent\Documents\GitHub\AwayExtensionFlashPro\AwayExtensions-Animate\cpp\AwayExtensionsAnimateCC\obj\win\release\64\DocType.obj
C:\Users\80prozent\Documents\GitHub\AwayExtensionFlashPro\AwayExtensions-Animate\cpp\AwayExtensionsAnimateCC\obj\win\release\64\EffectMethod.obj
C:\Users\80prozent\Documents\GitHub\AwayExtensionFlashPro\AwayExtensions-Animate\cpp\AwayExtensionsAnimateCC\obj\win\release\64\FileReader.obj
C:\Users\80prozent\Documents\GitHub\AwayExtensionFlashPro\AwayExtensions-Animate\cpp\AwayExtensionsAnimateCC\obj\win\release\64\FileWriter.obj
C:\Users\80prozent\Documents\GitHub\AwayExtensionFlashPro\AwayExtensions-Animate\cpp\AwayExtensionsAnimateCC\obj\win\release\64\FilledRegion.obj
C:\Users\80prozent\Documents\GitHub\AwayExtensionFlashPro\AwayExtensions-Animate\cpp\AwayExtensionsAnimateCC\obj\win\release\64\FlashToAWDEncoder.obj
C:\Users\80prozent\Documents\GitHub\AwayExtensionFlashPro\AwayExtensions-Animate\cpp\AwayExtensionsAnimateCC\obj\win\release\64\FlashToAWDEncoder_fills.obj
C:\Users\80prozent\Documents\GitHub\AwayExtensionFlashPro\AwayExtensions-Animate\cpp\AwayExtensionsAnimateCC\obj\win\release\64\FlashToAWDEncoder_fonts.obj
C:\Users\80prozent\Documents\GitHub\AwayExtensionFlashPro\AwayExtensions-Animate\cpp\AwayExtensionsAnimateCC\obj\win\release\64\FlashToAWDEncoder_mediaItems.obj
C:\Users\80prozent\Documents\GitHub\AwayExtensionFlashPro\AwayExtensions-Animate\cpp\AwayExtensionsAnimateCC\obj\win\release\64\FlashToAWDEncoder_shapes.obj
C:\Users\80prozent\Documents\GitHub\AwayExtensionFlashPro\AwayExtensions-Animate\cpp\AwayExtensionsAnimateCC\obj\win\release\64\Font.obj
C:\Users\80prozent\Documents\GitHub\AwayExtensionFlashPro\AwayExtensions-Animate\cpp\AwayExtensionsAnimateCC\obj\win\release\64\FontElements.obj
C:\Users\80prozent\Documents\GitHub\AwayExtensionFlashPro\AwayExtensions-Animate\cpp\AwayExtensionsAnimateCC\obj\win\release\64\FrameCommandBase.obj
C:\Users\80prozent\Documents\GitHub\AwayExtensionFlashPro\AwayExtensions-Animate\cpp\AwayExtensionsAnimateCC\obj\win\release\64\FrameCommandDisplayObject.obj
C:\Users\80prozent\Documents\GitHub\AwayExtensionFlashPro\AwayExtensions-Animate\cpp\AwayExtensionsAnimateCC\obj\win\release\64\FrameCommandRemoveObject.obj
C:\Users\80prozent\Documents\GitHub\AwayExtensionFlashPro\AwayExtensions-Animate\cpp\AwayExtensionsAnimateCC\obj\win\release\64\FrameCommandSoundObject.obj
C:\Users\80prozent\Documents\GitHub\AwayExtensionFlashPro\AwayExtensions-Animate\cpp\AwayExtensionsAnimateCC\obj\win\release\64\geom.obj
C:\Users\80prozent\Documents\GitHub\AwayExtensionFlashPro\AwayExtensions-Animate\cpp\AwayExtensionsAnimateCC\obj\win\release\64\Geometry.obj
C:\Users\80prozent\Documents\GitHub\AwayExtensionFlashPro\AwayExtensions-Animate\cpp\AwayExtensionsAnimateCC\obj\win\release\64\geomutil.obj
C:\Users\80prozent\Documents\GitHub\AwayExtensionFlashPro\AwayExtensions-Animate\cpp\AwayExtensionsAnimateCC\obj\win\release\64\geomutil_helper.obj
C:\Users\80prozent\Documents\GitHub\AwayExtensionFlashPro\AwayExtensions-Animate\cpp\AwayExtensionsAnimateCC\obj\win\release\64\geom_types.obj
C:\Users\80prozent\Documents\GitHub\AwayExtensionFlashPro\AwayExtensions-Animate\cpp\AwayExtensionsAnimateCC\obj\win\release\64\HTTPServer.obj
C:\Users\80prozent\Documents\GitHub\AwayExtensionFlashPro\AwayExtensions-Animate\cpp\AwayExtensionsAnimateCC\obj\win\release\64\IceRadix3Passes.obj
C:\Users\80prozent\Documents\GitHub\AwayExtensionFlashPro\AwayExtensions-Animate\cpp\AwayExtensionsAnimateCC\obj\win\release\64\IceRevisitedRadix.obj
C:\Users\80prozent\Documents\GitHub\AwayExtensionFlashPro\AwayExtensions-Animate\cpp\AwayExtensionsAnimateCC\obj\win\release\64\Light.obj
C:\Users\80prozent\Documents\GitHub\AwayExtensionFlashPro\AwayExtensions-Animate\cpp\AwayExtensionsAnimateCC\obj\win\release\64\LightPicker.obj
C:\Users\80prozent\Documents\GitHub\AwayExtensionFlashPro\AwayExtensions-Animate\cpp\AwayExtensionsAnimateCC\obj\win\release\64\lodepng.obj
C:\Users\80prozent\Documents\GitHub\AwayExtensionFlashPro\AwayExtensions-Animate\cpp\AwayExtensionsAnimateCC\obj\win\release\64\main.obj
C:\Users\80prozent\Documents\GitHub\AwayExtensionFlashPro\AwayExtensions-Animate\cpp\AwayExtensionsAnimateCC\obj\win\release\64\Material.obj
C:\Users\80prozent\Documents\GitHub\AwayExtensionFlashPro\AwayExtensions-Animate\cpp\AwayExtensionsAnimateCC\obj\win\release\64\mesh.obj
C:\Users\80prozent\Documents\GitHub\AwayExtensionFlashPro\AwayExtensions-Animate\cpp\AwayExtensionsAnimateCC\obj\win\release\64\MeshInst.obj
C:\Users\80prozent\Documents\GitHub\AwayExtensionFlashPro\AwayExtensions-Animate\cpp\AwayExtensionsAnimateCC\obj\win\release\64\MeshLibrary.obj
C:\Users\80prozent\Documents\GitHub\AwayExtensionFlashPro\AwayExtensions-Animate\cpp\AwayExtensionsAnimateCC\obj\win\release\64\MetaData.obj
C:\Users\80prozent\Documents\GitHub\AwayExtensionFlashPro\AwayExtensions-Animate\cpp\AwayExtensionsAnimateCC\obj\win\release\64\mongoose.obj
C:\Users\80prozent\Documents\GitHub\AwayExtensionFlashPro\AwayExtensions-Animate\cpp\AwayExtensionsAnimateCC\obj\win\release\64\MyXmlParser.obj
C:\Users\80prozent\Documents\GitHub\AwayExtensionFlashPro\AwayExtensions-Animate\cpp\AwayExtensionsAnimateCC\obj\win\release\64\Namespace.obj
C:\Users\80prozent\Documents\GitHub\AwayExtensionFlashPro\AwayExtensions-Animate\cpp\AwayExtensionsAnimateCC\obj\win\release\64\NumAttr.obj
C:\Users\80prozent\Documents\GitHub\AwayExtensionFlashPro\AwayExtensions-Animate\cpp\AwayExtensionsAnimateCC\obj\win\release\64\NumAttrList.obj
C:\Users\80prozent\Documents\GitHub\AwayExtensionFlashPro\AwayExtensions-Animate\cpp\AwayExtensionsAnimateCC\obj\win\release\64\ObjectContainer3D.obj
C:\Users\80prozent\Documents\GitHub\AwayExtensionFlashPro\AwayExtensions-Animate\cpp\AwayExtensionsAnimateCC\obj\win\release\64\Path.obj
C:\Users\80prozent\Documents\GitHub\AwayExtensionFlashPro\AwayExtensions-Animate\cpp\AwayExtensionsAnimateCC\obj\win\release\64\PathSegment.obj
C:\Users\80prozent\Documents\GitHub\AwayExtensionFlashPro\AwayExtensions-Animate\cpp\AwayExtensionsAnimateCC\obj\win\release\64\Primitive.obj
C:\Users\80prozent\Documents\GitHub\AwayExtensionFlashPro\AwayExtensions-Animate\cpp\AwayExtensionsAnimateCC\obj\win\release\64\priorityq.obj
C:\Users\80prozent\Documents\GitHub\AwayExtensionFlashPro\AwayExtensions-Animate\cpp\AwayExtensionsAnimateCC\obj\win\release\64\Publisher.obj
C:\Users\80prozent\Documents\GitHub\AwayExtensionFlashPro\AwayExtensions-Animate\cpp\AwayExtensionsAnimateCC\obj\win\release\64\PublisherUtils.obj
C:\Users\80prozent\Documents\GitHub\AwayExtensionFlashPro\AwayExtensions-Animate\cpp\AwayExtensionsAnimateCC\obj\win\release\64\RessourcePalette.obj
C:\Users\80prozent\Documents\GitHub\AwayExtensionFlashPro\AwayExtensions-Animate\cpp\AwayExtensionsAnimateCC\obj\win\release\64\Scene.obj
C:\Users\80prozent\Documents\GitHub\AwayExtensionFlashPro\AwayExtensions-Animate\cpp\AwayExtensionsAnimateCC\obj\win\release\64\SceneBlockBase.obj
C:\Users\80prozent\Documents\GitHub\AwayExtensionFlashPro\AwayExtensions-Animate\cpp\AwayExtensionsAnimateCC\obj\win\release\64\Settings.obj
C:\Users\80prozent\Documents\GitHub\AwayExtensionFlashPro\AwayExtensions-Animate\cpp\AwayExtensionsAnimateCC\obj\win\release\64\ShadingMethod.obj
C:\Users\80prozent\Documents\GitHub\AwayExtensionFlashPro\AwayExtensions-Animate\cpp\AwayExtensionsAnimateCC\obj\win\release\64\ShadowMethod.obj
C:\Users\80prozent\Documents\GitHub\AwayExtensionFlashPro\AwayExtensions-Animate\cpp\AwayExtensionsAnimateCC\obj\win\release\64\SharedVertex.obj
C:\Users\80prozent\Documents\GitHub\AwayExtensionFlashPro\AwayExtensions-Animate\cpp\AwayExtensionsAnimateCC\obj\win\release\64\Skeleton.obj
C:\Users\80prozent\Documents\GitHub\AwayExtensionFlashPro\AwayExtensions-Animate\cpp\AwayExtensionsAnimateCC\obj\win\release\64\SkeletonAnimationClip.obj
C:\Users\80prozent\Documents\GitHub\AwayExtensionFlashPro\AwayExtensions-Animate\cpp\AwayExtensionsAnimateCC\obj\win\release\64\SkeletonJoint.obj
C:\Users\80prozent\Documents\GitHub\AwayExtensionFlashPro\AwayExtensions-Animate\cpp\AwayExtensionsAnimateCC\obj\win\release\64\SkeletonPose.obj
C:\Users\80prozent\Documents\GitHub\AwayExtensionFlashPro\AwayExtensions-Animate\cpp\AwayExtensionsAnimateCC\obj\win\release\64\SkyBox.obj
C:\Users\80prozent\Documents\GitHub\AwayExtensionFlashPro\AwayExtensions-Animate\cpp\AwayExtensionsAnimateCC\obj\win\release\64\StateElementbase.obj
C:\Users\80prozent\Documents\GitHub\AwayExtensionFlashPro\AwayExtensions-Animate\cpp\AwayExtensionsAnimateCC\obj\win\release\64\StdAfx.obj
C:\Users\80prozent\Documents\GitHub\AwayExtensionFlashPro\AwayExtensions-Animate\cpp\AwayExtensionsAnimateCC\obj\win\release\64\SubGeom.obj
C:\Users\80prozent\Documents\GitHub\AwayExtensionFlashPro\AwayExtensions-Animate\cpp\AwayExtensionsAnimateCC\obj\win\release\64\SubGeomInternal.obj
C:\Users\80prozent\Documents\GitHub\AwayExtensionFlashPro\AwayExtensions-Animate\cpp\AwayExtensionsAnimateCC\obj\win\release\64\sweep.obj
C:\Users\80prozent\Documents\GitHub\AwayExtensionFlashPro\AwayExtensions-Animate\cpp\AwayExtensionsAnimateCC\obj\win\release\64\tess.obj
C:\Users\80prozent\Documents\GitHub\AwayExtensionFlashPro\AwayExtensions-Animate\cpp\AwayExtensionsAnimateCC\obj\win\release\64\TextElement.obj
C:\Users\80prozent\Documents\GitHub\AwayExtensionFlashPro\AwayExtensions-Animate\cpp\AwayExtensionsAnimateCC\obj\win\release\64\TextFormat.obj
C:\Users\80prozent\Documents\GitHub\AwayExtensionFlashPro\AwayExtensions-Animate\cpp\AwayExtensionsAnimateCC\obj\win\release\64\TextureProjector.obj
C:\Users\80prozent\Documents\GitHub\AwayExtensionFlashPro\AwayExtensions-Animate\cpp\AwayExtensionsAnimateCC\obj\win\release\64\texture_atlas_util.obj
C:\Users\80prozent\Documents\GitHub\AwayExtensionFlashPro\AwayExtensions-Animate\cpp\AwayExtensionsAnimateCC\obj\win\release\64\Timeline.obj
C:\Users\80prozent\Documents\GitHub\AwayExtensionFlashPro\AwayExtensions-Animate\cpp\AwayExtensionsAnimateCC\obj\win\release\64\TimeLineBuilder.obj
C:\Users\80prozent\Documents\GitHub\AwayExtensionFlashPro\AwayExtensions-Animate\cpp\AwayExtensionsAnimateCC\obj\win\release\64\TimelineDepthManager.obj
C:\Users\80prozent\Documents\GitHub\AwayExtensionFlashPro\AwayExtensions-Animate\cpp\AwayExtensionsAnimateCC\obj\win\release\64\TimeLineFrame.obj
C:\Users\80prozent\Documents\GitHub\AwayExtensionFlashPro\AwayExtensions-Animate\cpp\AwayExtensionsAnimateCC\obj\win\release\64\Triangle.obj
C:\Users\80prozent\Documents\GitHub\AwayExtensionFlashPro\AwayExtensions-Animate\cpp\AwayExtensionsAnimateCC\obj\win\release\64\UserAttr.obj
C:\Users\80prozent\Documents\GitHub\AwayExtensionFlashPro\AwayExtensions-Animate\cpp\AwayExtensionsAnimateCC\obj\win\release\64\UserAttrList.obj
C:\Users\80prozent\Documents\GitHub\AwayExtensionFlashPro\AwayExtensions-Animate\cpp\AwayExtensionsAnimateCC\obj\win\release\64\util.obj
C:\Users\80prozent\Documents\GitHub\AwayExtensionFlashPro\AwayExtensions-Animate\cpp\AwayExtensionsAnimateCC\obj\win\release\64\Utils.obj
C:\Users\80prozent\Documents\GitHub\AwayExtensionFlashPro\AwayExtensions-Animate\cpp\AwayExtensionsAnimateCC\obj\win\release\64\UVAnimationClip.obj
C:\Users\80prozent\Documents\GitHub\AwayExtensionFlashPro\AwayExtensions-Animate\cpp\AwayExtensionsAnimateCC\obj\win\release\64\UVPose.obj
C:\Users\80prozent\Documents\GitHub\AwayExtensionFlashPro\AwayExtensions-Animate\cpp\AwayExtensionsAnimateCC\obj\win\release\64\Vertex.obj
C:\Users\80prozent\Documents\GitHub\AwayExtensionFlashPro\AwayExtensions-Animate\cpp\AwayExtensionsAnimateCC\obj\win\release\64\VertexAnimationClip.obj
C:\Users\80prozent\Documents\GitHub\AwayExtensionFlashPro\AwayExtensions-Animate\cpp\AwayExtensionsAnimateCC\obj\win\release\64\VertexPose.obj
C:\Users\80prozent\Documents\GitHub\AwayExtensionFlashPro\AwayExtensions-Animate\cpp\AwayExtensionsAnimateCC\obj\win\release\64\AwayExtensionsFlashPro.write.1.tlog
C:\Users\80prozent\Documents\GitHub\AwayExtensionFlashPro\AwayExtensions-Animate\cpp\AwayExtensionsAnimateCC\obj\win\release\64\CL.10028.read.1.tlog
C:\Users\80prozent\Documents\GitHub\AwayExtensionFlashPro\AwayExtensions-Animate\cpp\AwayExtensionsAnimateCC\obj\win\release\64\CL.10028.write.1.tlog
C:\Users\80prozent\Documents\GitHub\AwayExtensionFlashPro\AwayExtensions-Animate\cpp\AwayExtensionsAnimateCC\obj\win\release\64\CL.10044.read.1.tlog
C:\Users\80prozent\Documents\GitHub\AwayExtensionFlashPro\AwayExtensions-Animate\cpp\AwayExtensionsAnimateCC\obj\win\release\64\CL.10044.write.1.tlog
C:\Users\80prozent\Documents\GitHub\AwayExtensionFlashPro\AwayExtensions-Animate\cpp\AwayExtensionsAnimateCC\obj\win\release\64\CL.10244.read.1.tlog
C:\Users\80prozent\Documents\GitHub\AwayExtensionFlashPro\AwayExtensions-Animate\cpp\AwayExtensionsAnimateCC\obj\win\release\64\CL.10244.write.1.tlog
C:\Users\80prozent\Documents\GitHub\AwayExtensionFlashPro\AwayExtensions-Animate\cpp\AwayExtensionsAnimateCC\obj\win\release\64\CL.10248.read.1.tlog
C:\Users\80prozent\Documents\GitHub\AwayExtensionFlashPro\AwayExtensions-Animate\cpp\AwayExtensionsAnimateCC\obj\win\release\64\CL.10248.write.1.tlog
C:\Users\80prozent\Documents\GitHub\AwayExtensionFlashPro\AwayExtensions-Animate\cpp\AwayExtensionsAnimateCC\obj\win\release\64\CL.10252.read.1.tlog
C:\Users\80prozent\Documents\GitHub\AwayExtensionFlashPro\AwayExtensions-Animate\cpp\AwayExtensionsAnimateCC\obj\win\release\64\CL.10252.write.1.tlog
C:\Users\80prozent\Documents\GitHub\AwayExtensionFlashPro\AwayExtensions-Animate\cpp\AwayExtensionsAnimateCC\obj\win\release\64\CL.1036.read.1.tlog
C:\Users\80prozent\Documents\GitHub\AwayExtensionFlashPro\AwayExtensions-Animate\cpp\AwayExtensionsAnimateCC\obj\win\release\64\CL.1036.write.1.tlog
C:\Users\80prozent\Documents\GitHub\AwayExtensionFlashPro\AwayExtensions-Animate\cpp\AwayExtensionsAnimateCC\obj\win\release\64\CL.1072.read.1.tlog
C:\Users\80prozent\Documents\GitHub\AwayExtensionFlashPro\AwayExtensions-Animate\cpp\AwayExtensionsAnimateCC\obj\win\release\64\CL.1072.write.1.tlog
C:\Users\80prozent\Documents\GitHub\AwayExtensionFlashPro\AwayExtensions-Animate\cpp\AwayExtensionsAnimateCC\obj\win\release\64\CL.10812.read.1.tlog
C:\Users\80prozent\Documents\GitHub\AwayExtensionFlashPro\AwayExtensions-Animate\cpp\AwayExtensionsAnimateCC\obj\win\release\64\CL.10812.write.1.tlog
C:\Users\80prozent\Documents\GitHub\AwayExtensionFlashPro\AwayExtensions-Animate\cpp\AwayExtensionsAnimateCC\obj\win\release\64\CL.11160.read.1.tlog
C:\Users\80prozent\Documents\GitHub\AwayExtensionFlashPro\AwayExtensions-Animate\cpp\AwayExtensionsAnimateCC\obj\win\release\64\CL.11160.write.1.tlog
C:\Users\80prozent\Documents\GitHub\AwayExtensionFlashPro\AwayExtensions-Animate\cpp\AwayExtensionsAnimateCC\obj\win\release\64\CL.11168.read.1.tlog
C:\Users\80prozent\Documents\GitHub\AwayExtensionFlashPro\AwayExtensions-Animate\cpp\AwayExtensionsAnimateCC\obj\win\release\64\CL.11168.write.1.tlog
C:\Users\80prozent\Documents\GitHub\AwayExtensionFlashPro\AwayExtensions-Animate\cpp\AwayExtensionsAnimateCC\obj\win\release\64\CL.11296.read.1.tlog
C:\Users\80prozent\Documents\GitHub\AwayExtensionFlashPro\AwayExtensions-Animate\cpp\AwayExtensionsAnimateCC\obj\win\release\64\CL.11296.write.1.tlog
C:\Users\80prozent\Documents\GitHub\AwayExtensionFlashPro\AwayExtensions-Animate\cpp\AwayExtensionsAnimateCC\obj\win\release\64\CL.11588.read.1.tlog
C:\Users\80prozent\Documents\GitHub\AwayExtensionFlashPro\AwayExtensions-Animate\cpp\AwayExtensionsAnimateCC\obj\win\release\64\CL.11588.write.1.tlog
C:\Users\80prozent\Documents\GitHub\AwayExtensionFlashPro\AwayExtensions-Animate\cpp\AwayExtensionsAnimateCC\obj\win\release\64\CL.11672.read.1.tlog
C:\Users\80prozent\Documents\GitHub\AwayExtensionFlashPro\AwayExtensions-Animate\cpp\AwayExtensionsAnimateCC\obj\win\release\64\CL.11672.write.1.tlog
C:\Users\80prozent\Documents\GitHub\AwayExtensionFlashPro\AwayExtensions-Animate\cpp\AwayExtensionsAnimateCC\obj\win\release\64\CL.11912.read.1.tlog
C:\Users\80prozent\Documents\GitHub\AwayExtensionFlashPro\AwayExtensions-Animate\cpp\AwayExtensionsAnimateCC\obj\win\release\64\CL.11912.write.1.tlog
C:\Users\80prozent\Documents\GitHub\AwayExtensionFlashPro\AwayExtensions-Animate\cpp\AwayExtensionsAnimateCC\obj\win\release\64\CL.12060.read.1.tlog
C:\Users\80prozent\Documents\GitHub\AwayExtensionFlashPro\AwayExtensions-Animate\cpp\AwayExtensionsAnimateCC\obj\win\release\64\CL.12060.write.1.tlog
C:\Users\80prozent\Documents\GitHub\AwayExtensionFlashPro\AwayExtensions-Animate\cpp\AwayExtensionsAnimateCC\obj\win\release\64\CL.1512.read.1.tlog
C:\Users\80prozent\Documents\GitHub\AwayExtensionFlashPro\AwayExtensions-Animate\cpp\AwayExtensionsAnimateCC\obj\win\release\64\CL.1512.write.1.tlog
C:\Users\80prozent\Documents\GitHub\AwayExtensionFlashPro\AwayExtensions-Animate\cpp\AwayExtensionsAnimateCC\obj\win\release\64\CL.1528.read.1.tlog
C:\Users\80prozent\Documents\GitHub\AwayExtensionFlashPro\AwayExtensions-Animate\cpp\AwayExtensionsAnimateCC\obj\win\release\64\CL.1528.write.1.tlog
C:\Users\80prozent\Documents\GitHub\AwayExtensionFlashPro\AwayExtensions-Animate\cpp\AwayExtensionsAnimateCC\obj\win\release\64\CL.156.read.1.tlog
C:\Users\80prozent\Documents\GitHub\AwayExtensionFlashPro\AwayExtensions-Animate\cpp\AwayExtensionsAnimateCC\obj\win\release\64\CL.156.write.1.tlog
C:\Users\80prozent\Documents\GitHub\AwayExtensionFlashPro\AwayExtensions-Animate\cpp\AwayExtensionsAnimateCC\obj\win\release\64\CL.1592.read.1.tlog
C:\Users\80prozent\Documents\GitHub\AwayExtensionFlashPro\AwayExtensions-Animate\cpp\AwayExtensionsAnimateCC\obj\win\release\64\CL.1592.write.1.tlog
C:\Users\80prozent\Documents\GitHub\AwayExtensionFlashPro\AwayExtensions-Animate\cpp\AwayExtensionsAnimateCC\obj\win\release\64\CL.1668.read.1.tlog
C:\Users\80prozent\Documents\GitHub\AwayExtensionFlashPro\AwayExtensions-Animate\cpp\AwayExtensionsAnimateCC\obj\win\release\64\CL.1668.write.1.tlog
C:\Users\80prozent\Documents\GitHub\AwayExtensionFlashPro\AwayExtensions-Animate\cpp\AwayExtensionsAnimateCC\obj\win\release\64\CL.1756.read.1.tlog
C:\Users\80prozent\Documents\GitHub\AwayExtensionFlashPro\AwayExtensions-Animate\cpp\AwayExtensionsAnimateCC\obj\win\release\64\CL.1756.write.1.tlog
C:\Users\80prozent\Documents\GitHub\AwayExtensionFlashPro\AwayExtensions-Animate\cpp\AwayExtensionsAnimateCC\obj\win\release\64\CL.1772.read.1.tlog
C:\Users\80prozent\Documents\GitHub\AwayExtensionFlashPro\AwayExtensions-Animate\cpp\AwayExtensionsAnimateCC\obj\win\release\64\CL.1772.write.1.tlog
C:\Users\80prozent\Documents\GitHub\AwayExtensionFlashPro\AwayExtensions-Animate\cpp\AwayExtensionsAnimateCC\obj\win\release\64\CL.1804.read.1.tlog
C:\Users\80prozent\Documents\GitHub\AwayExtensionFlashPro\AwayExtensions-Animate\cpp\AwayExtensionsAnimateCC\obj\win\release\64\CL.1804.write.1.tlog
C:\Users\80prozent\Documents\GitHub\AwayExtensionFlashPro\AwayExtensions-Animate\cpp\AwayExtensionsAnimateCC\obj\win\release\64\CL.1808.read.1.tlog
C:\Users\80prozent\Documents\GitHub\AwayExtensionFlashPro\AwayExtensions-Animate\cpp\AwayExtensionsAnimateCC\obj\win\release\64\CL.1808.write.1.tlog
C:\Users\80prozent\Documents\GitHub\AwayExtensionFlashPro\AwayExtensions-Animate\cpp\AwayExtensionsAnimateCC\obj\win\release\64\CL.1868.read.1.tlog
C:\Users\80prozent\Documents\GitHub\AwayExtensionFlashPro\AwayExtensions-Animate\cpp\AwayExtensionsAnimateCC\obj\win\release\64\CL.1868.write.1.tlog
C:\Users\80prozent\Documents\GitHub\AwayExtensionFlashPro\AwayExtensions-Animate\cpp\AwayExtensionsAnimateCC\obj\win\release\64\CL.1880.read.1.tlog
C:\Users\80prozent\Documents\GitHub\AwayExtensionFlashPro\AwayExtensions-Animate\cpp\AwayExtensionsAnimateCC\obj\win\release\64\CL.1880.write.1.tlog
C:\Users\80prozent\Documents\GitHub\AwayExtensionFlashPro\AwayExtensions-Animate\cpp\AwayExtensionsAnimateCC\obj\win\release\64\CL.2064.read.1.tlog
C:\Users\80prozent\Documents\GitHub\AwayExtensionFlashPro\AwayExtensions-Animate\cpp\AwayExtensionsAnimateCC\obj\win\release\64\CL.2064.write.1.tlog
C:\Users\80prozent\Documents\GitHub\AwayExtensionFlashPro\AwayExtensions-Animate\cpp\AwayExtensionsAnimateCC\obj\win\release\64\CL.2392.read.1.tlog
C:\Users\80prozent\Documents\GitHub\AwayExtensionFlashPro\AwayExtensions-Animate\cpp\AwayExtensionsAnimateCC\obj\win\release\64\CL.2392.write.1.tlog
C:\Users\80prozent\Documents\GitHub\AwayExtensionFlashPro\AwayExtensions-Animate\cpp\AwayExtensionsAnimateCC\obj\win\release\64\CL.2420.read.1.tlog
C:\Users\80prozent\Documents\GitHub\AwayExtensionFlashPro\AwayExtensions-Animate\cpp\AwayExtensionsAnimateCC\obj\win\release\64\CL.2420.write.1.tlog
C:\Users\80prozent\Documents\GitHub\AwayExtensionFlashPro\AwayExtensions-Animate\cpp\AwayExtensionsAnimateCC\obj\win\release\64\CL.2496.read.1.tlog
C:\Users\80prozent\Documents\GitHub\AwayExtensionFlashPro\AwayExtensions-Animate\cpp\AwayExtensionsAnimateCC\obj\win\release\64\CL.2496.write.1.tlog
C:\Users\80prozent\Documents\GitHub\AwayExtensionFlashPro\AwayExtensions-Animate\cpp\AwayExtensionsAnimateCC\obj\win\release\64\CL.252.read.1.tlog
C:\Users\80prozent\Documents\GitHub\AwayExtensionFlashPro\AwayExtensions-Animate\cpp\AwayExtensionsAnimateCC\obj\win\release\64\CL.252.write.1.tlog
C:\Users\80prozent\Documents\GitHub\AwayExtensionFlashPro\AwayExtensions-Animate\cpp\AwayExtensionsAnimateCC\obj\win\release\64\CL.2616.read.1.tlog
C:\Users\80prozent\Documents\GitHub\AwayExtensionFlashPro\AwayExtensions-Animate\cpp\AwayExtensionsAnimateCC\obj\win\release\64\CL.2616.write.1.tlog
C:\Users\80prozent\Documents\GitHub\AwayExtensionFlashPro\AwayExtensions-Animate\cpp\AwayExtensionsAnimateCC\obj\win\release\64\CL.2624.read.1.tlog
C:\Users\80prozent\Documents\GitHub\AwayExtensionFlashPro\AwayExtensions-Animate\cpp\AwayExtensionsAnimateCC\obj\win\release\64\CL.2624.write.1.tlog
C:\Users\80prozent\Documents\GitHub\AwayExtensionFlashPro\AwayExtensions-Animate\cpp\AwayExtensionsAnimateCC\obj\win\release\64\CL.2708.read.1.tlog
C:\Users\80prozent\Documents\GitHub\AwayExtensionFlashPro\AwayExtensions-Animate\cpp\AwayExtensionsAnimateCC\obj\win\release\64\CL.2708.write.1.tlog
C:\Users\80prozent\Documents\GitHub\AwayExtensionFlashPro\AwayExtensions-Animate\cpp\AwayExtensionsAnimateCC\obj\win\release\64\CL.2856.read.1.tlog
C:\Users\80prozent\Documents\GitHub\AwayExtensionFlashPro\AwayExtensions-Animate\cpp\AwayExtensionsAnimateCC\obj\win\release\64\CL.2856.write.1.tlog
C:\Users\80prozent\Documents\GitHub\AwayExtensionFlashPro\AwayExtensions-Animate\cpp\AwayExtensionsAnimateCC\obj\win\release\64\CL.2916.read.1.tlog
C:\Users\80prozent\Documents\GitHub\AwayExtensionFlashPro\AwayExtensions-Animate\cpp\AwayExtensionsAnimateCC\obj\win\release\64\CL.2916.write.1.tlog
C:\Users\80prozent\Documents\GitHub\AwayExtensionFlashPro\AwayExtensions-Animate\cpp\AwayExtensionsAnimateCC\obj\win\release\64\CL.2924.read.1.tlog
C:\Users\80prozent\Documents\GitHub\AwayExtensionFlashPro\AwayExtensions-Animate\cpp\AwayExtensionsAnimateCC\obj\win\release\64\CL.2924.write.1.tlog
C:\Users\80prozent\Documents\GitHub\AwayExtensionFlashPro\AwayExtensions-Animate\cpp\AwayExtensionsAnimateCC\obj\win\release\64\CL.2932.read.1.tlog
C:\Users\80prozent\Documents\GitHub\AwayExtensionFlashPro\AwayExtensions-Animate\cpp\AwayExtensionsAnimateCC\obj\win\release\64\CL.2932.write.1.tlog
C:\Users\80prozent\Documents\GitHub\AwayExtensionFlashPro\AwayExtensions-Animate\cpp\AwayExtensionsAnimateCC\obj\win\release\64\CL.3048.read.1.tlog
C:\Users\80prozent\Documents\GitHub\AwayExtensionFlashPro\AwayExtensions-Animate\cpp\AwayExtensionsAnimateCC\obj\win\release\64\CL.3048.write.1.tlog
C:\Users\80prozent\Documents\GitHub\AwayExtensionFlashPro\AwayExtensions-Animate\cpp\AwayExtensionsAnimateCC\obj\win\release\64\CL.3056.read.1.tlog
C:\Users\80prozent\Documents\GitHub\AwayExtensionFlashPro\AwayExtensions-Animate\cpp\AwayExtensionsAnimateCC\obj\win\release\64\CL.3056.write.1.tlog
C:\Users\80prozent\Documents\GitHub\AwayExtensionFlashPro\AwayExtensions-Animate\cpp\AwayExtensionsAnimateCC\obj\win\release\64\CL.3108.read.1.tlog
C:\Users\80prozent\Documents\GitHub\AwayExtensionFlashPro\AwayExtensions-Animate\cpp\AwayExtensionsAnimateCC\obj\win\release\64\CL.3108.write.1.tlog
C:\Users\80prozent\Documents\GitHub\AwayExtensionFlashPro\AwayExtensions-Animate\cpp\AwayExtensionsAnimateCC\obj\win\release\64\CL.3112.read.1.tlog
C:\Users\80prozent\Documents\GitHub\AwayExtensionFlashPro\AwayExtensions-Animate\cpp\AwayExtensionsAnimateCC\obj\win\release\64\CL.3112.write.1.tlog
C:\Users\80prozent\Documents\GitHub\AwayExtensionFlashPro\AwayExtensions-Animate\cpp\AwayExtensionsAnimateCC\obj\win\release\64\CL.3512.read.1.tlog
C:\Users\80prozent\Documents\GitHub\AwayExtensionFlashPro\AwayExtensions-Animate\cpp\AwayExtensionsAnimateCC\obj\win\release\64\CL.3512.write.1.tlog
C:\Users\80prozent\Documents\GitHub\AwayExtensionFlashPro\AwayExtensions-Animate\cpp\AwayExtensionsAnimateCC\obj\win\release\64\CL.3592.read.1.tlog
C:\Users\80prozent\Documents\GitHub\AwayExtensionFlashPro\AwayExtensions-Animate\cpp\AwayExtensionsAnimateCC\obj\win\release\64\CL.3592.write.1.tlog
C:\Users\80prozent\Documents\GitHub\AwayExtensionFlashPro\AwayExtensions-Animate\cpp\AwayExtensionsAnimateCC\obj\win\release\64\CL.3640.read.1.tlog
C:\Users\80prozent\Documents\GitHub\AwayExtensionFlashPro\AwayExtensions-Animate\cpp\AwayExtensionsAnimateCC\obj\win\release\64\CL.3640.write.1.tlog
C:\Users\80prozent\Documents\GitHub\AwayExtensionFlashPro\AwayExtensions-Animate\cpp\AwayExtensionsAnimateCC\obj\win\release\64\CL.3668.read.1.tlog
C:\Users\80prozent\Documents\GitHub\AwayExtensionFlashPro\AwayExtensions-Animate\cpp\AwayExtensionsAnimateCC\obj\win\release\64\CL.3668.write.1.tlog
C:\Users\80prozent\Documents\GitHub\AwayExtensionFlashPro\AwayExtensions-Animate\cpp\AwayExtensionsAnimateCC\obj\win\release\64\CL.3704.read.1.tlog
C:\Users\80prozent\Documents\GitHub\AwayExtensionFlashPro\AwayExtensions-Animate\cpp\AwayExtensionsAnimateCC\obj\win\release\64\CL.3704.write.1.tlog
C:\Users\80prozent\Documents\GitHub\AwayExtensionFlashPro\AwayExtensions-Animate\cpp\AwayExtensionsAnimateCC\obj\win\release\64\CL.3716.read.1.tlog
C:\Users\80prozent\Documents\GitHub\AwayExtensionFlashPro\AwayExtensions-Animate\cpp\AwayExtensionsAnimateCC\obj\win\release\64\CL.3716.write.1.tlog
C:\Users\80prozent\Documents\GitHub\AwayExtensionFlashPro\AwayExtensions-Animate\cpp\AwayExtensionsAnimateCC\obj\win\release\64\CL.376.read.1.tlog
C:\Users\80prozent\Documents\GitHub\AwayExtensionFlashPro\AwayExtensions-Animate\cpp\AwayExtensionsAnimateCC\obj\win\release\64\CL.376.write.1.tlog
C:\Users\80prozent\Documents\GitHub\AwayExtensionFlashPro\AwayExtensions-Animate\cpp\AwayExtensionsAnimateCC\obj\win\release\64\CL.3820.read.1.tlog
C:\Users\80prozent\Documents\GitHub\AwayExtensionFlashPro\AwayExtensions-Animate\cpp\AwayExtensionsAnimateCC\obj\win\release\64\CL.3820.write.1.tlog
C:\Users\80prozent\Documents\GitHub\AwayExtensionFlashPro\AwayExtensions-Animate\cpp\AwayExtensionsAnimateCC\obj\win\release\64\CL.3952.read.1.tlog
C:\Users\80prozent\Documents\GitHub\AwayExtensionFlashPro\AwayExtensions-Animate\cpp\AwayExtensionsAnimateCC\obj\win\release\64\CL.3952.write.1.tlog
C:\Users\80prozent\Documents\GitHub\AwayExtensionFlashPro\AwayExtensions-Animate\cpp\AwayExtensionsAnimateCC\obj\win\release\64\CL.3992.read.1.tlog
C:\Users\80prozent\Documents\GitHub\AwayExtensionFlashPro\AwayExtensions-Animate\cpp\AwayExtensionsAnimateCC\obj\win\release\64\CL.3992.write.1.tlog
C:\Users\80prozent\Documents\GitHub\AwayExtensionFlashPro\AwayExtensions-Animate\cpp\AwayExtensionsAnimateCC\obj\win\release\64\CL.4304.read.1.tlog
C:\Users\80prozent\Documents\GitHub\AwayExtensionFlashPro\AwayExtensions-Animate\cpp\AwayExtensionsAnimateCC\obj\win\release\64\CL.4304.write.1.tlog
C:\Users\80prozent\Documents\GitHub\AwayExtensionFlashPro\AwayExtensions-Animate\cpp\AwayExtensionsAnimateCC\obj\win\release\64\CL.4312.read.1.tlog
C:\Users\80prozent\Documents\GitHub\AwayExtensionFlashPro\AwayExtensions-Animate\cpp\AwayExtensionsAnimateCC\obj\win\release\64\CL.4312.write.1.tlog
C:\Users\80prozent\Documents\GitHub\AwayExtensionFlashPro\AwayExtensions-Animate\cpp\AwayExtensionsAnimateCC\obj\win\release\64\CL.4368.read.1.tlog
C:\Users\80prozent\Documents\GitHub\AwayExtensionFlashPro\AwayExtensions-Animate\cpp\AwayExtensionsAnimateCC\obj\win\release\64\CL.4368.write.1.tlog
C:\Users\80prozent\Documents\GitHub\AwayExtensionFlashPro\AwayExtensions-Animate\cpp\AwayExtensionsAnimateCC\obj\win\release\64\CL.4388.read.1.tlog
C:\Users\80prozent\Documents\GitHub\AwayExtensionFlashPro\AwayExtensions-Animate\cpp\AwayExtensionsAnimateCC\obj\win\release\64\CL.4388.write.1.tlog
C:\Users\80prozent\Documents\GitHub\AwayExtensionFlashPro\AwayExtensions-Animate\cpp\AwayExtensionsAnimateCC\obj\win\release\64\CL.4412.read.1.tlog
C:\Users\80prozent\Documents\GitHub\AwayExtensionFlashPro\AwayExtensions-Animate\cpp\AwayExtensionsAnimateCC\obj\win\release\64\CL.4412.write.1.tlog
C:\Users\80prozent\Documents\GitHub\AwayExtensionFlashPro\AwayExtensions-Animate\cpp\AwayExtensionsAnimateCC\obj\win\release\64\CL.4428.read.1.tlog
C:\Users\80prozent\Documents\GitHub\AwayExtensionFlashPro\AwayExtensions-Animate\cpp\AwayExtensionsAnimateCC\obj\win\release\64\CL.4428.write.1.tlog
C:\Users\80prozent\Documents\GitHub\AwayExtensionFlashPro\AwayExtensions-Animate\cpp\AwayExtensionsAnimateCC\obj\win\release\64\CL.4448.read.1.tlog
C:\Users\80prozent\Documents\GitHub\AwayExtensionFlashPro\AwayExtensions-Animate\cpp\AwayExtensionsAnimateCC\obj\win\release\64\CL.4448.write.1.tlog
C:\Users\80prozent\Documents\GitHub\AwayExtensionFlashPro\AwayExtensions-Animate\cpp\AwayExtensionsAnimateCC\obj\win\release\64\CL.4588.read.1.tlog
C:\Users\80prozent\Documents\GitHub\AwayExtensionFlashPro\AwayExtensions-Animate\cpp\AwayExtensionsAnimateCC\obj\win\release\64\CL.4588.write.1.tlog
C:\Users\80prozent\Documents\GitHub\AwayExtensionFlashPro\AwayExtensions-Animate\cpp\AwayExtensionsAnimateCC\obj\win\release\64\CL.4604.read.1.tlog
C:\Users\80prozent\Documents\GitHub\AwayExtensionFlashPro\AwayExtensions-Animate\cpp\AwayExtensionsAnimateCC\obj\win\release\64\CL.4604.write.1.tlog
C:\Users\80prozent\Documents\GitHub\AwayExtensionFlashPro\AwayExtensions-Animate\cpp\AwayExtensionsAnimateCC\obj\win\release\64\CL.4820.read.1.tlog
C:\Users\80prozent\Documents\GitHub\AwayExtensionFlashPro\AwayExtensions-Animate\cpp\AwayExtensionsAnimateCC\obj\win\release\64\CL.4820.write.1.tlog
C:\Users\80prozent\Documents\GitHub\AwayExtensionFlashPro\AwayExtensions-Animate\cpp\AwayExtensionsAnimateCC\obj\win\release\64\CL.5064.read.1.tlog
C:\Users\80prozent\Documents\GitHub\AwayExtensionFlashPro\AwayExtensions-Animate\cpp\AwayExtensionsAnimateCC\obj\win\release\64\CL.5064.write.1.tlog
C:\Users\80prozent\Documents\GitHub\AwayExtensionFlashPro\AwayExtensions-Animate\cpp\AwayExtensionsAnimateCC\obj\win\release\64\CL.5100.read.1.tlog
C:\Users\80prozent\Documents\GitHub\AwayExtensionFlashPro\AwayExtensions-Animate\cpp\AwayExtensionsAnimateCC\obj\win\release\64\CL.5100.write.1.tlog
C:\Users\80prozent\Documents\GitHub\AwayExtensionFlashPro\AwayExtensions-Animate\cpp\AwayExtensionsAnimateCC\obj\win\release\64\CL.5108.read.1.tlog
C:\Users\80prozent\Documents\GitHub\AwayExtensionFlashPro\AwayExtensions-Animate\cpp\AwayExtensionsAnimateCC\obj\win\release\64\CL.5108.write.1.tlog
C:\Users\80prozent\Documents\GitHub\AwayExtensionFlashPro\AwayExtensions-Animate\cpp\AwayExtensionsAnimateCC\obj\win\release\64\CL.5224.read.1.tlog
C:\Users\80prozent\Documents\GitHub\AwayExtensionFlashPro\AwayExtensions-Animate\cpp\AwayExtensionsAnimateCC\obj\win\release\64\CL.5224.write.1.tlog
C:\Users\80prozent\Documents\GitHub\AwayExtensionFlashPro\AwayExtensions-Animate\cpp\AwayExtensionsAnimateCC\obj\win\release\64\CL.5380.read.1.tlog
C:\Users\80prozent\Documents\GitHub\AwayExtensionFlashPro\AwayExtensions-Animate\cpp\AwayExtensionsAnimateCC\obj\win\release\64\CL.5380.write.1.tlog
C:\Users\80prozent\Documents\GitHub\AwayExtensionFlashPro\AwayExtensions-Animate\cpp\AwayExtensionsAnimateCC\obj\win\release\64\CL.5448.read.1.tlog
C:\Users\80prozent\Documents\GitHub\AwayExtensionFlashPro\AwayExtensions-Animate\cpp\AwayExtensionsAnimateCC\obj\win\release\64\CL.5448.write.1.tlog
C:\Users\80prozent\Documents\GitHub\AwayExtensionFlashPro\AwayExtensions-Animate\cpp\AwayExtensionsAnimateCC\obj\win\release\64\CL.5620.read.1.tlog
C:\Users\80prozent\Documents\GitHub\AwayExtensionFlashPro\AwayExtensions-Animate\cpp\AwayExtensionsAnimateCC\obj\win\release\64\CL.5620.write.1.tlog
C:\Users\80prozent\Documents\GitHub\AwayExtensionFlashPro\AwayExtensions-Animate\cpp\AwayExtensionsAnimateCC\obj\win\release\64\CL.5756.read.1.tlog
C:\Users\80prozent\Documents\GitHub\AwayExtensionFlashPro\AwayExtensions-Animate\cpp\AwayExtensionsAnimateCC\obj\win\release\64\CL.5756.write.1.tlog
C:\Users\80prozent\Documents\GitHub\AwayExtensionFlashPro\AwayExtensions-Animate\cpp\AwayExtensionsAnimateCC\obj\win\release\64\CL.5780.read.1.tlog
C:\Users\80prozent\Documents\GitHub\AwayExtensionFlashPro\AwayExtensions-Animate\cpp\AwayExtensionsAnimateCC\obj\win\release\64\CL.5780.write.1.tlog
C:\Users\80prozent\Documents\GitHub\AwayExtensionFlashPro\AwayExtensions-Animate\cpp\AwayExtensionsAnimateCC\obj\win\release\64\CL.5788.read.1.tlog
C:\Users\80prozent\Documents\GitHub\AwayExtensionFlashPro\AwayExtensions-Animate\cpp\AwayExtensionsAnimateCC\obj\win\release\64\CL.5788.write.1.tlog
C:\Users\80prozent\Documents\GitHub\AwayExtensionFlashPro\AwayExtensions-Animate\cpp\AwayExtensionsAnimateCC\obj\win\release\64\CL.5872.read.1.tlog
C:\Users\80prozent\Documents\GitHub\AwayExtensionFlashPro\AwayExtensions-Animate\cpp\AwayExtensionsAnimateCC\obj\win\release\64\CL.5872.write.1.tlog
C:\Users\80prozent\Documents\GitHub\AwayExtensionFlashPro\AwayExtensions-Animate\cpp\AwayExtensionsAnimateCC\obj\win\release\64\CL.5892.read.1.tlog
C:\Users\80prozent\Documents\GitHub\AwayExtensionFlashPro\AwayExtensions-Animate\cpp\AwayExtensionsAnimateCC\obj\win\release\64\CL.5892.write.1.tlog
C:\Users\80prozent\Documents\GitHub\AwayExtensionFlashPro\AwayExtensions-Animate\cpp\AwayExtensionsAnimateCC\obj\win\release\64\CL.5896.read.1.tlog
C:\Users\80prozent\Documents\GitHub\AwayExtensionFlashPro\AwayExtensions-Animate\cpp\AwayExtensionsAnimateCC\obj\win\release\64\CL.5896.write.1.tlog
C:\Users\80prozent\Documents\GitHub\AwayExtensionFlashPro\AwayExtensions-Animate\cpp\AwayExtensionsAnimateCC\obj\win\release\64\CL.5904.read.1.tlog
C:\Users\80prozent\Documents\GitHub\AwayExtensionFlashPro\AwayExtensions-Animate\cpp\AwayExtensionsAnimateCC\obj\win\release\64\CL.5904.write.1.tlog
C:\Users\80prozent\Documents\GitHub\AwayExtensionFlashPro\AwayExtensions-Animate\cpp\AwayExtensionsAnimateCC\obj\win\release\64\CL.5936.read.1.tlog
C:\Users\80prozent\Documents\GitHub\AwayExtensionFlashPro\AwayExtensions-Animate\cpp\AwayExtensionsAnimateCC\obj\win\release\64\CL.5936.write.1.tlog
C:\Users\80prozent\Documents\GitHub\AwayExtensionFlashPro\AwayExtensions-Animate\cpp\AwayExtensionsAnimateCC\obj\win\release\64\CL.5944.read.1.tlog
C:\Users\80prozent\Documents\GitHub\AwayExtensionFlashPro\AwayExtensions-Animate\cpp\AwayExtensionsAnimateCC\obj\win\release\64\CL.5944.write.1.tlog
C:\Users\80prozent\Documents\GitHub\AwayExtensionFlashPro\AwayExtensions-Animate\cpp\AwayExtensionsAnimateCC\obj\win\release\64\CL.5956.read.1.tlog
C:\Users\80prozent\Documents\GitHub\AwayExtensionFlashPro\AwayExtensions-Animate\cpp\AwayExtensionsAnimateCC\obj\win\release\64\CL.5956.write.1.tlog
C:\Users\80prozent\Documents\GitHub\AwayExtensionFlashPro\AwayExtensions-Animate\cpp\AwayExtensionsAnimateCC\obj\win\release\64\CL.5964.read.1.tlog
C:\Users\80prozent\Documents\GitHub\AwayExtensionFlashPro\AwayExtensions-Animate\cpp\AwayExtensionsAnimateCC\obj\win\release\64\CL.5964.write.1.tlog
C:\Users\80prozent\Documents\GitHub\AwayExtensionFlashPro\AwayExtensions-Animate\cpp\AwayExtensionsAnimateCC\obj\win\release\64\CL.6004.read.1.tlog
C:\Users\80prozent\Documents\GitHub\AwayExtensionFlashPro\AwayExtensions-Animate\cpp\AwayExtensionsAnimateCC\obj\win\release\64\CL.6004.write.1.tlog
C:\Users\80prozent\Documents\GitHub\AwayExtensionFlashPro\AwayExtensions-Animate\cpp\AwayExtensionsAnimateCC\obj\win\release\64\CL.6048.read.1.tlog
C:\Users\80prozent\Documents\GitHub\AwayExtensionFlashPro\AwayExtensions-Animate\cpp\AwayExtensionsAnimateCC\obj\win\release\64\CL.6048.write.1.tlog
C:\Users\80prozent\Documents\GitHub\AwayExtensionFlashPro\AwayExtensions-Animate\cpp\AwayExtensionsAnimateCC\obj\win\release\64\CL.6180.read.1.tlog
C:\Users\80prozent\Documents\GitHub\AwayExtensionFlashPro\AwayExtensions-Animate\cpp\AwayExtensionsAnimateCC\obj\win\release\64\CL.6180.write.1.tlog
C:\Users\80prozent\Documents\GitHub\AwayExtensionFlashPro\AwayExtensions-Animate\cpp\AwayExtensionsAnimateCC\obj\win\release\64\CL.6236.read.1.tlog
C:\Users\80prozent\Documents\GitHub\AwayExtensionFlashPro\AwayExtensions-Animate\cpp\AwayExtensionsAnimateCC\obj\win\release\64\CL.6236.write.1.tlog
C:\Users\80prozent\Documents\GitHub\AwayExtensionFlashPro\AwayExtensions-Animate\cpp\AwayExtensionsAnimateCC\obj\win\release\64\CL.6240.read.1.tlog
C:\Users\80prozent\Documents\GitHub\AwayExtensionFlashPro\AwayExtensions-Animate\cpp\AwayExtensionsAnimateCC\obj\win\release\64\CL.6240.write.1.tlog
C:\Users\80prozent\Documents\GitHub\AwayExtensionFlashPro\AwayExtensions-Animate\cpp\AwayExtensionsAnimateCC\obj\win\release\64\CL.6372.read.1.tlog
C:\Users\80prozent\Documents\GitHub\AwayExtensionFlashPro\AwayExtensions-Animate\cpp\AwayExtensionsAnimateCC\obj\win\release\64\CL.6372.write.1.tlog
C:\Users\80prozent\Documents\GitHub\AwayExtensionFlashPro\AwayExtensions-Animate\cpp\AwayExtensionsAnimateCC\obj\win\release\64\CL.640.read.1.tlog
C:\Users\80prozent\Documents\GitHub\AwayExtensionFlashPro\AwayExtensions-Animate\cpp\AwayExtensionsAnimateCC\obj\win\release\64\CL.640.write.1.tlog
C:\Users\80prozent\Documents\GitHub\AwayExtensionFlashPro\AwayExtensions-Animate\cpp\AwayExtensionsAnimateCC\obj\win\release\64\CL.6416.read.1.tlog
C:\Users\80prozent\Documents\GitHub\AwayExtensionFlashPro\AwayExtensions-Animate\cpp\AwayExtensionsAnimateCC\obj\win\release\64\CL.6416.write.1.tlog
C:\Users\80prozent\Documents\GitHub\AwayExtensionFlashPro\AwayExtensions-Animate\cpp\AwayExtensionsAnimateCC\obj\win\release\64\CL.6444.read.1.tlog
C:\Users\80prozent\Documents\GitHub\AwayExtensionFlashPro\AwayExtensions-Animate\cpp\AwayExtensionsAnimateCC\obj\win\release\64\CL.6444.write.1.tlog
C:\Users\80prozent\Documents\GitHub\AwayExtensionFlashPro\AwayExtensions-Animate\cpp\AwayExtensionsAnimateCC\obj\win\release\64\CL.6464.read.1.tlog
C:\Users\80prozent\Documents\GitHub\AwayExtensionFlashPro\AwayExtensions-Animate\cpp\AwayExtensionsAnimateCC\obj\win\release\64\CL.6464.write.1.tlog
C:\Users\80prozent\Documents\GitHub\AwayExtensionFlashPro\AwayExtensions-Animate\cpp\AwayExtensionsAnimateCC\obj\win\release\64\CL.6476.read.1.tlog
C:\Users\80prozent\Documents\GitHub\AwayExtensionFlashPro\AwayExtensions-Animate\cpp\AwayExtensionsAnimateCC\obj\win\release\64\CL.6476.write.1.tlog
C:\Users\80prozent\Documents\GitHub\AwayExtensionFlashPro\AwayExtensions-Animate\cpp\AwayExtensionsAnimateCC\obj\win\release\64\CL.6524.read.1.tlog
C:\Users\80prozent\Documents\GitHub\AwayExtensionFlashPro\AwayExtensions-Animate\cpp\AwayExtensionsAnimateCC\obj\win\release\64\CL.6524.write.1.tlog
C:\Users\80prozent\Documents\GitHub\AwayExtensionFlashPro\AwayExtensions-Animate\cpp\AwayExtensionsAnimateCC\obj\win\release\64\CL.6528.read.1.tlog
C:\Users\80prozent\Documents\GitHub\AwayExtensionFlashPro\AwayExtensions-Animate\cpp\AwayExtensionsAnimateCC\obj\win\release\64\CL.6528.write.1.tlog
C:\Users\80prozent\Documents\GitHub\AwayExtensionFlashPro\AwayExtensions-Animate\cpp\AwayExtensionsAnimateCC\obj\win\release\64\CL.6688.read.1.tlog
C:\Users\80prozent\Documents\GitHub\AwayExtensionFlashPro\AwayExtensions-Animate\cpp\AwayExtensionsAnimateCC\obj\win\release\64\CL.6688.write.1.tlog
C:\Users\80prozent\Documents\GitHub\AwayExtensionFlashPro\AwayExtensions-Animate\cpp\AwayExtensionsAnimateCC\obj\win\release\64\CL.6692.read.1.tlog
C:\Users\80prozent\Documents\GitHub\AwayExtensionFlashPro\AwayExtensions-Animate\cpp\AwayExtensionsAnimateCC\obj\win\release\64\CL.6692.write.1.tlog
C:\Users\80prozent\Documents\GitHub\AwayExtensionFlashPro\AwayExtensions-Animate\cpp\AwayExtensionsAnimateCC\obj\win\release\64\CL.6812.read.1.tlog
C:\Users\80prozent\Documents\GitHub\AwayExtensionFlashPro\AwayExtensions-Animate\cpp\AwayExtensionsAnimateCC\obj\win\release\64\CL.6812.write.1.tlog
C:\Users\80prozent\Documents\GitHub\AwayExtensionFlashPro\AwayExtensions-Animate\cpp\AwayExtensionsAnimateCC\obj\win\release\64\CL.6860.read.1.tlog
C:\Users\80prozent\Documents\GitHub\AwayExtensionFlashPro\AwayExtensions-Animate\cpp\AwayExtensionsAnimateCC\obj\win\release\64\CL.6860.write.1.tlog
C:\Users\80prozent\Documents\GitHub\AwayExtensionFlashPro\AwayExtensions-Animate\cpp\AwayExtensionsAnimateCC\obj\win\release\64\CL.6896.read.1.tlog
C:\Users\80prozent\Documents\GitHub\AwayExtensionFlashPro\AwayExtensions-Animate\cpp\AwayExtensionsAnimateCC\obj\win\release\64\CL.6896.write.1.tlog
C:\Users\80prozent\Documents\GitHub\AwayExtensionFlashPro\AwayExtensions-Animate\cpp\AwayExtensionsAnimateCC\obj\win\release\64\CL.6928.read.1.tlog
C:\Users\80prozent\Documents\GitHub\AwayExtensionFlashPro\AwayExtensions-Animate\cpp\AwayExtensionsAnimateCC\obj\win\release\64\CL.6928.write.1.tlog
C:\Users\80prozent\Documents\GitHub\AwayExtensionFlashPro\AwayExtensions-Animate\cpp\AwayExtensionsAnimateCC\obj\win\release\64\CL.6956.read.1.tlog
C:\Users\80prozent\Documents\GitHub\AwayExtensionFlashPro\AwayExtensions-Animate\cpp\AwayExtensionsAnimateCC\obj\win\release\64\CL.6956.write.1.tlog
C:\Users\80prozent\Documents\GitHub\AwayExtensionFlashPro\AwayExtensions-Animate\cpp\AwayExtensionsAnimateCC\obj\win\release\64\CL.7020.read.1.tlog
C:\Users\80prozent\Documents\GitHub\AwayExtensionFlashPro\AwayExtensions-Animate\cpp\AwayExtensionsAnimateCC\obj\win\release\64\CL.7020.write.1.tlog
C:\Users\80prozent\Documents\GitHub\AwayExtensionFlashPro\AwayExtensions-Animate\cpp\AwayExtensionsAnimateCC\obj\win\release\64\CL.7036.read.1.tlog
C:\Users\80prozent\Documents\GitHub\AwayExtensionFlashPro\AwayExtensions-Animate\cpp\AwayExtensionsAnimateCC\obj\win\release\64\CL.7036.write.1.tlog
C:\Users\80prozent\Documents\GitHub\AwayExtensionFlashPro\AwayExtensions-Animate\cpp\AwayExtensionsAnimateCC\obj\win\release\64\CL.7124.read.1.tlog
C:\Users\80prozent\Documents\GitHub\AwayExtensionFlashPro\AwayExtensions-Animate\cpp\AwayExtensionsAnimateCC\obj\win\release\64\CL.7124.write.1.tlog
C:\Users\80prozent\Documents\GitHub\AwayExtensionFlashPro\AwayExtensions-Animate\cpp\AwayExtensionsAnimateCC\obj\win\release\64\CL.7152.read.1.tlog
C:\Users\80prozent\Documents\GitHub\AwayExtensionFlashPro\AwayExtensions-Animate\cpp\AwayExtensionsAnimateCC\obj\win\release\64\CL.7152.write.1.tlog
C:\Users\80prozent\Documents\GitHub\AwayExtensionFlashPro\AwayExtensions-Animate\cpp\AwayExtensionsAnimateCC\obj\win\release\64\CL.7184.read.1.tlog
C:\Users\80prozent\Documents\GitHub\AwayExtensionFlashPro\AwayExtensions-Animate\cpp\AwayExtensionsAnimateCC\obj\win\release\64\CL.7184.write.1.tlog
C:\Users\80prozent\Documents\GitHub\AwayExtensionFlashPro\AwayExtensions-Animate\cpp\AwayExtensionsAnimateCC\obj\win\release\64\CL.7216.read.1.tlog
C:\Users\80prozent\Documents\GitHub\AwayExtensionFlashPro\AwayExtensions-Animate\cpp\AwayExtensionsAnimateCC\obj\win\release\64\CL.7216.write.1.tlog
C:\Users\80prozent\Documents\GitHub\AwayExtensionFlashPro\AwayExtensions-Animate\cpp\AwayExtensionsAnimateCC\obj\win\release\64\CL.7224.read.1.tlog
C:\Users\80prozent\Documents\GitHub\AwayExtensionFlashPro\AwayExtensions-Animate\cpp\AwayExtensionsAnimateCC\obj\win\release\64\CL.7224.write.1.tlog
C:\Users\80prozent\Documents\GitHub\AwayExtensionFlashPro\AwayExtensions-Animate\cpp\AwayExtensionsAnimateCC\obj\win\release\64\CL.7252.read.1.tlog
C:\Users\80prozent\Documents\GitHub\AwayExtensionFlashPro\AwayExtensions-Animate\cpp\AwayExtensionsAnimateCC\obj\win\release\64\CL.7252.write.1.tlog
C:\Users\80prozent\Documents\GitHub\AwayExtensionFlashPro\AwayExtensions-Animate\cpp\AwayExtensionsAnimateCC\obj\win\release\64\CL.7332.read.1.tlog
C:\Users\80prozent\Documents\GitHub\AwayExtensionFlashPro\AwayExtensions-Animate\cpp\AwayExtensionsAnimateCC\obj\win\release\64\CL.7332.write.1.tlog
C:\Users\80prozent\Documents\GitHub\AwayExtensionFlashPro\AwayExtensions-Animate\cpp\AwayExtensionsAnimateCC\obj\win\release\64\CL.7360.read.1.tlog
C:\Users\80prozent\Documents\GitHub\AwayExtensionFlashPro\AwayExtensions-Animate\cpp\AwayExtensionsAnimateCC\obj\win\release\64\CL.7360.write.1.tlog
C:\Users\80prozent\Documents\GitHub\AwayExtensionFlashPro\AwayExtensions-Animate\cpp\AwayExtensionsAnimateCC\obj\win\release\64\CL.7372.read.1.tlog
C:\Users\80prozent\Documents\GitHub\AwayExtensionFlashPro\AwayExtensions-Animate\cpp\AwayExtensionsAnimateCC\obj\win\release\64\CL.7372.write.1.tlog
C:\Users\80prozent\Documents\GitHub\AwayExtensionFlashPro\AwayExtensions-Animate\cpp\AwayExtensionsAnimateCC\obj\win\release\64\CL.7392.read.1.tlog
C:\Users\80prozent\Documents\GitHub\AwayExtensionFlashPro\AwayExtensions-Animate\cpp\AwayExtensionsAnimateCC\obj\win\release\64\CL.7392.write.1.tlog
C:\Users\80prozent\Documents\GitHub\AwayExtensionFlashPro\AwayExtensions-Animate\cpp\AwayExtensionsAnimateCC\obj\win\release\64\CL.7396.read.1.tlog
C:\Users\80prozent\Documents\GitHub\AwayExtensionFlashPro\AwayExtensions-Animate\cpp\AwayExtensionsAnimateCC\obj\win\release\64\CL.7396.write.1.tlog
C:\Users\80prozent\Documents\GitHub\AwayExtensionFlashPro\AwayExtensions-Animate\cpp\AwayExtensionsAnimateCC\obj\win\release\64\CL.7404.read.1.tlog
C:\Users\80prozent\Documents\GitHub\AwayExtensionFlashPro\AwayExtensions-Animate\cpp\AwayExtensionsAnimateCC\obj\win\release\64\CL.7404.write.1.tlog
C:\Users\80prozent\Documents\GitHub\AwayExtensionFlashPro\AwayExtensions-Animate\cpp\AwayExtensionsAnimateCC\obj\win\release\64\CL.7428.read.1.tlog
C:\Users\80prozent\Documents\GitHub\AwayExtensionFlashPro\AwayExtensions-Animate\cpp\AwayExtensionsAnimateCC\obj\win\release\64\CL.7428.write.1.tlog
C:\Users\80prozent\Documents\GitHub\AwayExtensionFlashPro\AwayExtensions-Animate\cpp\AwayExtensionsAnimateCC\obj\win\release\64\CL.7464.read.1.tlog
C:\Users\80prozent\Documents\GitHub\AwayExtensionFlashPro\AwayExtensions-Animate\cpp\AwayExtensionsAnimateCC\obj\win\release\64\CL.7464.write.1.tlog
C:\Users\80prozent\Documents\GitHub\AwayExtensionFlashPro\AwayExtensions-Animate\cpp\AwayExtensionsAnimateCC\obj\win\release\64\CL.7476.read.1.tlog
C:\Users\80prozent\Documents\GitHub\AwayExtensionFlashPro\AwayExtensions-Animate\cpp\AwayExtensionsAnimateCC\obj\win\release\64\CL.7476.write.1.tlog
C:\Users\80prozent\Documents\GitHub\AwayExtensionFlashPro\AwayExtensions-Animate\cpp\AwayExtensionsAnimateCC\obj\win\release\64\CL.7516.read.1.tlog
C:\Users\80prozent\Documents\GitHub\AwayExtensionFlashPro\AwayExtensions-Animate\cpp\AwayExtensionsAnimateCC\obj\win\release\64\CL.7516.write.1.tlog
C:\Users\80prozent\Documents\GitHub\AwayExtensionFlashPro\AwayExtensions-Animate\cpp\AwayExtensionsAnimateCC\obj\win\release\64\CL.7644.read.1.tlog
C:\Users\80prozent\Documents\GitHub\AwayExtensionFlashPro\AwayExtensions-Animate\cpp\AwayExtensionsAnimateCC\obj\win\release\64\CL.7644.write.1.tlog
C:\Users\80prozent\Documents\GitHub\AwayExtensionFlashPro\AwayExtensions-Animate\cpp\AwayExtensionsAnimateCC\obj\win\release\64\CL.7664.read.1.tlog
C:\Users\80prozent\Documents\GitHub\AwayExtensionFlashPro\AwayExtensions-Animate\cpp\AwayExtensionsAnimateCC\obj\win\release\64\CL.7664.write.1.tlog
C:\Users\80prozent\Documents\GitHub\AwayExtensionFlashPro\AwayExtensions-Animate\cpp\AwayExtensionsAnimateCC\obj\win\release\64\CL.7672.read.1.tlog
C:\Users\80prozent\Documents\GitHub\AwayExtensionFlashPro\AwayExtensions-Animate\cpp\AwayExtensionsAnimateCC\obj\win\release\64\CL.7672.write.1.tlog
C:\Users\80prozent\Documents\GitHub\AwayExtensionFlashPro\AwayExtensions-Animate\cpp\AwayExtensionsAnimateCC\obj\win\release\64\CL.7680.read.1.tlog
C:\Users\80prozent\Documents\GitHub\AwayExtensionFlashPro\AwayExtensions-Animate\cpp\AwayExtensionsAnimateCC\obj\win\release\64\CL.7680.write.1.tlog
C:\Users\80prozent\Documents\GitHub\AwayExtensionFlashPro\AwayExtensions-Animate\cpp\AwayExtensionsAnimateCC\obj\win\release\64\CL.7700.read.1.tlog
C:\Users\80prozent\Documents\GitHub\AwayExtensionFlashPro\AwayExtensions-Animate\cpp\AwayExtensionsAnimateCC\obj\win\release\64\CL.7700.write.1.tlog
C:\Users\80prozent\Documents\GitHub\AwayExtensionFlashPro\AwayExtensions-Animate\cpp\AwayExtensionsAnimateCC\obj\win\release\64\CL.7724.read.1.tlog
C:\Users\80prozent\Documents\GitHub\AwayExtensionFlashPro\AwayExtensions-Animate\cpp\AwayExtensionsAnimateCC\obj\win\release\64\CL.7724.write.1.tlog
C:\Users\80prozent\Documents\GitHub\AwayExtensionFlashPro\AwayExtensions-Animate\cpp\AwayExtensionsAnimateCC\obj\win\release\64\CL.7728.read.1.tlog
C:\Users\80prozent\Documents\GitHub\AwayExtensionFlashPro\AwayExtensions-Animate\cpp\AwayExtensionsAnimateCC\obj\win\release\64\CL.7728.write.1.tlog
C:\Users\80prozent\Documents\GitHub\AwayExtensionFlashPro\AwayExtensions-Animate\cpp\AwayExtensionsAnimateCC\obj\win\release\64\CL.7740.read.1.tlog
C:\Users\80prozent\Documents\GitHub\AwayExtensionFlashPro\AwayExtensions-Animate\cpp\AwayExtensionsAnimateCC\obj\win\release\64\CL.7740.write.1.tlog
C:\Users\80prozent\Documents\GitHub\AwayExtensionFlashPro\AwayExtensions-Animate\cpp\AwayExtensionsAnimateCC\obj\win\release\64\CL.7784.read.1.tlog
C:\Users\80prozent\Documents\GitHub\AwayExtensionFlashPro\AwayExtensions-Animate\cpp\AwayExtensionsAnimateCC\obj\win\release\64\CL.7784.write.1.tlog
C:\Users\80prozent\Documents\GitHub\AwayExtensionFlashPro\AwayExtensions-Animate\cpp\AwayExtensionsAnimateCC\obj\win\release\64\CL.7788.read.1.tlog
C:\Users\80prozent\Documents\GitHub\AwayExtensionFlashPro\AwayExtensions-Animate\cpp\AwayExtensionsAnimateCC\obj\win\release\64\CL.7788.write.1.tlog
C:\Users\80prozent\Documents\GitHub\AwayExtensionFlashPro\AwayExtensions-Animate\cpp\AwayExtensionsAnimateCC\obj\win\release\64\CL.7832.read.1.tlog
C:\Users\80prozent\Documents\GitHub\AwayExtensionFlashPro\AwayExtensions-Animate\cpp\AwayExtensionsAnimateCC\obj\win\release\64\CL.7832.write.1.tlog
C:\Users\80prozent\Documents\GitHub\AwayExtensionFlashPro\AwayExtensions-Animate\cpp\AwayExtensionsAnimateCC\obj\win\release\64\CL.7836.read.1.tlog
C:\Users\80prozent\Documents\GitHub\AwayExtensionFlashPro\AwayExtensions-Animate\cpp\AwayExtensionsAnimateCC\obj\win\release\64\CL.7836.write.1.tlog
C:\Users\80prozent\Documents\GitHub\AwayExtensionFlashPro\AwayExtensions-Animate\cpp\AwayExtensionsAnimateCC\obj\win\release\64\CL.7856.read.1.tlog
C:\Users\80prozent\Documents\GitHub\AwayExtensionFlashPro\AwayExtensions-Animate\cpp\AwayExtensionsAnimateCC\obj\win\release\64\CL.7856.write.1.tlog
C:\Users\80prozent\Documents\GitHub\AwayExtensionFlashPro\AwayExtensions-Animate\cpp\AwayExtensionsAnimateCC\obj\win\release\64\CL.7892.read.1.tlog
C:\Users\80prozent\Documents\GitHub\AwayExtensionFlashPro\AwayExtensions-Animate\cpp\AwayExtensionsAnimateCC\obj\win\release\64\CL.7892.write.1.tlog
C:\Users\80prozent\Documents\GitHub\AwayExtensionFlashPro\AwayExtensions-Animate\cpp\AwayExtensionsAnimateCC\obj\win\release\64\CL.7920.read.1.tlog
C:\Users\80prozent\Documents\GitHub\AwayExtensionFlashPro\AwayExtensions-Animate\cpp\AwayExtensionsAnimateCC\obj\win\release\64\CL.7920.write.1.tlog
C:\Users\80prozent\Documents\GitHub\AwayExtensionFlashPro\AwayExtensions-Animate\cpp\AwayExtensionsAnimateCC\obj\win\release\64\CL.7924.read.1.tlog
C:\Users\80prozent\Documents\GitHub\AwayExtensionFlashPro\AwayExtensions-Animate\cpp\AwayExtensionsAnimateCC\obj\win\release\64\CL.7924.write.1.tlog
C:\Users\80prozent\Documents\GitHub\AwayExtensionFlashPro\AwayExtensions-Animate\cpp\AwayExtensionsAnimateCC\obj\win\release\64\CL.7932.read.1.tlog
C:\Users\80prozent\Documents\GitHub\AwayExtensionFlashPro\AwayExtensions-Animate\cpp\AwayExtensionsAnimateCC\obj\win\release\64\CL.7932.write.1.tlog
C:\Users\80prozent\Documents\GitHub\AwayExtensionFlashPro\AwayExtensions-Animate\cpp\AwayExtensionsAnimateCC\obj\win\release\64\CL.7936.read.1.tlog
C:\Users\80prozent\Documents\GitHub\AwayExtensionFlashPro\AwayExtensions-Animate\cpp\AwayExtensionsAnimateCC\obj\win\release\64\CL.7936.write.1.tlog
C:\Users\80prozent\Documents\GitHub\AwayExtensionFlashPro\AwayExtensions-Animate\cpp\AwayExtensionsAnimateCC\obj\win\release\64\CL.7972.read.1.tlog
C:\Users\80prozent\Documents\GitHub\AwayExtensionFlashPro\AwayExtensions-Animate\cpp\AwayExtensionsAnimateCC\obj\win\release\64\CL.7972.write.1.tlog
C:\Users\80prozent\Documents\GitHub\AwayExtensionFlashPro\AwayExtensions-Animate\cpp\AwayExtensionsAnimateCC\obj\win\release\64\CL.8028.read.1.tlog
C:\Users\80prozent\Documents\GitHub\AwayExtensionFlashPro\AwayExtensions-Animate\cpp\AwayExtensionsAnimateCC\obj\win\release\64\CL.8028.write.1.tlog
C:\Users\80prozent\Documents\GitHub\AwayExtensionFlashPro\AwayExtensions-Animate\cpp\AwayExtensionsAnimateCC\obj\win\release\64\CL.8032.read.1.tlog
C:\Users\80prozent\Documents\GitHub\AwayExtensionFlashPro\AwayExtensions-Animate\cpp\AwayExtensionsAnimateCC\obj\win\release\64\CL.8032.write.1.tlog
C:\Users\80prozent\Documents\GitHub\AwayExtensionFlashPro\AwayExtensions-Animate\cpp\AwayExtensionsAnimateCC\obj\win\release\64\CL.8044.read.1.tlog
C:\Users\80prozent\Documents\GitHub\AwayExtensionFlashPro\AwayExtensions-Animate\cpp\AwayExtensionsAnimateCC\obj\win\release\64\CL.8044.write.1.tlog
C:\Users\80prozent\Documents\GitHub\AwayExtensionFlashPro\AwayExtensions-Animate\cpp\AwayExtensionsAnimateCC\obj\win\release\64\CL.8068.read.1.tlog
C:\Users\80prozent\Documents\GitHub\AwayExtensionFlashPro\AwayExtensions-Animate\cpp\AwayExtensionsAnimateCC\obj\win\release\64\CL.8068.write.1.tlog
C:\Users\80prozent\Documents\GitHub\AwayExtensionFlashPro\AwayExtensions-Animate\cpp\AwayExtensionsAnimateCC\obj\win\release\64\CL.8132.read.1.tlog
C:\Users\80prozent\Documents\GitHub\AwayExtensionFlashPro\AwayExtensions-Animate\cpp\AwayExtensionsAnimateCC\obj\win\release\64\CL.8132.write.1.tlog
C:\Users\80prozent\Documents\GitHub\AwayExtensionFlashPro\AwayExtensions-Animate\cpp\AwayExtensionsAnimateCC\obj\win\release\64\CL.8180.read.1.tlog
C:\Users\80prozent\Documents\GitHub\AwayExtensionFlashPro\AwayExtensions-Animate\cpp\AwayExtensionsAnimateCC\obj\win\release\64\CL.8180.write.1.tlog
C:\Users\80prozent\Documents\GitHub\AwayExtensionFlashPro\AwayExtensions-Animate\cpp\AwayExtensionsAnimateCC\obj\win\release\64\CL.824.read.1.tlog
C:\Users\80prozent\Documents\GitHub\AwayExtensionFlashPro\AwayExtensions-Animate\cpp\AwayExtensionsAnimateCC\obj\win\release\64\CL.824.write.1.tlog
C:\Users\80prozent\Documents\GitHub\AwayExtensionFlashPro\AwayExtensions-Animate\cpp\AwayExtensionsAnimateCC\obj\win\release\64\CL.8284.read.1.tlog
C:\Users\80prozent\Documents\GitHub\AwayExtensionFlashPro\AwayExtensions-Animate\cpp\AwayExtensionsAnimateCC\obj\win\release\64\CL.8284.write.1.tlog
C:\Users\80prozent\Documents\GitHub\AwayExtensionFlashPro\AwayExtensions-Animate\cpp\AwayExtensionsAnimateCC\obj\win\release\64\CL.8304.read.1.tlog
C:\Users\80prozent\Documents\GitHub\AwayExtensionFlashPro\AwayExtensions-Animate\cpp\AwayExtensionsAnimateCC\obj\win\release\64\CL.8304.write.1.tlog
C:\Users\80prozent\Documents\GitHub\AwayExtensionFlashPro\AwayExtensions-Animate\cpp\AwayExtensionsAnimateCC\obj\win\release\64\CL.8324.read.1.tlog
C:\Users\80prozent\Documents\GitHub\AwayExtensionFlashPro\AwayExtensions-Animate\cpp\AwayExtensionsAnimateCC\obj\win\release\64\CL.8324.write.1.tlog
C:\Users\80prozent\Documents\GitHub\AwayExtensionFlashPro\AwayExtensions-Animate\cpp\AwayExtensionsAnimateCC\obj\win\release\64\CL.8352.read.1.tlog
C:\Users\80prozent\Documents\GitHub\AwayExtensionFlashPro\AwayExtensions-Animate\cpp\AwayExtensionsAnimateCC\obj\win\release\64\CL.8352.write.1.tlog
C:\Users\80prozent\Documents\GitHub\AwayExtensionFlashPro\AwayExtensions-Animate\cpp\AwayExtensionsAnimateCC\obj\win\release\64\CL.8436.read.1.tlog
C:\Users\80prozent\Documents\GitHub\AwayExtensionFlashPro\AwayExtensions-Animate\cpp\AwayExtensionsAnimateCC\obj\win\release\64\CL.8436.write.1.tlog
C:\Users\80prozent\Documents\GitHub\AwayExtensionFlashPro\AwayExtensions-Animate\cpp\AwayExtensionsAnimateCC\obj\win\release\64\CL.8524.read.1.tlog
C:\Users\80prozent\Documents\GitHub\AwayExtensionFlashPro\AwayExtensions-Animate\cpp\AwayExtensionsAnimateCC\obj\win\release\64\CL.8524.write.1.tlog
C:\Users\80prozent\Documents\GitHub\AwayExtensionFlashPro\AwayExtensions-Animate\cpp\AwayExtensionsAnimateCC\obj\win\release\64\CL.8536.read.1.tlog
C:\Users\80prozent\Documents\GitHub\AwayExtensionFlashPro\AwayExtensions-Animate\cpp\AwayExtensionsAnimateCC\obj\win\release\64\CL.8536.write.1.tlog
C:\Users\80prozent\Documents\GitHub\AwayExtensionFlashPro\AwayExtensions-Animate\cpp\AwayExtensionsAnimateCC\obj\win\release\64\CL.8600.read.1.tlog
C:\Users\80prozent\Documents\GitHub\AwayExtensionFlashPro\AwayExtensions-Animate\cpp\AwayExtensionsAnimateCC\obj\win\release\64\CL.8600.write.1.tlog
C:\Users\80prozent\Documents\GitHub\AwayExtensionFlashPro\AwayExtensions-Animate\cpp\AwayExtensionsAnimateCC\obj\win\release\64\CL.8604.read.1.tlog
C:\Users\80prozent\Documents\GitHub\AwayExtensionFlashPro\AwayExtensions-Animate\cpp\AwayExtensionsAnimateCC\obj\win\release\64\CL.8604.write.1.tlog
C:\Users\80prozent\Documents\GitHub\AwayExtensionFlashPro\AwayExtensions-Animate\cpp\AwayExtensionsAnimateCC\obj\win\release\64\CL.8680.read.1.tlog
C:\Users\80prozent\Documents\GitHub\AwayExtensionFlashPro\AwayExtensions-Animate\cpp\AwayExtensionsAnimateCC\obj\win\release\64\CL.8680.write.1.tlog
C:\Users\80prozent\Documents\GitHub\AwayExtensionFlashPro\AwayExtensions-Animate\cpp\AwayExtensionsAnimateCC\obj\win\release\64\CL.8712.read.1.tlog
C:\Users\80prozent\Documents\GitHub\AwayExtensionFlashPro\AwayExtensions-Animate\cpp\AwayExtensionsAnimateCC\obj\win\release\64\CL.8712.write.1.tlog
C:\Users\80prozent\Documents\GitHub\AwayExtensionFlashPro\AwayExtensions-Animate\cpp\AwayExtensionsAnimateCC\obj\win\release\64\CL.8724.read.1.tlog
C:\Users\80prozent\Documents\GitHub\AwayExtensionFlashPro\AwayExtensions-Animate\cpp\AwayExtensionsAnimateCC\obj\win\release\64\CL.8724.write.1.tlog
C:\Users\80prozent\Documents\GitHub\AwayExtensionFlashPro\AwayExtensions-Animate\cpp\AwayExtensionsAnimateCC\obj\win\release\64\CL.8740.read.1.tlog
C:\Users\80prozent\Documents\GitHub\AwayExtensionFlashPro\AwayExtensions-Animate\cpp\AwayExtensionsAnimateCC\obj\win\release\64\CL.8740.write.1.tlog
C:\Users\80prozent\Documents\GitHub\AwayExtensionFlashPro\AwayExtensions-Animate\cpp\AwayExtensionsAnimateCC\obj\win\release\64\CL.8776.read.1.tlog
C:\Users\80prozent\Documents\GitHub\AwayExtensionFlashPro\AwayExtensions-Animate\cpp\AwayExtensionsAnimateCC\obj\win\release\64\CL.8776.write.1.tlog
C:\Users\80prozent\Documents\GitHub\AwayExtensionFlashPro\AwayExtensions-Animate\cpp\AwayExtensionsAnimateCC\obj\win\release\64\CL.8792.read.1.tlog
C:\Users\80prozent\Documents\GitHub\AwayExtensionFlashPro\AwayExtensions-Animate\cpp\AwayExtensionsAnimateCC\obj\win\release\64\CL.8792.write.1.tlog
C:\Users\80prozent\Documents\GitHub\AwayExtensionFlashPro\AwayExtensions-Animate\cpp\AwayExtensionsAnimateCC\obj\win\release\64\CL.880.read.1.tlog
C:\Users\80prozent\Documents\GitHub\AwayExtensionFlashPro\AwayExtensions-Animate\cpp\AwayExtensionsAnimateCC\obj\win\release\64\CL.880.write.1.tlog
C:\Users\80prozent\Documents\GitHub\AwayExtensionFlashPro\AwayExtensions-Animate\cpp\AwayExtensionsAnimateCC\obj\win\release\64\CL.8840.read.1.tlog
C:\Users\80prozent\Documents\GitHub\AwayExtensionFlashPro\AwayExtensions-Animate\cpp\AwayExtensionsAnimateCC\obj\win\release\64\CL.8840.write.1.tlog
C:\Users\80prozent\Documents\GitHub\AwayExtensionFlashPro\AwayExtensions-Animate\cpp\AwayExtensionsAnimateCC\obj\win\release\64\CL.8848.read.1.tlog
C:\Users\80prozent\Documents\GitHub\AwayExtensionFlashPro\AwayExtensions-Animate\cpp\AwayExtensionsAnimateCC\obj\win\release\64\CL.8848.write.1.tlog
C:\Users\80prozent\Documents\GitHub\AwayExtensionFlashPro\AwayExtensions-Animate\cpp\AwayExtensionsAnimateCC\obj\win\release\64\CL.8864.read.1.tlog
C:\Users\80prozent\Documents\GitHub\AwayExtensionFlashPro\AwayExtensions-Animate\cpp\AwayExtensionsAnimateCC\obj\win\release\64\CL.8864.write.1.tlog
C:\Users\80prozent\Documents\GitHub\AwayExtensionFlashPro\AwayExtensions-Animate\cpp\AwayExtensionsAnimateCC\obj\win\release\64\CL.8912.read.1.tlog
C:\Users\80prozent\Documents\GitHub\AwayExtensionFlashPro\AwayExtensions-Animate\cpp\AwayExtensionsAnimateCC\obj\win\release\64\CL.8912.write.1.tlog
C:\Users\80prozent\Documents\GitHub\AwayExtensionFlashPro\AwayExtensions-Animate\cpp\AwayExtensionsAnimateCC\obj\win\release\64\CL.8968.read.1.tlog
C:\Users\80prozent\Documents\GitHub\AwayExtensionFlashPro\AwayExtensions-Animate\cpp\AwayExtensionsAnimateCC\obj\win\release\64\CL.8968.write.1.tlog
C:\Users\80prozent\Documents\GitHub\AwayExtensionFlashPro\AwayExtensions-Animate\cpp\AwayExtensionsAnimateCC\obj\win\release\64\CL.9016.read.1.tlog
C:\Users\80prozent\Documents\GitHub\AwayExtensionFlashPro\AwayExtensions-Animate\cpp\AwayExtensionsAnimateCC\obj\win\release\64\CL.9016.write.1.tlog
C:\Users\80prozent\Documents\GitHub\AwayExtensionFlashPro\AwayExtensions-Animate\cpp\AwayExtensionsAnimateCC\obj\win\release\64\CL.9156.read.1.tlog
C:\Users\80prozent\Documents\GitHub\AwayExtensionFlashPro\AwayExtensions-Animate\cpp\AwayExtensionsAnimateCC\obj\win\release\64\CL.9156.write.1.tlog
C:\Users\80prozent\Documents\GitHub\AwayExtensionFlashPro\AwayExtensions-Animate\cpp\AwayExtensionsAnimateCC\obj\win\release\64\CL.9192.read.1.tlog
C:\Users\80prozent\Documents\GitHub\AwayExtensionFlashPro\AwayExtensions-Animate\cpp\AwayExtensionsAnimateCC\obj\win\release\64\CL.9192.write.1.tlog
C:\Users\80prozent\Documents\GitHub\AwayExtensionFlashPro\AwayExtensions-Animate\cpp\AwayExtensionsAnimateCC\obj\win\release\64\CL.9228.read.1.tlog
C:\Users\80prozent\Documents\GitHub\AwayExtensionFlashPro\AwayExtensions-Animate\cpp\AwayExtensionsAnimateCC\obj\win\release\64\CL.9228.write.1.tlog
C:\Users\80prozent\Documents\GitHub\AwayExtensionFlashPro\AwayExtensions-Animate\cpp\AwayExtensionsAnimateCC\obj\win\release\64\CL.9796.read.1.tlog
C:\Users\80prozent\Documents\GitHub\AwayExtensionFlashPro\AwayExtensions-Animate\cpp\AwayExtensionsAnimateCC\obj\win\release\64\CL.9796.write.1.tlog
C:\Users\80prozent\Documents\GitHub\AwayExtensionFlashPro\AwayExtensions-Animate\cpp\AwayExtensionsAnimateCC\obj\win\release\64\cl.command.1.tlog
C:\Users\80prozent\Documents\GitHub\AwayExtensionFlashPro\AwayExtensions-Animate\cpp\AwayExtensionsAnimateCC\obj\win\release\64\CL.read.1.tlog
C:\Users\80prozent\Documents\GitHub\AwayExtensionFlashPro\AwayExtensions-Animate\cpp\AwayExtensionsAnimateCC\obj\win\release\64\cl.write.1.tlog
C:\Users\80prozent\Documents\GitHub\AwayExtensionFlashPro\AwayExtensions-Animate\cpp\AwayExtensionsAnimateCC\obj\win\release\64\link-cvtres.read.1.tlog
C:\Users\80prozent\Documents\GitHub\AwayExtensionFlashPro\AwayExtensions-Animate\cpp\AwayExtensionsAnimateCC\obj\win\release\64\link-cvtres.write.1.tlog
C:\Users\80prozent\Documents\GitHub\AwayExtensionFlashPro\AwayExtensions-Animate\cpp\AwayExtensionsAnimateCC\obj\win\release\64\link-rc.read.1.tlog
C:\Users\80prozent\Documents\GitHub\AwayExtensionFlashPro\AwayExtensions-Animate\cpp\AwayExtensionsAnimateCC\obj\win\release\64\link-rc.write.1.tlog
C:\Users\80prozent\Documents\GitHub\AwayExtensionFlashPro\AwayExtensions-Animate\cpp\AwayExtensionsAnimateCC\obj\win\release\64\link.command.1.tlog
C:\Users\80prozent\Documents\GitHub\AwayExtensionFlashPro\AwayExtensions-Animate\cpp\AwayExtensionsAnimateCC\obj\win\release\64\link.read.1.tlog
C:\Users\80prozent\Documents\GitHub\AwayExtensionFlashPro\AwayExtensions-Animate\cpp\AwayExtensionsAnimateCC\obj\win\release\64\link.write.1.tlog
C:\Users\80prozent\Documents\GitHub\AwayExtensionFlashPro\AwayExtensions-Animate\cpp\AwayExtensionsAnimateCC\obj\win\release\64\rc.command.1.tlog
C:\Users\80prozent\Documents\GitHub\AwayExtensionFlashPro\AwayExtensions-Animate\cpp\AwayExtensionsAnimateCC\obj\win\release\64\rc.read.1.tlog
C:\Users\80prozent\Documents\GitHub\AwayExtensionFlashPro\AwayExtensions-Animate\cpp\AwayExtensionsAnimateCC\obj\win\release\64\rc.write.1.tlog
C:\Users\80prozent\Documents\GitHub\AwayExtensionFlashPro\AwayExtensions-Animate\cpp\AwayExtensionsAnimateCC\obj\win\release\64\AwayExtensionsAnimateCC.res
C:\Users\80prozent\Documents\GitHub\AwayExtensionFlashPro\AwayExtensions-Animate\cpp\AwayExtensionsAnimateCC\obj\win\release\64\AwayExtensionsFlashPro.res
C:\Users\80prozent\Documents\GitHub\AwayExtensionFlashPro\AwayExtensions-Animate\cpp\AwayExtensionsAnimateCC\obj\win\release\64\vc110.pdb
C:\Program Files (x86)\Common Files\Adobe\CEP\extensions\AwayExtensionsAnimateCC\plugin\lib\win\AwayExtensionsAnimateCC.fcm
