C:\Program Files (x86)\MSBuild\Microsoft.Cpp\v4.0\V110\Microsoft.CppBuild.targets(346,5): warning MSB8004: Output Directory does not end with a trailing slash.  This build instance will add the slash as it is required to allow proper evaluation of the Output Directory.
  bucketalloc.c
  dict.c
  geom.c
  priorityq.c
  sweep.c
  tess.c
  main.c
  mongoose.c
..\..\..\..\..\..\awd-sdk\cpp-libawd\lib\libtess2_master\Source\bucketalloc.c(66): warning C4267: 'function' : conversion from 'size_t' to 'unsigned int', possible loss of data
..\..\..\..\..\..\awd-sdk\cpp-libawd\lib\mongoose\main.c(80): warning C4133: 'function' : incompatible types - from 'char [200]' to 'LPCWSTR'
..\..\..\..\..\..\awd-sdk\cpp-libawd\lib\mongoose\main.c(80): warning C4133: 'function' : incompatible types - from 'char [6]' to 'LPCWSTR'
..\..\..\..\..\..\awd-sdk\cpp-libawd\lib\mongoose\main.c(99): warning C4133: 'function' : incompatible types - from 'mg_context *' to 'const char *'
..\..\..\..\..\..\awd-sdk\cpp-libawd\lib\mongoose\main.c(289): warning C4133: 'function' : incompatible types - from 'char [40]' to 'LPCWSTR'
..\..\..\..\..\..\awd-sdk\cpp-libawd\lib\mongoose\main.c(343): warning C4133: 'function' : incompatible types - from 'char [256]' to 'LPWSTR'
..\..\..\..\..\..\awd-sdk\cpp-libawd\lib\mongoose\main.c(344): warning C4133: 'function' : incompatible types - from 'char [256]' to 'LPCWSTR'
..\..\..\..\..\..\awd-sdk\cpp-libawd\lib\mongoose\main.c(344): warning C4133: 'function' : incompatible types - from 'char [6]' to 'LPCWSTR'
..\..\..\..\..\..\awd-sdk\cpp-libawd\lib\mongoose\main.c(350): warning C4133: 'initializing' : incompatible types - from 'char *' to 'LPWSTR'
..\..\..\..\..\..\awd-sdk\cpp-libawd\lib\mongoose\main.c(359): warning C4133: 'function' : incompatible types - from 'char [280]' to 'LPWSTR'
..\..\..\..\..\..\awd-sdk\cpp-libawd\lib\mongoose\main.c(362): warning C4133: 'function' : incompatible types - from 'const char *' to 'LPCWSTR'
..\..\..\..\..\..\awd-sdk\cpp-libawd\lib\mongoose\main.c(365): warning C4133: 'function' : incompatible types - from 'char [280]' to 'LPCWSTR'
..\..\..\..\..\..\awd-sdk\cpp-libawd\lib\mongoose\main.c(372): warning C4133: 'function' : incompatible types - from 'const char *' to 'LPCWSTR'
..\..\..\..\..\..\awd-sdk\cpp-libawd\lib\mongoose\main.c(376): warning C4133: 'function' : incompatible types - from 'const char *' to 'LPCWSTR'
..\..\..\..\..\..\awd-sdk\cpp-libawd\lib\mongoose\main.c(390): warning C4133: 'initializing' : incompatible types - from 'char *' to 'LPWSTR'
..\..\..\..\..\..\awd-sdk\cpp-libawd\lib\mongoose\main.c(431): warning C4133: 'function' : incompatible types - from 'char [40]' to 'LPCWSTR'
..\..\..\..\..\..\awd-sdk\cpp-libawd\lib\mongoose\main.c(432): warning C4133: 'function' : incompatible types - from 'char [1]' to 'LPCWSTR'
..\..\..\..\..\..\awd-sdk\cpp-libawd\lib\mongoose\main.c(436): warning C4133: 'function' : incompatible types - from 'char [200]' to 'LPCWSTR'
..\..\..\..\..\..\awd-sdk\cpp-libawd\lib\mongoose\main.c(438): warning C4133: 'function' : incompatible types - from 'char [8]' to 'LPCWSTR'
..\..\..\..\..\..\awd-sdk\cpp-libawd\lib\mongoose\main.c(440): warning C4133: 'function' : incompatible types - from 'char [10]' to 'LPCWSTR'
..\..\..\..\..\..\awd-sdk\cpp-libawd\lib\mongoose\main.c(441): warning C4133: 'function' : incompatible types - from 'char [1]' to 'LPCWSTR'
..\..\..\..\..\..\awd-sdk\cpp-libawd\lib\mongoose\main.c(442): warning C4133: 'function' : incompatible types - from 'char [17]' to 'LPCWSTR'
..\..\..\..\..\..\awd-sdk\cpp-libawd\lib\mongoose\main.c(443): warning C4133: 'function' : incompatible types - from 'char [5]' to 'LPCWSTR'
..\..\..\..\..\..\awd-sdk\cpp-libawd\lib\mongoose\main.c(466): warning C4133: '=' : incompatible types - from 'char *' to 'LPCWSTR'
..\..\..\..\..\..\awd-sdk\cpp-libawd\lib\mongoose\main.c(470): warning C4133: 'function' : incompatible types - from 'char [40]' to 'LPCWSTR'
..\..\..\..\..\..\awd-sdk\cpp-libawd\lib\mongoose\main.c(479): warning C4133: 'function' : incompatible types - from 'WCHAR [128]' to 'char *'
..\..\..\..\..\..\awd-sdk\cpp-libawd\lib\mongoose\mongoose.c(718): warning C4267: 'initializing' : conversion from 'size_t' to 'int', possible loss of data
..\..\..\..\..\..\awd-sdk\cpp-libawd\lib\mongoose\mongoose.c(885): warning C4244: 'function' : conversion from '__int64' to 'int', possible loss of data
..\..\..\..\..\..\awd-sdk\cpp-libawd\lib\mongoose\mongoose.c(887): warning C4244: 'function' : conversion from '__int64' to 'int', possible loss of data
..\..\..\..\..\..\awd-sdk\cpp-libawd\lib\mongoose\mongoose.c(1253): warning C4244: 'function' : conversion from 'SOCKET' to 'int', possible loss of data
..\..\..\..\..\..\awd-sdk\cpp-libawd\lib\mongoose\mongoose.c(1567): warning C4244: '=' : conversion from '__int64' to 'int', possible loss of data
..\..\..\..\..\..\awd-sdk\cpp-libawd\lib\mongoose\mongoose.c(1752): warning C4267: 'function' : conversion from 'size_t' to 'int', possible loss of data
..\..\..\..\..\..\awd-sdk\cpp-libawd\lib\mongoose\mongoose.c(1793): warning C4244: '=' : conversion from '__int64' to 'int', possible loss of data
..\..\..\..\..\..\awd-sdk\cpp-libawd\lib\mongoose\mongoose.c(1824): warning C4267: 'function' : conversion from 'size_t' to 'int', possible loss of data
..\..\..\..\..\..\awd-sdk\cpp-libawd\lib\mongoose\mongoose.c(1854): warning C4267: 'function' : conversion from 'size_t' to 'int', possible loss of data
..\..\..\..\..\..\awd-sdk\cpp-libawd\lib\mongoose\mongoose.c(2427): warning C4267: 'function' : conversion from 'size_t' to 'int', possible loss of data
..\..\..\..\..\..\awd-sdk\cpp-libawd\lib\mongoose\mongoose.c(2693): warning C4267: 'function' : conversion from 'size_t' to 'int', possible loss of data
..\..\..\..\..\..\awd-sdk\cpp-libawd\lib\mongoose\mongoose.c(2694): warning C4267: 'function' : conversion from 'size_t' to 'int', possible loss of data
..\..\..\..\..\..\awd-sdk\cpp-libawd\lib\mongoose\mongoose.c(2887): warning C4267: '=' : conversion from 'size_t' to 'int', possible loss of data
..\..\..\..\..\..\awd-sdk\cpp-libawd\lib\mongoose\mongoose.c(3168): warning C4244: '=' : conversion from '__int64' to 'int', possible loss of data
..\..\..\..\..\..\awd-sdk\cpp-libawd\lib\mongoose\mongoose.c(3533): warning C4244: '=' : conversion from '__int64' to 'int', possible loss of data
..\..\..\..\..\..\awd-sdk\cpp-libawd\lib\mongoose\mongoose.c(3667): warning C4267: 'function' : conversion from 'size_t' to 'int', possible loss of data
..\..\..\..\..\..\awd-sdk\cpp-libawd\lib\mongoose\mongoose.c(4240): warning C4267: 'function' : conversion from 'size_t' to 'int', possible loss of data
..\..\..\..\..\..\awd-sdk\cpp-libawd\lib\mongoose\mongoose.c(4288): warning C4267: '=' : conversion from 'size_t' to 'int', possible loss of data
..\..\..\..\..\..\awd-sdk\cpp-libawd\lib\mongoose\mongoose.c(4492): warning C4267: 'function' : conversion from 'size_t' to 'int', possible loss of data
..\..\..\..\..\..\awd-sdk\cpp-libawd\lib\mongoose\mongoose.c(4504): warning C4267: 'function' : conversion from 'size_t' to 'int', possible loss of data
  mesh.c
  lodepng.cpp
  IceRadix3Passes.cpp
  IceRevisitedRadix.cpp
  StdAfx.cpp
  awd_project.cc
  AnimationClipBase.cc
  AnimationFrameBase.cc
  AttrElementBase.cc
  BlockBase.cc
  DataBlockBase.cc
  SceneBlockBase.cc
..\..\..\..\..\..\awd-sdk\cpp-libawd\lib\lode_png\lodepng.cpp(795): warning C4267: 'argument' : conversion from 'size_t' to 'unsigned int', possible loss of data
..\..\..\..\..\..\awd-sdk\cpp-libawd\lib\lode_png\lodepng.cpp(807): warning C4267: '=' : conversion from 'size_t' to 'unsigned int', possible loss of data
..\..\..\..\..\..\awd-sdk\cpp-libawd\lib\lode_png\lodepng.cpp(825): warning C4267: 'argument' : conversion from 'size_t' to 'unsigned int', possible loss of data
..\..\..\..\..\..\awd-sdk\cpp-libawd\lib\lode_png\lodepng.cpp(1433): warning C4267: '=' : conversion from 'size_t' to 'int', possible loss of data
..\..\..\..\..\..\awd-sdk\cpp-libawd\lib\lode_png\lodepng.cpp(1437): warning C4267: '=' : conversion from 'size_t' to 'int', possible loss of data
..\..\..\..\..\..\awd-sdk\cpp-libawd\lib\lode_png\lodepng.cpp(1509): warning C4267: '=' : conversion from 'size_t' to 'unsigned int', possible loss of data
..\..\..\..\..\..\awd-sdk\cpp-libawd\lib\lode_png\lodepng.cpp(3433): warning C4267: 'argument' : conversion from 'size_t' to 'unsigned int', possible loss of data
..\..\..\..\..\..\awd-sdk\cpp-libawd\lib\lode_png\lodepng.cpp(4226): warning C4267: '=' : conversion from 'size_t' to 'unsigned int', possible loss of data
..\..\..\..\..\..\awd-sdk\cpp-libawd\lib\lode_png\lodepng.cpp(4274): warning C4267: '=' : conversion from 'size_t' to 'unsigned int', possible loss of data
..\..\..\..\..\..\awd-sdk\cpp-libawd\lib\lode_png\lodepng.cpp(4354): warning C4267: '=' : conversion from 'size_t' to 'unsigned int', possible loss of data
..\..\..\..\..\..\awd-sdk\cpp-libawd\lib\lode_png\lodepng.cpp(5275): warning C4267: 'initializing' : conversion from 'size_t' to 'unsigned int', possible loss of data
  StateElementbase.cc
  AnimationSet.cc
  Animator.cc
  Audio.cc
  Billboard.cc
  BitmapTexture.cc
..\..\..\..\..\..\awd-sdk\cpp-libawd\src\awd_project.cc(127): warning C4244: 'return' : conversion from 'double' to 'int', possible loss of data
..\..\..\..\..\..\awd-sdk\cpp-libawd\src\awd_project.cc(245): warning C4267: '+=' : conversion from 'size_t' to 'int', possible loss of data
..\..\..\..\..\..\awd-sdk\cpp-libawd\src\awd_project.cc(247): warning C4267: 'argument' : conversion from 'size_t' to 'int', possible loss of data
  Camera.cc
..\..\..\..\..\..\awd-sdk\cpp-libawd\src\blocks\Billboard.cc(65): warning C4267: 'initializing' : conversion from 'size_t' to 'AWD::TYPES::UINT32', possible loss of data
  Command.cc
  ConcanetedStream.cc
  CubeTexture.cc
  EffectMethod.cc
  Font.cc
  Geometry.cc
  Light.cc
..\..\..\..\..\..\awd-sdk\cpp-libawd\src\blocks\Font.cc(59): warning C4267: '+=' : conversion from 'size_t' to 'AWD::TYPES::UINT32', possible loss of data
..\..\..\..\..\..\awd-sdk\cpp-libawd\src\blocks\Font.cc(84): warning C4267: 'argument' : conversion from 'size_t' to 'AWD::TYPES::UINT32', possible loss of data
  LightPicker.cc
  Material.cc
  MeshInst.cc
  MeshLibrary.cc
  MetaData.cc
..\..\..\..\..\..\awd-sdk\cpp-libawd\src\blocks\Geometry.cc(423): warning C4244: 'argument' : conversion from 'AWD::TYPES::F64' to 'AWD::TYPES::F32', possible loss of data
..\..\..\..\..\..\awd-sdk\cpp-libawd\src\blocks\Geometry.cc(424): warning C4244: 'argument' : conversion from 'AWD::TYPES::F64' to 'AWD::TYPES::F32', possible loss of data
..\..\..\..\..\..\awd-sdk\cpp-libawd\src\blocks\Geometry.cc(428): warning C4244: 'argument' : conversion from 'AWD::TYPES::F64' to 'AWD::TYPES::F32', possible loss of data
..\..\..\..\..\..\awd-sdk\cpp-libawd\src\blocks\Geometry.cc(429): warning C4244: 'argument' : conversion from 'AWD::TYPES::F64' to 'AWD::TYPES::F32', possible loss of data
..\..\..\..\..\..\awd-sdk\cpp-libawd\src\blocks\Geometry.cc(430): warning C4244: 'argument' : conversion from 'AWD::TYPES::F64' to 'AWD::TYPES::F32', possible loss of data
..\..\..\..\..\..\awd-sdk\cpp-libawd\src\blocks\Geometry.cc(431): warning C4244: 'argument' : conversion from 'AWD::TYPES::F64' to 'AWD::TYPES::F32', possible loss of data
..\..\..\..\..\..\awd-sdk\cpp-libawd\src\blocks\Geometry.cc(434): warning C4244: 'argument' : conversion from 'AWD::TYPES::F64' to 'AWD::TYPES::F32', possible loss of data
..\..\..\..\..\..\awd-sdk\cpp-libawd\src\blocks\Geometry.cc(435): warning C4244: 'argument' : conversion from 'AWD::TYPES::F64' to 'AWD::TYPES::F32', possible loss of data
..\..\..\..\..\..\awd-sdk\cpp-libawd\src\blocks\Geometry.cc(436): warning C4244: 'argument' : conversion from 'AWD::TYPES::F64' to 'AWD::TYPES::F32', possible loss of data
..\..\..\..\..\..\awd-sdk\cpp-libawd\src\blocks\Geometry.cc(437): warning C4244: 'argument' : conversion from 'AWD::TYPES::F64' to 'AWD::TYPES::F32', possible loss of data
  Namespace.cc
  ObjectContainer3D.cc
  Primitive.cc
  Scene.cc
..\..\..\..\..\..\awd-sdk\cpp-libawd\src\blocks\MeshLibrary.cc(69): warning C4267: 'initializing' : conversion from 'size_t' to 'AWD::TYPES::UINT32', possible loss of data
..\..\..\..\..\..\awd-sdk\cpp-libawd\src\blocks\MeshLibrary.cc(104): warning C4267: 'argument' : conversion from 'size_t' to 'AWD::TYPES::UINT16', possible loss of data
  ShadowMethod.cc
  Skeleton.cc
  SkeletonAnimationClip.cc
  SkeletonPose.cc
  SkyBox.cc
  TextElement.cc
  TextFormat.cc
  TextureProjector.cc
  MovieClip.cc
  UVAnimationClip.cc
  UVPose.cc
..\..\..\..\..\..\awd-sdk\cpp-libawd\src\blocks\TextElement.cc(300): warning C4244: 'argument' : conversion from 'double' to 'AWD::TYPES::F32', possible loss of data
..\..\..\..\..\..\awd-sdk\cpp-libawd\src\blocks\TextElement.cc(301): warning C4244: 'argument' : conversion from 'double' to 'AWD::TYPES::F32', possible loss of data
..\..\..\..\..\..\awd-sdk\cpp-libawd\src\blocks\TextElement.cc(302): warning C4267: 'argument' : conversion from 'size_t' to 'AWD::TYPES::UINT32', possible loss of data
..\..\..\..\..\..\awd-sdk\cpp-libawd\src\blocks\TextFormat.cc(239): warning C4267: 'initializing' : conversion from 'size_t' to 'AWD::TYPES::UINT32', possible loss of data
..\..\..\..\..\..\awd-sdk\cpp-libawd\src\blocks\TextFormat.cc(241): warning C4267: '+=' : conversion from 'size_t' to 'AWD::TYPES::UINT32', possible loss of data
..\..\..\..\..\..\awd-sdk\cpp-libawd\src\blocks\TextFormat.cc(243): warning C4267: '+=' : conversion from 'size_t' to 'AWD::TYPES::UINT32', possible loss of data
..\..\..\..\..\..\awd-sdk\cpp-libawd\src\blocks\TextFormat.cc(327): warning C4267: 'argument' : conversion from 'size_t' to 'AWD::TYPES::UINT8', possible loss of data
..\..\..\..\..\..\awd-sdk\cpp-libawd\src\blocks\TextFormat.cc(329): warning C4244: 'argument' : conversion from 'double' to 'AWD::TYPES::F32', possible loss of data
  VertexAnimationClip.cc
  VertexPose.cc
  AttrBase.cc
  NumAttr.cc
  NumAttrList.cc
  UserAttr.cc
  UserAttrList.cc
..\..\..\..\..\..\awd-sdk\cpp-libawd\src\blocks\MovieClip.cc(241): warning C4267: '=' : conversion from 'size_t' to 'int', possible loss of data
..\..\..\..\..\..\awd-sdk\cpp-libawd\src\blocks\MovieClip.cc(250): warning C4267: '=' : conversion from 'size_t' to 'int', possible loss of data
..\..\..\..\..\..\awd-sdk\cpp-libawd\src\blocks\MovieClip.cc(295): warning C4267: 'argument' : conversion from 'size_t' to 'unsigned int', possible loss of data
..\..\..\..\..\..\awd-sdk\cpp-libawd\src\blocks\MovieClip.cc(313): warning C4267: 'initializing' : conversion from 'size_t' to 'AWD::TYPES::UINT32', possible loss of data
..\..\..\..\..\..\awd-sdk\cpp-libawd\src\blocks\MovieClip.cc(335): warning C4267: '=' : conversion from 'size_t' to 'AWD::TYPES::UINT32', possible loss of data
..\..\..\..\..\..\awd-sdk\cpp-libawd\src\blocks\MovieClip.cc(359): warning C4267: '=' : conversion from 'size_t' to 'AWD::TYPES::UINT32', possible loss of data
..\..\..\..\..\..\awd-sdk\cpp-libawd\src\blocks\MovieClip.cc(364): warning C4267: 'argument' : conversion from 'size_t' to 'unsigned int', possible loss of data
..\..\..\..\..\..\awd-sdk\cpp-libawd\src\blocks\MovieClip.cc(380): warning C4267: 'argument' : conversion from 'size_t' to 'unsigned int', possible loss of data
..\..\..\..\..\..\awd-sdk\cpp-libawd\src\blocks\MovieClip.cc(381): warning C4267: '=' : conversion from 'size_t' to 'unsigned int', possible loss of data
..\..\..\..\..\..\awd-sdk\cpp-libawd\src\blocks\MovieClip.cc(385): warning C4267: 'argument' : conversion from 'size_t' to 'unsigned int', possible loss of data
..\..\..\..\..\..\awd-sdk\cpp-libawd\src\blocks\MovieClip.cc(386): warning C4267: '=' : conversion from 'size_t' to 'unsigned int', possible loss of data
..\..\..\..\..\..\awd-sdk\cpp-libawd\src\blocks\MovieClip.cc(390): warning C4267: 'argument' : conversion from 'size_t' to 'unsigned int', possible loss of data
..\..\..\..\..\..\awd-sdk\cpp-libawd\src\blocks\MovieClip.cc(391): warning C4267: '=' : conversion from 'size_t' to 'unsigned int', possible loss of data
..\..\..\..\..\..\awd-sdk\cpp-libawd\src\blocks\MovieClip.cc(406): warning C4267: 'argument' : conversion from 'size_t' to 'unsigned int', possible loss of data
..\..\..\..\..\..\awd-sdk\cpp-libawd\src\blocks\MovieClip.cc(407): warning C4267: '=' : conversion from 'size_t' to 'unsigned int', possible loss of data
..\..\..\..\..\..\awd-sdk\cpp-libawd\src\blocks\MovieClip.cc(436): warning C4267: 'argument' : conversion from 'size_t' to 'unsigned int', possible loss of data
..\..\..\..\..\..\awd-sdk\cpp-libawd\src\blocks\MovieClip.cc(437): warning C4267: '=' : conversion from 'size_t' to 'unsigned int', possible loss of data
..\..\..\..\..\..\awd-sdk\cpp-libawd\src\blocks\MovieClip.cc(438): warning C4267: 'argument' : conversion from 'size_t' to 'unsigned int', possible loss of data
..\..\..\..\..\..\awd-sdk\cpp-libawd\src\blocks\MovieClip.cc(461): warning C4267: 'argument' : conversion from 'size_t' to 'unsigned int', possible loss of data
..\..\..\..\..\..\awd-sdk\cpp-libawd\src\blocks\MovieClip.cc(462): warning C4267: '=' : conversion from 'size_t' to 'unsigned int', possible loss of data
..\..\..\..\..\..\awd-sdk\cpp-libawd\src\blocks\MovieClip.cc(813): warning C4267: '=' : conversion from 'size_t' to 'int', possible loss of data
..\..\..\..\..\..\awd-sdk\cpp-libawd\src\blocks\MovieClip.cc(847): warning C4267: '=' : conversion from 'size_t' to 'int', possible loss of data
..\..\..\..\..\..\awd-sdk\cpp-libawd\src\blocks\MovieClip.cc(996): warning C4267: 'initializing' : conversion from 'size_t' to 'int', possible loss of data
..\..\..\..\..\..\awd-sdk\cpp-libawd\src\blocks\MovieClip.cc(1009): warning C4267: 'initializing' : conversion from 'size_t' to 'int', possible loss of data
..\..\..\..\..\..\awd-sdk\cpp-libawd\src\blocks\MovieClip.cc(1021): warning C4267: 'initializing' : conversion from 'size_t' to 'int', possible loss of data
..\..\..\..\..\..\awd-sdk\cpp-libawd\src\blocks\MovieClip.cc(1117): warning C4018: '<' : signed/unsigned mismatch
..\..\..\..\..\..\awd-sdk\cpp-libawd\src\blocks\MovieClip.cc(1206): warning C4018: '>=' : signed/unsigned mismatch
..\..\..\..\..\..\awd-sdk\cpp-libawd\src\blocks\MovieClip.cc(1259): warning C4267: '+=' : conversion from 'size_t' to 'AWD::TYPES::UINT32', possible loss of data
..\..\..\..\..\..\awd-sdk\cpp-libawd\src\blocks\MovieClip.cc(1261): warning C4267: '+=' : conversion from 'size_t' to 'AWD::TYPES::UINT32', possible loss of data
..\..\..\..\..\..\awd-sdk\cpp-libawd\src\blocks\MovieClip.cc(1281): warning C4267: '+=' : conversion from 'size_t' to 'AWD::TYPES::UINT32', possible loss of data
..\..\..\..\..\..\awd-sdk\cpp-libawd\src\blocks\MovieClip.cc(1298): warning C4267: '+=' : conversion from 'size_t' to 'AWD::TYPES::UINT32', possible loss of data
..\..\..\..\..\..\awd-sdk\cpp-libawd\src\blocks\MovieClip.cc(1307): warning C4267: '+=' : conversion from 'size_t' to 'AWD::TYPES::UINT32', possible loss of data
..\..\..\..\..\..\awd-sdk\cpp-libawd\src\blocks\MovieClip.cc(1498): warning C4267: 'argument' : conversion from 'size_t' to 'AWD::TYPES::UINT16', possible loss of data
..\..\..\..\..\..\awd-sdk\cpp-libawd\src\blocks\MovieClip.cc(1556): warning C4267: 'argument' : conversion from 'size_t' to 'AWD::TYPES::UINT32', possible loss of data
..\..\..\..\..\..\awd-sdk\cpp-libawd\src\blocks\MovieClip.cc(1557): warning C4267: 'argument' : conversion from 'size_t' to 'int', possible loss of data
..\..\..\..\..\..\awd-sdk\cpp-libawd\src\blocks\MovieClip.cc(1570): warning C4267: 'argument' : conversion from 'size_t' to 'AWD::TYPES::UINT16', possible loss of data
..\..\..\..\..\..\awd-sdk\cpp-libawd\src\blocks\MovieClip.cc(1586): warning C4267: 'argument' : conversion from 'size_t' to 'AWD::TYPES::UINT16', possible loss of data
..\..\..\..\..\..\awd-sdk\cpp-libawd\src\blocks\MovieClip.cc(1601): warning C4267: 'argument' : conversion from 'size_t' to 'AWD::TYPES::UINT16', possible loss of data
  BlockInstance.cc
  FontElements.cc
  FrameCommandBase.cc
  FrameCommandDisplayObject.cc
  FrameCommandRemoveObject.cc
..\..\..\..\..\..\awd-sdk\cpp-libawd\src\elements\FontElements.cc(162): warning C4244: 'argument' : conversion from 'double' to 'AWD::TYPES::F32', possible loss of data
..\..\..\..\..\..\awd-sdk\cpp-libawd\src\elements\FontElements.cc(261): warning C4267: '+=' : conversion from 'size_t' to 'AWD::TYPES::UINT32', possible loss of data
..\..\..\..\..\..\awd-sdk\cpp-libawd\src\elements\FontElements.cc(279): warning C4244: 'argument' : conversion from 'double' to 'AWD::TYPES::UINT32', possible loss of data
..\..\..\..\..\..\awd-sdk\cpp-libawd\src\elements\FontElements.cc(280): warning C4244: 'argument' : conversion from 'double' to 'AWD::TYPES::UINT32', possible loss of data
..\..\..\..\..\..\awd-sdk\cpp-libawd\src\elements\FontElements.cc(281): warning C4244: 'argument' : conversion from 'double' to 'AWD::TYPES::F32', possible loss of data
..\..\..\..\..\..\awd-sdk\cpp-libawd\src\elements\FontElements.cc(282): warning C4244: 'argument' : conversion from 'double' to 'AWD::TYPES::F32', possible loss of data
..\..\..\..\..\..\awd-sdk\cpp-libawd\src\elements\FontElements.cc(283): warning C4267: 'argument' : conversion from 'size_t' to 'AWD::TYPES::UINT32', possible loss of data
  FrameCommandSoundObject.cc
  DataStream.cc
  DataStreamAttrBase.cc
..\..\..\..\..\..\awd-sdk\cpp-libawd\src\elements\FrameCommandDisplayObject.cc(370): warning C4267: '+=' : conversion from 'size_t' to 'int', possible loss of data
  geom_types.cc
..\..\..\..\..\..\awd-sdk\cpp-libawd\src\elements\FrameCommandDisplayObject.cc(575): warning C4267: 'initializing' : conversion from 'size_t' to 'int', possible loss of data
  Path.cc
  PathSegment.cc
  FilledRegion.cc
  SharedVertex.cc
  SubGeom.cc
..\..\..\..\..\..\awd-sdk\cpp-libawd\src\elements\geom\geom_types.cc(79): warning C4244: 'argument' : conversion from 'AWD::TYPES::F64' to 'const float', possible loss of data
..\..\..\..\..\..\awd-sdk\cpp-libawd\src\elements\geom\geom_types.cc(83): warning C4244: 'argument' : conversion from 'AWD::TYPES::F64' to 'const float', possible loss of data
..\..\..\..\..\..\awd-sdk\cpp-libawd\src\elements\geom\Path.cc(140): warning C4244: '=' : conversion from 'double' to 'int', possible loss of data
..\..\..\..\..\..\awd-sdk\cpp-libawd\src\elements\geom\Path.cc(142): warning C4244: '=' : conversion from 'double' to 'int', possible loss of data
..\..\..\..\..\..\awd-sdk\cpp-libawd\src\elements\geom\Path.cc(144): warning C4244: '=' : conversion from 'double' to 'int', possible loss of data
..\..\..\..\..\..\awd-sdk\cpp-libawd\src\elements\geom\Path.cc(146): warning C4244: '=' : conversion from 'double' to 'int', possible loss of data
..\..\..\..\..\..\awd-sdk\cpp-libawd\src\elements\geom\Path.cc(187): warning C4244: '=' : conversion from 'AWD::TYPES::F64' to 'float', possible loss of data
..\..\..\..\..\..\awd-sdk\cpp-libawd\src\elements\geom\Path.cc(188): warning C4244: '=' : conversion from 'AWD::TYPES::F64' to 'float', possible loss of data
..\..\..\..\..\..\awd-sdk\cpp-libawd\src\elements\geom\Path.cc(195): warning C4244: '=' : conversion from 'AWD::TYPES::F64' to 'float', possible loss of data
..\..\..\..\..\..\awd-sdk\cpp-libawd\src\elements\geom\Path.cc(196): warning C4244: '=' : conversion from 'AWD::TYPES::F64' to 'float', possible loss of data
..\..\..\..\..\..\awd-sdk\cpp-libawd\src\elements\geom\Path.cc(281): warning C4244: 'argument' : conversion from 'AWD::TYPES::F64' to 'float', possible loss of data
..\..\..\..\..\..\awd-sdk\cpp-libawd\src\elements\geom\Path.cc(328): warning C4267: 'return' : conversion from 'size_t' to 'AWD::TYPES::UINT32', possible loss of data
  SubGeomInternal.cc
..\..\..\..\..\..\awd-sdk\cpp-libawd\src\elements\geom\PathSegment.cc(55): warning C4244: '=' : conversion from 'AWD::TYPES::F64' to 'int', possible loss of data
..\..\..\..\..\..\awd-sdk\cpp-libawd\src\elements\geom\PathSegment.cc(56): warning C4244: '=' : conversion from 'AWD::TYPES::F64' to 'int', possible loss of data
..\..\..\..\..\..\awd-sdk\cpp-libawd\src\elements\geom\PathSegment.cc(59): warning C4244: '=' : conversion from 'AWD::TYPES::F64' to 'int', possible loss of data
..\..\..\..\..\..\awd-sdk\cpp-libawd\src\elements\geom\PathSegment.cc(60): warning C4244: '=' : conversion from 'AWD::TYPES::F64' to 'int', possible loss of data
..\..\..\..\..\..\awd-sdk\cpp-libawd\src\elements\geom\PathSegment.cc(63): warning C4244: '=' : conversion from 'AWD::TYPES::F64' to 'int', possible loss of data
..\..\..\..\..\..\awd-sdk\cpp-libawd\src\elements\geom\PathSegment.cc(64): warning C4244: '=' : conversion from 'AWD::TYPES::F64' to 'int', possible loss of data
..\..\..\..\..\..\awd-sdk\cpp-libawd\src\elements\geom\PathSegment.cc(67): warning C4244: '=' : conversion from 'AWD::TYPES::F64' to 'int', possible loss of data
..\..\..\..\..\..\awd-sdk\cpp-libawd\src\elements\geom\PathSegment.cc(68): warning C4244: '=' : conversion from 'AWD::TYPES::F64' to 'int', possible loss of data
..\..\..\..\..\..\awd-sdk\cpp-libawd\src\elements\geom\PathSegment.cc(72): warning C4244: '=' : conversion from 'double' to 'int', possible loss of data
..\..\..\..\..\..\awd-sdk\cpp-libawd\src\elements\geom\PathSegment.cc(73): warning C4244: '=' : conversion from 'double' to 'int', possible loss of data
..\..\..\..\..\..\awd-sdk\cpp-libawd\src\elements\geom\PathSegment.cc(74): warning C4244: '=' : conversion from 'double' to 'int', possible loss of data
..\..\..\..\..\..\awd-sdk\cpp-libawd\src\elements\geom\PathSegment.cc(75): warning C4244: '=' : conversion from 'double' to 'int', possible loss of data
  Triangle.cc
  Vertex.cc
  ShadingMethod.cc
  SkeletonJoint.cc
  TimelineDepthManager.cc
..\..\..\..\..\..\awd-sdk\cpp-libawd\src\elements\geom\SubGeom.cc(82): warning C4267: 'argument' : conversion from 'size_t' to 'int', possible loss of data
..\..\..\..\..\..\awd-sdk\cpp-libawd\src\elements\geom\SubGeom.cc(102): warning C4267: 'argument' : conversion from 'size_t' to 'int', possible loss of data
..\..\..\..\..\..\awd-sdk\cpp-libawd\src\elements\geom\SubGeom.cc(360): warning C4244: 'initializing' : conversion from 'double' to 'int', possible loss of data
..\..\..\..\..\..\awd-sdk\cpp-libawd\src\elements\geom\SubGeom.cc(382): warning C4244: 'initializing' : conversion from 'double' to 'int', possible loss of data
  TimeLineFrame.cc
  AWDFile.cc
  awdlzma.cc
  awdzlib.cc
..\..\..\..\..\..\awd-sdk\cpp-libawd\src\elements\TimelineDepthManager.cc(59): warning C4018: '>=' : signed/unsigned mismatch
..\..\..\..\..\..\awd-sdk\cpp-libawd\src\elements\TimelineDepthManager.cc(69): warning C4018: '<=' : signed/unsigned mismatch
..\..\..\..\..\..\awd-sdk\cpp-libawd\src\elements\TimelineDepthManager.cc(69): warning C4018: '>=' : signed/unsigned mismatch
..\..\..\..\..\..\awd-sdk\cpp-libawd\src\elements\TimelineDepthManager.cc(71): warning C4018: '<=' : signed/unsigned mismatch
..\..\..\..\..\..\awd-sdk\cpp-libawd\src\elements\TimelineDepthManager.cc(71): warning C4018: '>=' : signed/unsigned mismatch
  FileReader.cc
..\..\..\..\..\..\awd-sdk\cpp-libawd\src\elements\TimelineDepthManager.cc(199): warning C4267: 'initializing' : conversion from 'size_t' to 'int', possible loss of data
..\..\..\..\..\..\awd-sdk\cpp-libawd\src\elements\TimelineDepthManager.cc(383): warning C4018: '<=' : signed/unsigned mismatch
..\..\..\..\..\..\awd-sdk\cpp-libawd\src\elements\TimelineDepthManager.cc(383): warning C4018: '>=' : signed/unsigned mismatch
  FileWriter.cc
  HTTPServer.cpp
  DirentWin.cpp
  geomutil.cc
  geomutilShapes.cc
  geomutil_helper.cc
..\..\..\..\..\..\awd-sdk\cpp-libawd\src\elements\TimeLineFrame.cc(382): warning C4267: 'argument' : conversion from 'size_t' to 'udword', possible loss of data
..\..\..\..\..\..\awd-sdk\cpp-libawd\src\elements\TimeLineFrame.cc(383): warning C4267: 'initializing' : conversion from 'size_t' to 'int', possible loss of data
..\..\..\..\..\..\awd-sdk\cpp-libawd\src\elements\TimeLineFrame.cc(485): warning C4267: '+=' : conversion from 'size_t' to 'int', possible loss of data
..\..\..\..\..\..\awd-sdk\cpp-libawd\src\elements\TimeLineFrame.cc(492): warning C4267: '+=' : conversion from 'size_t' to 'int', possible loss of data
..\..\..\..\..\..\awd-sdk\cpp-libawd\src\files\FileWriter.cc(89): warning C4267: 'argument' : conversion from 'size_t' to 'AWD::TYPES::UINT32', possible loss of data
..\..\..\..\..\..\awd-sdk\cpp-libawd\src\files\FileWriter.cc(90): warning C4267: 'argument' : conversion from 'size_t' to 'int', possible loss of data
..\..\..\..\..\..\awd-sdk\cpp-libawd\src\files\FileWriter.cc(93): warning C4267: 'argument' : conversion from 'size_t' to 'AWD::TYPES::UINT32', possible loss of data
..\..\..\..\..\..\awd-sdk\cpp-libawd\src\files\FileWriter.cc(94): warning C4267: 'argument' : conversion from 'size_t' to 'int', possible loss of data
..\..\..\..\..\..\awd-sdk\cpp-libawd\src\files\FileWriter.cc(97): warning C4267: 'argument' : conversion from 'size_t' to 'AWD::TYPES::UINT32', possible loss of data
..\..\..\..\..\..\awd-sdk\cpp-libawd\src\files\FileWriter.cc(98): warning C4267: 'argument' : conversion from 'size_t' to 'int', possible loss of data
..\..\..\..\..\..\awd-sdk\cpp-libawd\src\utils\geomutil\geomutil.cc(59): warning C4244: 'argument' : conversion from 'AWD::TYPES::F64' to 'AWD::TYPES::F32', possible loss of data
..\..\..\..\..\..\awd-sdk\cpp-libawd\src\utils\geomutil\geomutil.cc(60): warning C4244: 'argument' : conversion from 'AWD::TYPES::F64' to 'AWD::TYPES::F32', possible loss of data
..\..\..\..\..\..\awd-sdk\cpp-libawd\src\utils\geomutil\geomutil.cc(64): warning C4244: 'argument' : conversion from 'AWD::TYPES::F64' to 'AWD::TYPES::F32', possible loss of data
..\..\..\..\..\..\awd-sdk\cpp-libawd\src\utils\geomutil\geomutil.cc(65): warning C4244: 'argument' : conversion from 'AWD::TYPES::F64' to 'AWD::TYPES::F32', possible loss of data
..\..\..\..\..\..\awd-sdk\cpp-libawd\src\utils\geomutil\geomutil.cc(66): warning C4244: 'argument' : conversion from 'AWD::TYPES::F64' to 'AWD::TYPES::F32', possible loss of data
..\..\..\..\..\..\awd-sdk\cpp-libawd\src\utils\geomutil\geomutil.cc(67): warning C4244: 'argument' : conversion from 'AWD::TYPES::F64' to 'AWD::TYPES::F32', possible loss of data
..\..\..\..\..\..\awd-sdk\cpp-libawd\src\utils\geomutil\geomutil.cc(71): warning C4244: 'argument' : conversion from 'AWD::TYPES::F64' to 'AWD::TYPES::INT8', possible loss of data
..\..\..\..\..\..\awd-sdk\cpp-libawd\src\utils\geomutil\geomutil.cc(72): warning C4244: 'argument' : conversion from 'AWD::TYPES::F64' to 'AWD::TYPES::INT8', possible loss of data
..\..\..\..\..\..\awd-sdk\cpp-libawd\src\utils\geomutil\geomutil.cc(73): warning C4244: 'argument' : conversion from 'AWD::TYPES::F64' to 'AWD::TYPES::INT8', possible loss of data
..\..\..\..\..\..\awd-sdk\cpp-libawd\src\utils\geomutil\geomutil.cc(77): warning C4244: 'argument' : conversion from 'AWD::TYPES::F64' to 'AWD::TYPES::F32', possible loss of data
..\..\..\..\..\..\awd-sdk\cpp-libawd\src\utils\geomutil\geomutil.cc(78): warning C4244: 'argument' : conversion from 'AWD::TYPES::F64' to 'AWD::TYPES::F32', possible loss of data
..\..\..\..\..\..\awd-sdk\cpp-libawd\src\utils\geomutil\geomutil.cc(79): warning C4244: 'argument' : conversion from 'AWD::TYPES::F64' to 'AWD::TYPES::F32', possible loss of data
..\..\..\..\..\..\awd-sdk\cpp-libawd\src\utils\geomutil\geomutil.cc(83): warning C4244: 'argument' : conversion from 'AWD::TYPES::F64' to 'AWD::TYPES::F32', possible loss of data
..\..\..\..\..\..\awd-sdk\cpp-libawd\src\utils\geomutil\geomutil.cc(84): warning C4244: 'argument' : conversion from 'AWD::TYPES::F64' to 'AWD::TYPES::F32', possible loss of data
..\..\..\..\..\..\awd-sdk\cpp-libawd\src\utils\geomutil\geomutil.cc(110): warning C4244: '=' : conversion from 'AWD::TYPES::F64' to 'AWD::TYPES::F32', possible loss of data
..\..\..\..\..\..\awd-sdk\cpp-libawd\src\utils\geomutil\geomutil.cc(111): warning C4244: '=' : conversion from 'AWD::TYPES::F64' to 'AWD::TYPES::F32', possible loss of data
..\..\..\..\..\..\awd-sdk\cpp-libawd\src\utils\geomutil\geomutil.cc(115): warning C4244: '=' : conversion from 'AWD::TYPES::F64' to 'AWD::TYPES::F32', possible loss of data
..\..\..\..\..\..\awd-sdk\cpp-libawd\src\utils\geomutil\geomutil.cc(116): warning C4244: '=' : conversion from 'AWD::TYPES::F64' to 'AWD::TYPES::F32', possible loss of data
..\..\..\..\..\..\awd-sdk\cpp-libawd\src\utils\geomutil\geomutil.cc(117): warning C4244: '=' : conversion from 'AWD::TYPES::F64' to 'AWD::TYPES::F32', possible loss of data
..\..\..\..\..\..\awd-sdk\cpp-libawd\src\utils\geomutil\geomutil.cc(118): warning C4244: '=' : conversion from 'AWD::TYPES::F64' to 'AWD::TYPES::F32', possible loss of data
..\..\..\..\..\..\awd-sdk\cpp-libawd\src\utils\geomutil\geomutil.cc(122): warning C4244: '=' : conversion from 'AWD::TYPES::F64' to 'AWD::TYPES::F32', possible loss of data
..\..\..\..\..\..\awd-sdk\cpp-libawd\src\utils\geomutil\geomutil.cc(123): warning C4244: '=' : conversion from 'AWD::TYPES::F64' to 'AWD::TYPES::F32', possible loss of data
..\..\..\..\..\..\awd-sdk\cpp-libawd\src\utils\geomutil\geomutil.cc(127): warning C4244: '=' : conversion from 'AWD::TYPES::F64' to 'AWD::TYPES::F32', possible loss of data
..\..\..\..\..\..\awd-sdk\cpp-libawd\src\utils\geomutil\geomutil.cc(128): warning C4244: '=' : conversion from 'AWD::TYPES::F64' to 'AWD::TYPES::F32', possible loss of data
..\..\..\..\..\..\awd-sdk\cpp-libawd\src\utils\geomutil\geomutil.cc(129): warning C4244: '=' : conversion from 'AWD::TYPES::F64' to 'AWD::TYPES::F32', possible loss of data
..\..\..\..\..\..\awd-sdk\cpp-libawd\src\utils\geomutil\geomutil.cc(133): warning C4244: '=' : conversion from 'AWD::TYPES::F64' to 'AWD::TYPES::F32', possible loss of data
..\..\..\..\..\..\awd-sdk\cpp-libawd\src\utils\geomutil\geomutil.cc(134): warning C4244: '=' : conversion from 'AWD::TYPES::F64' to 'AWD::TYPES::F32', possible loss of data
..\..\..\..\..\..\awd-sdk\cpp-libawd\src\utils\geomutil\geomutil.cc(135): warning C4244: '=' : conversion from 'AWD::TYPES::F64' to 'AWD::TYPES::F32', possible loss of data
..\..\..\..\..\..\awd-sdk\cpp-libawd\src\utils\geomutil\geomutil.cc(240): warning C4267: '+=' : conversion from 'size_t' to 'int', possible loss of data
..\..\..\..\..\..\awd-sdk\cpp-libawd\src\utils\geomutil\geomutil.cc(352): warning C4267: '=' : conversion from 'size_t' to 'int', possible loss of data
..\..\..\..\..\..\awd-sdk\cpp-libawd\src\files\AWDFile.cc(266): warning C4267: '+=' : conversion from 'size_t' to 'int', possible loss of data
  Settings.cc
  texture_atlas_util.cc
..\..\..\..\..\..\awd-sdk\cpp-libawd\src\utils\geomutil\geomutilShapes.cc(342): warning C4267: 'argument' : conversion from 'size_t' to 'udword', possible loss of data
..\..\..\..\..\..\awd-sdk\cpp-libawd\src\utils\geomutil\geomutil_helper.cc(46): warning C4244: 'argument' : conversion from 'AWD::TYPES::F64' to 'float', possible loss of data
..\..\..\..\..\..\awd-sdk\cpp-libawd\src\utils\geomutil\geomutil_helper.cc(47): warning C4244: 'argument' : conversion from 'AWD::TYPES::F64' to 'float', possible loss of data
..\..\..\..\..\..\awd-sdk\cpp-libawd\src\utils\geomutil\geomutil_helper.cc(48): warning C4244: 'argument' : conversion from 'AWD::TYPES::F64' to 'float', possible loss of data
..\..\..\..\..\..\awd-sdk\cpp-libawd\src\utils\geomutil\geomutilShapes.cc(432): warning C4244: 'argument' : conversion from 'AWD::TYPES::F64' to 'float', possible loss of data
..\..\..\..\..\..\awd-sdk\cpp-libawd\src\utils\geomutil\geomutilShapes.cc(511): warning C4267: '+=' : conversion from 'size_t' to 'int', possible loss of data
..\..\..\..\..\..\awd-sdk\cpp-libawd\src\utils\geomutil\geomutilShapes.cc(516): warning C4267: '+=' : conversion from 'size_t' to 'int', possible loss of data
..\..\..\..\..\..\awd-sdk\cpp-libawd\src\utils\geomutil\geomutilShapes.cc(715): warning C4244: '=' : conversion from 'AWD::TYPES::F64' to 'TESSreal', possible loss of data
..\..\..\..\..\..\awd-sdk\cpp-libawd\src\utils\geomutil\geomutilShapes.cc(716): warning C4244: '=' : conversion from 'AWD::TYPES::F64' to 'TESSreal', possible loss of data
..\..\..\..\..\..\awd-sdk\cpp-libawd\src\utils\geomutil\geomutilShapes.cc(719): warning C4244: '=' : conversion from 'AWD::TYPES::F64' to 'TESSreal', possible loss of data
..\..\..\..\..\..\awd-sdk\cpp-libawd\src\utils\geomutil\geomutilShapes.cc(720): warning C4244: '=' : conversion from 'AWD::TYPES::F64' to 'TESSreal', possible loss of data
  util.cc
  xmlParser.cpp
  AWDTimelineWriter.cpp
..\..\..\..\..\..\awd-sdk\cpp-libawd\src\utils\texture_atlas_util.cc(68): warning C4244: '=' : conversion from 'double' to 'float', possible loss of data
..\..\..\..\..\..\awd-sdk\cpp-libawd\src\utils\texture_atlas_util.cc(69): warning C4244: '=' : conversion from 'double' to 'float', possible loss of data
..\..\..\..\..\..\awd-sdk\cpp-libawd\src\utils\texture_atlas_util.cc(154): warning C4244: '=' : conversion from 'float' to 'int', possible loss of data
..\..\..\..\..\..\awd-sdk\cpp-libawd\src\utils\texture_atlas_util.cc(196): warning C4244: '=' : conversion from 'int' to 'float', possible loss of data
..\..\..\..\..\..\awd-sdk\cpp-libawd\src\utils\texture_atlas_util.cc(197): warning C4244: '=' : conversion from 'int' to 'float', possible loss of data
..\..\..\..\..\..\awd-sdk\cpp-libawd\src\utils\texture_atlas_util.cc(198): warning C4244: '=' : conversion from 'int' to 'float', possible loss of data
..\..\..\..\..\..\awd-sdk\cpp-libawd\src\utils\texture_atlas_util.cc(199): warning C4244: '=' : conversion from 'int' to 'float', possible loss of data
  RessourcePalette.cpp
..\..\..\..\..\..\awd-sdk\cpp-libawd\src\utils\texture_atlas_util.cc(398): warning C4244: 'initializing' : conversion from 'double' to 'int', possible loss of data
..\..\..\..\..\..\awd-sdk\cpp-libawd\src\utils\texture_atlas_util.cc(417): warning C4244: '=' : conversion from 'AWD::TYPES::F64' to 'unsigned char', possible loss of data
..\..\..\..\..\..\awd-sdk\cpp-libawd\src\utils\texture_atlas_util.cc(418): warning C4244: '=' : conversion from 'AWD::TYPES::F64' to 'unsigned char', possible loss of data
..\..\..\..\..\..\awd-sdk\cpp-libawd\src\utils\texture_atlas_util.cc(419): warning C4244: '=' : conversion from 'AWD::TYPES::F64' to 'unsigned char', possible loss of data
..\..\..\..\..\..\awd-sdk\cpp-libawd\src\utils\texture_atlas_util.cc(420): warning C4244: '=' : conversion from 'AWD::TYPES::F64' to 'unsigned char', possible loss of data
..\..\..\..\..\..\awd-sdk\cpp-libawd\src\utils\texture_atlas_util.cc(507): warning C4244: 'initializing' : conversion from 'double' to 'int', possible loss of data
..\..\..\..\..\..\awd-sdk\cpp-libawd\src\utils\texture_atlas_util.cc(526): warning C4244: '=' : conversion from 'AWD::TYPES::F64' to 'unsigned char', possible loss of data
..\..\..\..\..\..\awd-sdk\cpp-libawd\src\utils\texture_atlas_util.cc(527): warning C4244: '=' : conversion from 'AWD::TYPES::F64' to 'unsigned char', possible loss of data
..\..\..\..\..\..\awd-sdk\cpp-libawd\src\utils\texture_atlas_util.cc(528): warning C4244: '=' : conversion from 'AWD::TYPES::F64' to 'unsigned char', possible loss of data
..\..\..\..\..\..\awd-sdk\cpp-libawd\src\utils\texture_atlas_util.cc(529): warning C4244: '=' : conversion from 'AWD::TYPES::F64' to 'unsigned char', possible loss of data
  TimeLineBuilder.cpp
  AnimateToAWDEncoder_textfields.cpp
..\..\..\..\..\..\awd-sdk\cpp-libawd\src\utils\util.cc(697): warning C4996: 'mkdir': The POSIX name for this item is deprecated. Instead, use the ISO C++ conformant name: _mkdir. See online help for details.
          C:\Program Files (x86)\visual2012\VC\include\direct.h(140) : see declaration of 'mkdir'
  AnimateXMLToAWD.cpp
  DocType.cpp
..\..\src\adobe_frame_commands\AWDTimelineWriter.cpp(378): warning C4800: 'FCM::Boolean' : forcing value to bool 'true' or 'false' (performance warning)
  AnimateToAWDEncoder.cpp
  AnimateToAWDEncoder_mediaItems.cpp
  AnimateToAWDEncoder_fills.cpp
..\..\src\AnimateToAWDEncoder_textfields.cpp(134): warning C4800: 'FCM::Boolean' : forcing value to bool 'true' or 'false' (performance warning)
..\..\src\AnimateToAWDEncoder_textfields.cpp(165): warning C4800: 'FCM::Boolean' : forcing value to bool 'true' or 'false' (performance warning)
..\..\src\AnimateToAWDEncoder_textfields.cpp(169): warning C4800: 'FCM::Boolean' : forcing value to bool 'true' or 'false' (performance warning)
..\..\src\AnimateToAWDEncoder_textfields.cpp(173): warning C4800: 'FCM::Boolean' : forcing value to bool 'true' or 'false' (performance warning)
..\..\src\AnimateToAWDEncoder_textfields.cpp(191): warning C4018: '<' : signed/unsigned mismatch
..\..\src\AnimateToAWDEncoder_textfields.cpp(226): warning C4018: '<' : signed/unsigned mismatch
..\..\src\AnimateToAWDEncoder_textfields.cpp(306): warning C4244: 'argument' : conversion from 'double' to 'AWD::TYPES::F32', possible loss of data
..\..\src\AnimateToAWDEncoder_textfields.cpp(315): warning C4800: 'FCM::Boolean' : forcing value to bool 'true' or 'false' (performance warning)
..\..\src\AnimateToAWDEncoder_textfields.cpp(316): warning C4800: 'FCM::Boolean' : forcing value to bool 'true' or 'false' (performance warning)
  AnimateToAWDEncoder_fonts.cpp
  AnimateToAWDEncoder_shapes.cpp
..\..\src\AnimateXMLToAWD.cpp(75): warning C4005: '_CRT_SECURE_NO_DEPRECATE' : macro redefinition
          command-line arguments :  see previous definition of '_CRT_SECURE_NO_DEPRECATE'
..\..\src\AnimateXMLToAWD.cpp(116): warning C4018: '<' : signed/unsigned mismatch
  Main.cpp
  MyXmlParser.cpp
  Publisher.cpp
..\..\src\AnimateToAWDEncoder_fills.cpp(153): warning C4244: 'argument' : conversion from 'double' to 'AWD::TYPES::F32', possible loss of data
  PublisherUtils.cpp
..\..\src\AnimateToAWDEncoder_fonts.cpp(209): warning C4244: 'argument' : conversion from 'FCM::Double' to 'int', possible loss of data
..\..\src\AnimateToAWDEncoder_fonts.cpp(385): warning C4244: 'argument' : conversion from 'FCM::Double' to 'int', possible loss of data
..\..\src\AnimateToAWDEncoder_fonts.cpp(405): warning C4244: 'argument' : conversion from 'FCM::U_Int16' to 'char', possible loss of data
  Utils.cpp
..\..\src\PublisherUtils.cpp(121): warning C4800: 'double' : forcing value to bool 'true' or 'false' (performance warning)
..\..\src\PublisherUtils.cpp(129): warning C4800: 'int' : forcing value to bool 'true' or 'false' (performance warning)
..\..\src\PublisherUtils.cpp(676): warning C4244: 'argument' : conversion from 'FCM::Double' to 'int', possible loss of data
..\..\obj\win\release\64\Main.obj : warning LNK4042: object specified more than once; extras ignored
     Creating library C:\Program Files (x86)\Common Files\Adobe\CEP\extensions\com.away.AwayExtensionsAnimateCC\plugin\lib\win\AwayExtensionsAnimateCC.lib and object C:\Program Files (x86)\Common Files\Adobe\CEP\extensions\com.away.AwayExtensionsAnimateCC\plugin\lib\win\AwayExtensionsAnimateCC.exp
  AwayExtensionsAnimateCC.vcxproj -> C:\Program Files (x86)\Common Files\Adobe\CEP\extensions\com.away.AwayExtensionsAnimateCC\plugin\lib\win\AwayExtensionsAnimateCC.fcm
